Mplus VERSION 8.4
MUTHEN & MUTHEN
05/12/2021   9:52 AM

INPUT INSTRUCTIONS

  TITLE: Sexual Harassment LGM Cluster Robust

  DATA: FILE = mpluswide.csv;

  VARIABLE:
  NAMES = subjno School Gender Female Race Race4
  Black Hispanic White OtherR SchBel
  Age Grades FamCon Abuse SibAgg
  del_w1 del_w2 del_w3 del_w4
  dep_w1 dep_w2 dep_w3 dep_w4
  emp_w1 emp_w2 emp_w3 emp_w4
  schb_w1 schb_w2 schb_w3 schb_w4
  sh_w1 sh_w2 sh_w3 sh_w4;

  USEVARIABLES = sh_w1-sh_w4;
  IDVARIABLE = subjno;
  CLUSTER = School;

  MISSING = ALL (-999);

  ANALYSIS:
  TYPE = COMPLEX;

  MODEL:
  i s | sh_w1@0 sh_w2@.5 sh_w3@1.5 sh_w4@2.5;

  OUTPUT:
  STANDARDIZED TECH1 TECH4;



*** WARNING
  Data set contains cases with missing on all variables.
  These cases were not included in the analysis.
  Number of cases with missing on all variables:  1
   1 WARNING(S) FOUND IN THE INPUT INSTRUCTIONS



Sexual Harassment LGM Cluster Robust

SUMMARY OF ANALYSIS

Number of groups                                                 1
Number of observations                                        1563

Number of dependent variables                                    4
Number of independent variables                                  0
Number of continuous latent variables                            2

Observed dependent variables

  Continuous
   SH_W1       SH_W2       SH_W3       SH_W4

Continuous latent variables
   I           S

Variables with special functions

  Cluster variable      SCHOOL
  ID variable           SUBJNO

Estimator                                                      MLR
Information matrix                                        OBSERVED
Maximum number of iterations                                  1000
Convergence criterion                                    0.500D-04
Maximum number of steepest descent iterations                   20
Maximum number of iterations for H1                           2000
Convergence criterion for H1                             0.100D-03

Input data file(s)
  mpluswide.csv

Input data format  FREE


SUMMARY OF DATA

     Number of missing data patterns            14
     Number of clusters                         18



COVARIANCE COVERAGE OF DATA

Minimum covariance coverage value   0.100


     PROPORTION OF DATA PRESENT


           Covariance Coverage
              SH_W1         SH_W2         SH_W3         SH_W4
              ________      ________      ________      ________
 SH_W1          0.991
 SH_W2          0.912         0.919
 SH_W3          0.740         0.690         0.747
 SH_W4          0.635         0.587         0.569         0.640



UNIVARIATE SAMPLE STATISTICS


     UNIVARIATE HIGHER-ORDER MOMENT DESCRIPTIVE STATISTICS

         Variable/         Mean/     Skewness/   Minimum/ % with                Percentiles
        Sample Size      Variance    Kurtosis    Maximum  Min/Max      20%/60%    40%/80%    Median

     SH_W1                 0.226       4.251       0.000   87.35%       0.000      0.000      0.000
            1549.000       0.524      21.345       6.000    0.26%       0.000      0.000
     SH_W2                 0.269       3.512       0.000   83.79%       0.000      0.000      0.000
            1437.000       0.539      14.397       6.000    0.14%       0.000      0.000
     SH_W3                 0.347       3.191       0.000   80.55%       0.000      0.000      0.000
            1167.000       0.742      11.676       6.000    0.26%       0.000      0.000
     SH_W4                 0.373       3.393       0.000   78.72%       0.000      0.000      0.000
            1001.000       0.841      13.303       6.000    0.60%       0.000      1.000


THE MODEL ESTIMATION TERMINATED NORMALLY



MODEL FIT INFORMATION

Number of Free Parameters                        9

Loglikelihood

          H0 Value                       -5796.674
          H0 Scaling Correction Factor      7.0504
            for MLR
          H1 Value                       -5790.786
          H1 Scaling Correction Factor      5.5415
            for MLR

Information Criteria

          Akaike (AIC)                   11611.348
          Bayesian (BIC)                 11659.537
          Sample-Size Adjusted BIC       11630.946
            (n* = (n + 2) / 24)

Chi-Square Test of Model Fit

          Value                              4.168*
          Degrees of Freedom                     5
          P-Value                           0.5255
          Scaling Correction Factor         2.8256
            for MLR

*   The chi-square value for MLM, MLMV, MLR, ULSMV, WLSM and WLSMV cannot be used
    for chi-square difference testing in the regular way.  MLM, MLR and WLSM
    chi-square difference testing is described on the Mplus website.  MLMV, WLSMV,
    and ULSMV difference testing is done using the DIFFTEST option.

RMSEA (Root Mean Square Error Of Approximation)

          Estimate                           0.000
          90 Percent C.I.                    0.000  0.032
          Probability RMSEA <= .05           0.999

CFI/TLI

          CFI                                1.000
          TLI                                1.000

Chi-Square Test of Model Fit for the Baseline Model

          Value                            135.427
          Degrees of Freedom                     6
          P-Value                           0.0000

SRMR (Standardized Root Mean Square Residual)

          Value                              0.024



MODEL RESULTS

                                                    Two-Tailed
                    Estimate       S.E.  Est./S.E.    P-Value

 I        |
    SH_W1              1.000      0.000    999.000    999.000
    SH_W2              1.000      0.000    999.000    999.000
    SH_W3              1.000      0.000    999.000    999.000
    SH_W4              1.000      0.000    999.000    999.000

 S        |
    SH_W1              0.000      0.000    999.000    999.000
    SH_W2              0.500      0.000    999.000    999.000
    SH_W3              1.500      0.000    999.000    999.000
    SH_W4              2.500      0.000    999.000    999.000

 S        WITH
    I                 -0.011      0.023     -0.463      0.643

 Means
    I                  0.233      0.026      8.992      0.000
    S                  0.071      0.020      3.490      0.000

 Intercepts
    SH_W1              0.000      0.000    999.000    999.000
    SH_W2              0.000      0.000    999.000    999.000
    SH_W3              0.000      0.000    999.000    999.000
    SH_W4              0.000      0.000    999.000    999.000

 Variances
    I                  0.210      0.043      4.855      0.000
    S                  0.049      0.022      2.256      0.024

 Residual Variances
    SH_W1              0.322      0.061      5.297      0.000
    SH_W2              0.329      0.039      8.419      0.000
    SH_W3              0.444      0.051      8.777      0.000
    SH_W4              0.421      0.123      3.423      0.001


STANDARDIZED MODEL RESULTS


STDYX Standardization

                                                    Two-Tailed
                    Estimate       S.E.  Est./S.E.    P-Value

 I        |
    SH_W1              0.628      0.045     13.807      0.000
    SH_W2              0.623      0.050     12.498      0.000
    SH_W3              0.535      0.063      8.468      0.000
    SH_W4              0.487      0.067      7.227      0.000

 S        |
    SH_W1              0.000      0.000    999.000    999.000
    SH_W2              0.151      0.032      4.693      0.000
    SH_W3              0.388      0.087      4.441      0.000
    SH_W4              0.589      0.123      4.786      0.000

 S        WITH
    I                 -0.106      0.202     -0.524      0.600

 Means
    I                  0.509      0.033     15.443      0.000
    S                  0.322      0.121      2.660      0.008

 Intercepts
    SH_W1              0.000      0.000    999.000    999.000
    SH_W2              0.000      0.000    999.000    999.000
    SH_W3              0.000      0.000    999.000    999.000
    SH_W4              0.000      0.000    999.000    999.000

 Variances
    I                  1.000      0.000    999.000    999.000
    S                  1.000      0.000    999.000    999.000

 Residual Variances
    SH_W1              0.606      0.057     10.599      0.000
    SH_W2              0.609      0.036     16.985      0.000
    SH_W3              0.607      0.043     14.190      0.000
    SH_W4              0.477      0.093      5.140      0.000


STDY Standardization

                                                    Two-Tailed
                    Estimate       S.E.  Est./S.E.    P-Value

 I        |
    SH_W1              0.628      0.045     13.807      0.000
    SH_W2              0.623      0.050     12.498      0.000
    SH_W3              0.535      0.063      8.468      0.000
    SH_W4              0.487      0.067      7.227      0.000

 S        |
    SH_W1              0.000      0.000    999.000    999.000
    SH_W2              0.151      0.032      4.693      0.000
    SH_W3              0.388      0.087      4.441      0.000
    SH_W4              0.589      0.123      4.786      0.000

 S        WITH
    I                 -0.106      0.202     -0.524      0.600

 Means
    I                  0.509      0.033     15.443      0.000
    S                  0.322      0.121      2.660      0.008

 Intercepts
    SH_W1              0.000      0.000    999.000    999.000
    SH_W2              0.000      0.000    999.000    999.000
    SH_W3              0.000      0.000    999.000    999.000
    SH_W4              0.000      0.000    999.000    999.000

 Variances
    I                  1.000      0.000    999.000    999.000
    S                  1.000      0.000    999.000    999.000

 Residual Variances
    SH_W1              0.606      0.057     10.599      0.000
    SH_W2              0.609      0.036     16.985      0.000
    SH_W3              0.607      0.043     14.190      0.000
    SH_W4              0.477      0.093      5.140      0.000


STD Standardization

                                                    Two-Tailed
                    Estimate       S.E.  Est./S.E.    P-Value

 I        |
    SH_W1              0.458      0.047      9.711      0.000
    SH_W2              0.458      0.047      9.711      0.000
    SH_W3              0.458      0.047      9.711      0.000
    SH_W4              0.458      0.047      9.711      0.000

 S        |
    SH_W1              0.000      0.000    999.000    999.000
    SH_W2              0.111      0.025      4.513      0.000
    SH_W3              0.332      0.074      4.513      0.000
    SH_W4              0.553      0.123      4.513      0.000

 S        WITH
    I                 -0.106      0.202     -0.524      0.600

 Means
    I                  0.509      0.033     15.443      0.000
    S                  0.322      0.121      2.660      0.008

 Intercepts
    SH_W1              0.000      0.000    999.000    999.000
    SH_W2              0.000      0.000    999.000    999.000
    SH_W3              0.000      0.000    999.000    999.000
    SH_W4              0.000      0.000    999.000    999.000

 Variances
    I                  1.000      0.000    999.000    999.000
    S                  1.000      0.000    999.000    999.000

 Residual Variances
    SH_W1              0.322      0.061      5.297      0.000
    SH_W2              0.329      0.039      8.419      0.000
    SH_W3              0.444      0.051      8.777      0.000
    SH_W4              0.421      0.123      3.423      0.001


R-SQUARE

    Observed                                        Two-Tailed
    Variable        Estimate       S.E.  Est./S.E.    P-Value

    SH_W1              0.394      0.057      6.903      0.000
    SH_W2              0.391      0.036     10.908      0.000
    SH_W3              0.393      0.043      9.182      0.000
    SH_W4              0.523      0.093      5.644      0.000


QUALITY OF NUMERICAL RESULTS

     Condition Number for the Information Matrix              0.958E-02
       (ratio of smallest to largest eigenvalue)


TECHNICAL 1 OUTPUT


     PARAMETER SPECIFICATION


           NU
              SH_W1         SH_W2         SH_W3         SH_W4
              ________      ________      ________      ________
                  0             0             0             0


           LAMBDA
              I             S
              ________      ________
 SH_W1              0             0
 SH_W2              0             0
 SH_W3              0             0
 SH_W4              0             0


           THETA
              SH_W1         SH_W2         SH_W3         SH_W4
              ________      ________      ________      ________
 SH_W1              1
 SH_W2              0             2
 SH_W3              0             0             3
 SH_W4              0             0             0             4


           ALPHA
              I             S
              ________      ________
                  5             6


           BETA
              I             S
              ________      ________
 I                  0             0
 S                  0             0


           PSI
              I             S
              ________      ________
 I                  7
 S                  8             9


     STARTING VALUES


           NU
              SH_W1         SH_W2         SH_W3         SH_W4
              ________      ________      ________      ________
                0.000         0.000         0.000         0.000


           LAMBDA
              I             S
              ________      ________
 SH_W1          1.000         0.000
 SH_W2          1.000         0.500
 SH_W3          1.000         1.500
 SH_W4          1.000         2.500


           THETA
              SH_W1         SH_W2         SH_W3         SH_W4
              ________      ________      ________      ________
 SH_W1          0.262
 SH_W2          0.000         0.269
 SH_W3          0.000         0.000         0.371
 SH_W4          0.000         0.000         0.000         0.421


           ALPHA
              I             S
              ________      ________
                0.235         0.068


           BETA
              I             S
              ________      ________
 I              0.000         0.000
 S              0.000         0.000


           PSI
              I             S
              ________      ________
 I              0.467
 S              0.000         0.537


TECHNICAL 4 OUTPUT


     ESTIMATES DERIVED FROM THE MODEL


           ESTIMATED MEANS FOR THE LATENT VARIABLES
              I             S
              ________      ________
                0.233         0.071


           S.E. FOR ESTIMATED MEANS FOR THE LATENT VARIABLES
              I             S
              ________      ________
                0.026         0.020


           EST./S.E. FOR ESTIMATED MEANS FOR THE LATENT VARIABLES
              I             S
              ________      ________
                8.992         3.490


           TWO-TAILED P-VALUE FOR ESTIMATED MEANS FOR THE LATENT VARIABLES
              I             S
              ________      ________
                0.000         0.000


           ESTIMATED COVARIANCE MATRIX FOR THE LATENT VARIABLES
              I             S
              ________      ________
 I              0.210
 S             -0.011         0.049


           S.E. FOR ESTIMATED COVARIANCE MATRIX FOR THE LATENT VARIABLES
              I             S
              ________      ________
 I              0.043
 S              0.023         0.022


           EST./S.E. FOR ESTIMATED COVARIANCE MATRIX FOR THE LATENT VARIABLES
              I             S
              ________      ________
 I              4.855
 S             -0.463         2.256


           TWO-TAILED P-VALUE FOR ESTIMATED COVARIANCE MATRIX FOR THE LATENT VARIABLES
              I             S
              ________      ________
 I              0.000
 S              0.643         0.024


           ESTIMATED CORRELATION MATRIX FOR THE LATENT VARIABLES
              I             S
              ________      ________
 I              1.000
 S             -0.106         1.000


           S.E. FOR ESTIMATED CORRELATION MATRIX FOR THE LATENT VARIABLES
              I             S
              ________      ________
 I              0.000
 S              0.202         0.000


           EST./S.E. FOR ESTIMATED CORRELATION MATRIX FOR THE LATENT VARIABLES
              I             S
              ________      ________
 I            999.000
 S             -0.524       999.000


           TWO-TAILED P-VALUE FOR ESTIMATED CORRELATION MATRIX FOR THE LATENT VARIABLES
              I             S
              ________      ________
 I              0.000
 S              0.600         0.000


DIAGRAM INFORMATION

  Use View Diagram under the Diagram menu in the Mplus Editor to view the diagram.
  If running Mplus from the Mplus Diagrammer, the diagram opens automatically.

  Diagram output
    c:\users\kylenick\onedrive - university of north carolina at chapel hill\dorothy\ipa\paper_1_ace_sv\mplus files\late

     Beginning Time:  09:52:16
        Ending Time:  09:52:16
       Elapsed Time:  00:00:00



MUTHEN & MUTHEN
3463 Stoner Ave.
Los Angeles, CA  90066

Tel: (310) 391-9971
Fax: (310) 391-8971
Web: www.StatModel.com
Support: Support@StatModel.com

Copyright (c) 1998-2019 Muthen & Muthen
