Mplus VERSION 8.4
MUTHEN & MUTHEN
05/13/2021   5:50 AM

INPUT INSTRUCTIONS

  TITLE: Sexual Harassment LGM Multigroup-School Belonging Equal

  DATA: FILE = mpluswide.csv;

  VARIABLE:
  NAMES = subjno School Gender Female Race Race4
  Black Hispanic White OtherR SchBel
  Age Grades FamCon Abuse SibAgg
  del_w1 del_w2 del_w3 del_w4
  dep_w1 dep_w2 dep_w3 dep_w4
  emp_w1 emp_w2 emp_w3 emp_w4
  schb_w1 schb_w2 schb_w3 schb_w4
  sh_w1 sh_w2 sh_w3 sh_w4;

  USEVARIABLES = sh_w1-sh_w4;
  IDVARIABLE = subjno;
  CLUSTER = School;
  GROUPING = SchBel (0 = Moderate 1 = High);

  MISSING = ALL (-999);

  ANALYSIS:
  TYPE = COMPLEX;

  MODEL:
  i s | sh_w1@0 sh_w2@.5 sh_w3@1.5 sh_w4@2.5;
  [i] (1); [s] (2);
  i (3); s (4);
  sh_w1-sh_w4 (5-8);
  s WITH i (9);


  OUTPUT:
  STANDARDIZED CINTERVAL;

  !Need to calculate difference test by hand: https://statmodel.com/chidiff.shtml



*** WARNING
  Data set contains unknown or missing values for GROUPING,
  PATTERN, COHORT, CLUSTER and/or STRATIFICATION variables.
  Number of cases with unknown or missing values:  3
   1 WARNING(S) FOUND IN THE INPUT INSTRUCTIONS



Sexual Harassment LGM Multigroup-School Belonging Equal

SUMMARY OF ANALYSIS

Number of groups                                                 2
Number of observations
   Group MODERATE                                              629
   Group HIGH                                                  932
   Total sample size                                          1561

Number of dependent variables                                    4
Number of independent variables                                  0
Number of continuous latent variables                            2

Observed dependent variables

  Continuous
   SH_W1       SH_W2       SH_W3       SH_W4

Continuous latent variables
   I           S

Variables with special functions

  Grouping variable     SCHBEL
  Cluster variable      SCHOOL
  ID variable           SUBJNO

Estimator                                                      MLR
Information matrix                                        OBSERVED
Maximum number of iterations                                  1000
Convergence criterion                                    0.500D-04
Maximum number of steepest descent iterations                   20
Maximum number of iterations for H1                           2000
Convergence criterion for H1                             0.100D-03

Input data file(s)
  mpluswide.csv

Input data format  FREE


SUMMARY OF DATA

   Group MODERATE
     Number of missing data patterns            13
     Number of clusters                         18


   Group HIGH
     Number of missing data patterns            13
     Number of clusters                         18



COVARIANCE COVERAGE OF DATA

Minimum covariance coverage value   0.100


     PROPORTION OF DATA PRESENT FOR MODERATE


           Covariance Coverage
              SH_W1         SH_W2         SH_W3         SH_W4
              ________      ________      ________      ________
 SH_W1          0.989
 SH_W2          0.901         0.911
 SH_W3          0.692         0.639         0.700
 SH_W4          0.588         0.536         0.506         0.595


     PROPORTION OF DATA PRESENT FOR HIGH


           Covariance Coverage
              SH_W1         SH_W2         SH_W3         SH_W4
              ________      ________      ________      ________
 SH_W1          0.992
 SH_W2          0.920         0.926
 SH_W3          0.774         0.726         0.779
 SH_W4          0.668         0.623         0.613         0.673



UNIVARIATE SAMPLE STATISTICS


     UNIVARIATE HIGHER-ORDER MOMENT DESCRIPTIVE STATISTICS FOR MODERATE

         Variable/         Mean/     Skewness/   Minimum/ % with                Percentiles
        Sample Size      Variance    Kurtosis    Maximum  Min/Max      20%/60%    40%/80%    Median

     SH_W1                 0.342       3.491       0.000   81.67%       0.000      0.000      0.000
             622.000       0.810      14.097       6.000    0.64%       0.000      0.000
     SH_W2                 0.454       2.609       0.000   74.52%       0.000      0.000      0.000
             573.000       0.908       7.555       6.000    0.35%       0.000      1.000
     SH_W3                 0.545       2.291       0.000   71.82%       0.000      0.000      0.000
             440.000       1.134       5.279       6.000    0.23%       0.000      1.000
     SH_W4                 0.559       2.748       0.000   71.66%       0.000      0.000      0.000
             374.000       1.380       7.825       6.000    1.34%       0.000      1.000


     UNIVARIATE HIGHER-ORDER MOMENT DESCRIPTIVE STATISTICS FOR HIGH

         Variable/         Mean/     Skewness/   Minimum/ % with                Percentiles
        Sample Size      Variance    Kurtosis    Maximum  Min/Max      20%/60%    40%/80%    Median

     SH_W1                 0.148       4.870       0.000   91.14%       0.000      0.000      0.000
             925.000       0.316      27.347       5.000    0.22%       0.000      0.000
     SH_W2                 0.146       4.401       0.000   89.92%       0.000      0.000      0.000
             863.000       0.257      22.211       4.000    0.35%       0.000      0.000
     SH_W3                 0.227       4.251       0.000   85.81%       0.000      0.000      0.000
             726.000       0.468      22.904       6.000    0.28%       0.000      0.000
     SH_W4                 0.262       3.596       0.000   82.93%       0.000      0.000      0.000
             627.000       0.487      15.880       6.000    0.16%       0.000      0.000


THE MODEL ESTIMATION TERMINATED NORMALLY



MODEL FIT INFORMATION

Number of Free Parameters                        9

Loglikelihood

          H0 Value                       -5794.037
          H0 Scaling Correction Factor      7.0407
            for MLR
          H1 Value                       -5400.288
          H1 Scaling Correction Factor      4.8224
            for MLR

Information Criteria

          Akaike (AIC)                   11606.075
          Bayesian (BIC)                 11654.252
          Sample-Size Adjusted BIC       11625.661
            (n* = (n + 2) / 24)

Chi-Square Test of Model Fit

          Value                            208.793*
          Degrees of Freedom                    19
          P-Value                           0.0000
          Scaling Correction Factor         3.7717
            for MLR

Chi-Square Contribution From Each Group

          MODERATE                          85.933
          HIGH                             122.859

*   The chi-square value for MLM, MLMV, MLR, ULSMV, WLSM and WLSMV cannot be used
    for chi-square difference testing in the regular way.  MLM, MLR and WLSM
    chi-square difference testing is described on the Mplus website.  MLMV, WLSMV,
    and ULSMV difference testing is done using the DIFFTEST option.

RMSEA (Root Mean Square Error Of Approximation)

          Estimate                           0.113
          90 Percent C.I.                    0.100  0.127
          Probability RMSEA <= .05           0.000

CFI/TLI

          CFI                                0.000
          TLI                                0.232

Chi-Square Test of Model Fit for the Baseline Model

          Value                            168.068
          Degrees of Freedom                    12
          P-Value                           0.0000

SRMR (Standardized Root Mean Square Residual)

          Value                              0.360



MODEL RESULTS

                                                    Two-Tailed
                    Estimate       S.E.  Est./S.E.    P-Value

Group MODERATE

 I        |
    SH_W1              1.000      0.000    999.000    999.000
    SH_W2              1.000      0.000    999.000    999.000
    SH_W3              1.000      0.000    999.000    999.000
    SH_W4              1.000      0.000    999.000    999.000

 S        |
    SH_W1              0.000      0.000    999.000    999.000
    SH_W2              0.500      0.000    999.000    999.000
    SH_W3              1.500      0.000    999.000    999.000
    SH_W4              2.500      0.000    999.000    999.000

 S        WITH
    I                 -0.011      0.023     -0.463      0.643

 Means
    I                  0.233      0.026      9.016      0.000
    S                  0.071      0.020      3.486      0.000

 Intercepts
    SH_W1              0.000      0.000    999.000    999.000
    SH_W2              0.000      0.000    999.000    999.000
    SH_W3              0.000      0.000    999.000    999.000
    SH_W4              0.000      0.000    999.000    999.000

 Variances
    I                  0.210      0.043      4.860      0.000
    S                  0.049      0.022      2.257      0.024

 Residual Variances
    SH_W1              0.322      0.061      5.297      0.000
    SH_W2              0.329      0.039      8.429      0.000
    SH_W3              0.445      0.051      8.792      0.000
    SH_W4              0.421      0.123      3.427      0.001

Group HIGH

 I        |
    SH_W1              1.000      0.000    999.000    999.000
    SH_W2              1.000      0.000    999.000    999.000
    SH_W3              1.000      0.000    999.000    999.000
    SH_W4              1.000      0.000    999.000    999.000

 S        |
    SH_W1              0.000      0.000    999.000    999.000
    SH_W2              0.500      0.000    999.000    999.000
    SH_W3              1.500      0.000    999.000    999.000
    SH_W4              2.500      0.000    999.000    999.000

 S        WITH
    I                 -0.011      0.023     -0.463      0.643

 Means
    I                  0.233      0.026      9.016      0.000
    S                  0.071      0.020      3.486      0.000

 Intercepts
    SH_W1              0.000      0.000    999.000    999.000
    SH_W2              0.000      0.000    999.000    999.000
    SH_W3              0.000      0.000    999.000    999.000
    SH_W4              0.000      0.000    999.000    999.000

 Variances
    I                  0.210      0.043      4.860      0.000
    S                  0.049      0.022      2.257      0.024

 Residual Variances
    SH_W1              0.322      0.061      5.297      0.000
    SH_W2              0.329      0.039      8.429      0.000
    SH_W3              0.445      0.051      8.792      0.000
    SH_W4              0.421      0.123      3.427      0.001


STANDARDIZED MODEL RESULTS


STDYX Standardization

                                                    Two-Tailed
                    Estimate       S.E.  Est./S.E.    P-Value

Group MODERATE

 I        |
    SH_W1              0.628      0.045     13.807      0.000
    SH_W2              0.623      0.050     12.508      0.000
    SH_W3              0.535      0.063      8.469      0.000
    SH_W4              0.487      0.067      7.237      0.000

 S        |
    SH_W1              0.000      0.000    999.000    999.000
    SH_W2              0.151      0.032      4.694      0.000
    SH_W3              0.388      0.087      4.440      0.000
    SH_W4              0.589      0.123      4.791      0.000

 S        WITH
    I                 -0.106      0.202     -0.524      0.600

 Means
    I                  0.509      0.033     15.472      0.000
    S                  0.322      0.121      2.660      0.008

 Intercepts
    SH_W1              0.000      0.000    999.000    999.000
    SH_W2              0.000      0.000    999.000    999.000
    SH_W3              0.000      0.000    999.000    999.000
    SH_W4              0.000      0.000    999.000    999.000

 Variances
    I                  1.000      0.000    999.000    999.000
    S                  1.000      0.000    999.000    999.000

 Residual Variances
    SH_W1              0.606      0.057     10.602      0.000
    SH_W2              0.609      0.036     16.993      0.000
    SH_W3              0.607      0.043     14.189      0.000
    SH_W4              0.476      0.093      5.145      0.000

Group HIGH

 I        |
    SH_W1              0.628      0.045     13.807      0.000
    SH_W2              0.623      0.050     12.508      0.000
    SH_W3              0.535      0.063      8.469      0.000
    SH_W4              0.487      0.067      7.237      0.000

 S        |
    SH_W1              0.000      0.000    999.000    999.000
    SH_W2              0.151      0.032      4.694      0.000
    SH_W3              0.388      0.087      4.440      0.000
    SH_W4              0.589      0.123      4.791      0.000

 S        WITH
    I                 -0.106      0.202     -0.524      0.600

 Means
    I                  0.509      0.033     15.472      0.000
    S                  0.322      0.121      2.660      0.008

 Intercepts
    SH_W1              0.000      0.000    999.000    999.000
    SH_W2              0.000      0.000    999.000    999.000
    SH_W3              0.000      0.000    999.000    999.000
    SH_W4              0.000      0.000    999.000    999.000

 Variances
    I                  1.000      0.000    999.000    999.000
    S                  1.000      0.000    999.000    999.000

 Residual Variances
    SH_W1              0.606      0.057     10.602      0.000
    SH_W2              0.609      0.036     16.993      0.000
    SH_W3              0.607      0.043     14.189      0.000
    SH_W4              0.476      0.093      5.145      0.000


STDY Standardization

                                                    Two-Tailed
                    Estimate       S.E.  Est./S.E.    P-Value

Group MODERATE

 I        |
    SH_W1              0.628      0.045     13.807      0.000
    SH_W2              0.623      0.050     12.508      0.000
    SH_W3              0.535      0.063      8.469      0.000
    SH_W4              0.487      0.067      7.237      0.000

 S        |
    SH_W1              0.000      0.000    999.000    999.000
    SH_W2              0.151      0.032      4.694      0.000
    SH_W3              0.388      0.087      4.440      0.000
    SH_W4              0.589      0.123      4.791      0.000

 S        WITH
    I                 -0.106      0.202     -0.524      0.600

 Means
    I                  0.509      0.033     15.472      0.000
    S                  0.322      0.121      2.660      0.008

 Intercepts
    SH_W1              0.000      0.000    999.000    999.000
    SH_W2              0.000      0.000    999.000    999.000
    SH_W3              0.000      0.000    999.000    999.000
    SH_W4              0.000      0.000    999.000    999.000

 Variances
    I                  1.000      0.000    999.000    999.000
    S                  1.000      0.000    999.000    999.000

 Residual Variances
    SH_W1              0.606      0.057     10.602      0.000
    SH_W2              0.609      0.036     16.993      0.000
    SH_W3              0.607      0.043     14.189      0.000
    SH_W4              0.476      0.093      5.145      0.000

Group HIGH

 I        |
    SH_W1              0.628      0.045     13.807      0.000
    SH_W2              0.623      0.050     12.508      0.000
    SH_W3              0.535      0.063      8.469      0.000
    SH_W4              0.487      0.067      7.237      0.000

 S        |
    SH_W1              0.000      0.000    999.000    999.000
    SH_W2              0.151      0.032      4.694      0.000
    SH_W3              0.388      0.087      4.440      0.000
    SH_W4              0.589      0.123      4.791      0.000

 S        WITH
    I                 -0.106      0.202     -0.524      0.600

 Means
    I                  0.509      0.033     15.472      0.000
    S                  0.322      0.121      2.660      0.008

 Intercepts
    SH_W1              0.000      0.000    999.000    999.000
    SH_W2              0.000      0.000    999.000    999.000
    SH_W3              0.000      0.000    999.000    999.000
    SH_W4              0.000      0.000    999.000    999.000

 Variances
    I                  1.000      0.000    999.000    999.000
    S                  1.000      0.000    999.000    999.000

 Residual Variances
    SH_W1              0.606      0.057     10.602      0.000
    SH_W2              0.609      0.036     16.993      0.000
    SH_W3              0.607      0.043     14.189      0.000
    SH_W4              0.476      0.093      5.145      0.000


STD Standardization

                                                    Two-Tailed
                    Estimate       S.E.  Est./S.E.    P-Value

Group MODERATE

 I        |
    SH_W1              0.458      0.047      9.719      0.000
    SH_W2              0.458      0.047      9.719      0.000
    SH_W3              0.458      0.047      9.719      0.000
    SH_W4              0.458      0.047      9.719      0.000

 S        |
    SH_W1              0.000      0.000    999.000    999.000
    SH_W2              0.111      0.025      4.513      0.000
    SH_W3              0.332      0.074      4.513      0.000
    SH_W4              0.554      0.123      4.513      0.000

 S        WITH
    I                 -0.106      0.202     -0.524      0.600

 Means
    I                  0.509      0.033     15.472      0.000
    S                  0.322      0.121      2.660      0.008

 Intercepts
    SH_W1              0.000      0.000    999.000    999.000
    SH_W2              0.000      0.000    999.000    999.000
    SH_W3              0.000      0.000    999.000    999.000
    SH_W4              0.000      0.000    999.000    999.000

 Variances
    I                  1.000      0.000    999.000    999.000
    S                  1.000      0.000    999.000    999.000

 Residual Variances
    SH_W1              0.322      0.061      5.297      0.000
    SH_W2              0.329      0.039      8.429      0.000
    SH_W3              0.445      0.051      8.792      0.000
    SH_W4              0.421      0.123      3.427      0.001

Group HIGH

 I        |
    SH_W1              0.458      0.047      9.719      0.000
    SH_W2              0.458      0.047      9.719      0.000
    SH_W3              0.458      0.047      9.719      0.000
    SH_W4              0.458      0.047      9.719      0.000

 S        |
    SH_W1              0.000      0.000    999.000    999.000
    SH_W2              0.111      0.025      4.513      0.000
    SH_W3              0.332      0.074      4.513      0.000
    SH_W4              0.554      0.123      4.513      0.000

 S        WITH
    I                 -0.106      0.202     -0.524      0.600

 Means
    I                  0.509      0.033     15.472      0.000
    S                  0.322      0.121      2.660      0.008

 Intercepts
    SH_W1              0.000      0.000    999.000    999.000
    SH_W2              0.000      0.000    999.000    999.000
    SH_W3              0.000      0.000    999.000    999.000
    SH_W4              0.000      0.000    999.000    999.000

 Variances
    I                  1.000      0.000    999.000    999.000
    S                  1.000      0.000    999.000    999.000

 Residual Variances
    SH_W1              0.322      0.061      5.297      0.000
    SH_W2              0.329      0.039      8.429      0.000
    SH_W3              0.445      0.051      8.792      0.000
    SH_W4              0.421      0.123      3.427      0.001


R-SQUARE

Group MODERATE

    Observed                                        Two-Tailed
    Variable        Estimate       S.E.  Est./S.E.    P-Value

    SH_W1              0.394      0.057      6.903      0.000
    SH_W2              0.391      0.036     10.919      0.000
    SH_W3              0.393      0.043      9.183      0.000
    SH_W4              0.524      0.093      5.657      0.000

Group HIGH

    Observed                                        Two-Tailed
    Variable        Estimate       S.E.  Est./S.E.    P-Value

    SH_W1              0.394      0.057      6.903      0.000
    SH_W2              0.391      0.036     10.919      0.000
    SH_W3              0.393      0.043      9.183      0.000
    SH_W4              0.524      0.093      5.657      0.000


QUALITY OF NUMERICAL RESULTS

     Condition Number for the Information Matrix              0.959E-02
       (ratio of smallest to largest eigenvalue)


CONFIDENCE INTERVALS OF MODEL RESULTS

                  Lower .5%  Lower 2.5%    Lower 5%    Estimate    Upper 5%  Upper 2.5%   Upper .5%

Group MODERATE

 I        |
    SH_W1            1.000       1.000       1.000       1.000       1.000       1.000       1.000
    SH_W2            1.000       1.000       1.000       1.000       1.000       1.000       1.000
    SH_W3            1.000       1.000       1.000       1.000       1.000       1.000       1.000
    SH_W4            1.000       1.000       1.000       1.000       1.000       1.000       1.000

 S        |
    SH_W1            0.000       0.000       0.000       0.000       0.000       0.000       0.000
    SH_W2            0.500       0.500       0.500       0.500       0.500       0.500       0.500
    SH_W3            1.500       1.500       1.500       1.500       1.500       1.500       1.500
    SH_W4            2.500       2.500       2.500       2.500       2.500       2.500       2.500

 S        WITH
    I               -0.070      -0.056      -0.049      -0.011       0.027       0.035       0.049

 Means
    I                0.167       0.182       0.191       0.233       0.276       0.284       0.300
    S                0.019       0.031       0.038       0.071       0.105       0.111       0.124

 Intercepts
    SH_W1            0.000       0.000       0.000       0.000       0.000       0.000       0.000
    SH_W2            0.000       0.000       0.000       0.000       0.000       0.000       0.000
    SH_W3            0.000       0.000       0.000       0.000       0.000       0.000       0.000
    SH_W4            0.000       0.000       0.000       0.000       0.000       0.000       0.000

 Variances
    I                0.099       0.125       0.139       0.210       0.281       0.294       0.321
    S               -0.007       0.006       0.013       0.049       0.085       0.092       0.105

 Residual Variances
    SH_W1            0.165       0.203       0.222       0.322       0.422       0.441       0.479
    SH_W2            0.228       0.252       0.265       0.329       0.393       0.405       0.429
    SH_W3            0.314       0.346       0.362       0.445       0.528       0.544       0.575
    SH_W4            0.105       0.180       0.219       0.421       0.623       0.661       0.737

Group HIGH

 I        |
    SH_W1            1.000       1.000       1.000       1.000       1.000       1.000       1.000
    SH_W2            1.000       1.000       1.000       1.000       1.000       1.000       1.000
    SH_W3            1.000       1.000       1.000       1.000       1.000       1.000       1.000
    SH_W4            1.000       1.000       1.000       1.000       1.000       1.000       1.000

 S        |
    SH_W1            0.000       0.000       0.000       0.000       0.000       0.000       0.000
    SH_W2            0.500       0.500       0.500       0.500       0.500       0.500       0.500
    SH_W3            1.500       1.500       1.500       1.500       1.500       1.500       1.500
    SH_W4            2.500       2.500       2.500       2.500       2.500       2.500       2.500

 S        WITH
    I               -0.070      -0.056      -0.049      -0.011       0.027       0.035       0.049

 Means
    I                0.167       0.182       0.191       0.233       0.276       0.284       0.300
    S                0.019       0.031       0.038       0.071       0.105       0.111       0.124

 Intercepts
    SH_W1            0.000       0.000       0.000       0.000       0.000       0.000       0.000
    SH_W2            0.000       0.000       0.000       0.000       0.000       0.000       0.000
    SH_W3            0.000       0.000       0.000       0.000       0.000       0.000       0.000
    SH_W4            0.000       0.000       0.000       0.000       0.000       0.000       0.000

 Variances
    I                0.099       0.125       0.139       0.210       0.281       0.294       0.321
    S               -0.007       0.006       0.013       0.049       0.085       0.092       0.105

 Residual Variances
    SH_W1            0.165       0.203       0.222       0.322       0.422       0.441       0.479
    SH_W2            0.228       0.252       0.265       0.329       0.393       0.405       0.429
    SH_W3            0.314       0.346       0.362       0.445       0.528       0.544       0.575
    SH_W4            0.105       0.180       0.219       0.421       0.623       0.661       0.737


CONFIDENCE INTERVALS OF STANDARDIZED MODEL RESULTS


STDYX Standardization

                  Lower .5%  Lower 2.5%    Lower 5%    Estimate    Upper 5%  Upper 2.5%   Upper .5%

Group MODERATE

 I        |
    SH_W1            0.511       0.539       0.553       0.628       0.703       0.717       0.745
    SH_W2            0.495       0.526       0.541       0.623       0.705       0.721       0.752
    SH_W3            0.372       0.411       0.431       0.535       0.639       0.659       0.698
    SH_W4            0.314       0.355       0.377       0.487       0.598       0.619       0.661

 S        |
    SH_W1            0.000       0.000       0.000       0.000       0.000       0.000       0.000
    SH_W2            0.068       0.088       0.098       0.151       0.204       0.214       0.233
    SH_W3            0.163       0.217       0.244       0.388       0.532       0.559       0.613
    SH_W4            0.272       0.348       0.387       0.589       0.791       0.830       0.906

 S        WITH
    I               -0.626      -0.502      -0.438      -0.106       0.226       0.290       0.415

 Means
    I                0.424       0.445       0.455       0.509       0.563       0.574       0.594
    S                0.010       0.085       0.123       0.322       0.521       0.560       0.634

 Intercepts
    SH_W1            0.000       0.000       0.000       0.000       0.000       0.000       0.000
    SH_W2            0.000       0.000       0.000       0.000       0.000       0.000       0.000
    SH_W3            0.000       0.000       0.000       0.000       0.000       0.000       0.000
    SH_W4            0.000       0.000       0.000       0.000       0.000       0.000       0.000

 Variances
    I                1.000       1.000       1.000       1.000       1.000       1.000       1.000
    S                1.000       1.000       1.000       1.000       1.000       1.000       1.000

 Residual Variances
    SH_W1            0.459       0.494       0.512       0.606       0.700       0.718       0.753
    SH_W2            0.517       0.539       0.550       0.609       0.668       0.679       0.701
    SH_W3            0.497       0.523       0.537       0.607       0.677       0.691       0.717
    SH_W4            0.238       0.295       0.324       0.476       0.629       0.658       0.715

Group HIGH

 I        |
    SH_W1            0.511       0.539       0.553       0.628       0.703       0.717       0.745
    SH_W2            0.495       0.526       0.541       0.623       0.705       0.721       0.752
    SH_W3            0.372       0.411       0.431       0.535       0.639       0.659       0.698
    SH_W4            0.314       0.355       0.377       0.487       0.598       0.619       0.661

 S        |
    SH_W1            0.000       0.000       0.000       0.000       0.000       0.000       0.000
    SH_W2            0.068       0.088       0.098       0.151       0.204       0.214       0.233
    SH_W3            0.163       0.217       0.244       0.388       0.532       0.559       0.613
    SH_W4            0.272       0.348       0.387       0.589       0.791       0.830       0.906

 S        WITH
    I               -0.626      -0.502      -0.438      -0.106       0.226       0.290       0.415

 Means
    I                0.424       0.445       0.455       0.509       0.563       0.574       0.594
    S                0.010       0.085       0.123       0.322       0.521       0.560       0.634

 Intercepts
    SH_W1            0.000       0.000       0.000       0.000       0.000       0.000       0.000
    SH_W2            0.000       0.000       0.000       0.000       0.000       0.000       0.000
    SH_W3            0.000       0.000       0.000       0.000       0.000       0.000       0.000
    SH_W4            0.000       0.000       0.000       0.000       0.000       0.000       0.000

 Variances
    I                1.000       1.000       1.000       1.000       1.000       1.000       1.000
    S                1.000       1.000       1.000       1.000       1.000       1.000       1.000

 Residual Variances
    SH_W1            0.459       0.494       0.512       0.606       0.700       0.718       0.753
    SH_W2            0.517       0.539       0.550       0.609       0.668       0.679       0.701
    SH_W3            0.497       0.523       0.537       0.607       0.677       0.691       0.717
    SH_W4            0.238       0.295       0.324       0.476       0.629       0.658       0.715


STDY Standardization

                  Lower .5%  Lower 2.5%    Lower 5%    Estimate    Upper 5%  Upper 2.5%   Upper .5%

Group MODERATE

 I        |
    SH_W1            0.511       0.539       0.553       0.628       0.703       0.717       0.745
    SH_W2            0.495       0.526       0.541       0.623       0.705       0.721       0.752
    SH_W3            0.372       0.411       0.431       0.535       0.639       0.659       0.698
    SH_W4            0.314       0.355       0.377       0.487       0.598       0.619       0.661

 S        |
    SH_W1            0.000       0.000       0.000       0.000       0.000       0.000       0.000
    SH_W2            0.068       0.088       0.098       0.151       0.204       0.214       0.233
    SH_W3            0.163       0.217       0.244       0.388       0.532       0.559       0.613
    SH_W4            0.272       0.348       0.387       0.589       0.791       0.830       0.906

 S        WITH
    I               -0.626      -0.502      -0.438      -0.106       0.226       0.290       0.415

 Means
    I                0.424       0.445       0.455       0.509       0.563       0.574       0.594
    S                0.010       0.085       0.123       0.322       0.521       0.560       0.634

 Intercepts
    SH_W1            0.000       0.000       0.000       0.000       0.000       0.000       0.000
    SH_W2            0.000       0.000       0.000       0.000       0.000       0.000       0.000
    SH_W3            0.000       0.000       0.000       0.000       0.000       0.000       0.000
    SH_W4            0.000       0.000       0.000       0.000       0.000       0.000       0.000

 Variances
    I                1.000       1.000       1.000       1.000       1.000       1.000       1.000
    S                1.000       1.000       1.000       1.000       1.000       1.000       1.000

 Residual Variances
    SH_W1            0.459       0.494       0.512       0.606       0.700       0.718       0.753
    SH_W2            0.517       0.539       0.550       0.609       0.668       0.679       0.701
    SH_W3            0.497       0.523       0.537       0.607       0.677       0.691       0.717
    SH_W4            0.238       0.295       0.324       0.476       0.629       0.658       0.715

Group HIGH

 I        |
    SH_W1            0.511       0.539       0.553       0.628       0.703       0.717       0.745
    SH_W2            0.495       0.526       0.541       0.623       0.705       0.721       0.752
    SH_W3            0.372       0.411       0.431       0.535       0.639       0.659       0.698
    SH_W4            0.314       0.355       0.377       0.487       0.598       0.619       0.661

 S        |
    SH_W1            0.000       0.000       0.000       0.000       0.000       0.000       0.000
    SH_W2            0.068       0.088       0.098       0.151       0.204       0.214       0.233
    SH_W3            0.163       0.217       0.244       0.388       0.532       0.559       0.613
    SH_W4            0.272       0.348       0.387       0.589       0.791       0.830       0.906

 S        WITH
    I               -0.626      -0.502      -0.438      -0.106       0.226       0.290       0.415

 Means
    I                0.424       0.445       0.455       0.509       0.563       0.574       0.594
    S                0.010       0.085       0.123       0.322       0.521       0.560       0.634

 Intercepts
    SH_W1            0.000       0.000       0.000       0.000       0.000       0.000       0.000
    SH_W2            0.000       0.000       0.000       0.000       0.000       0.000       0.000
    SH_W3            0.000       0.000       0.000       0.000       0.000       0.000       0.000
    SH_W4            0.000       0.000       0.000       0.000       0.000       0.000       0.000

 Variances
    I                1.000       1.000       1.000       1.000       1.000       1.000       1.000
    S                1.000       1.000       1.000       1.000       1.000       1.000       1.000

 Residual Variances
    SH_W1            0.459       0.494       0.512       0.606       0.700       0.718       0.753
    SH_W2            0.517       0.539       0.550       0.609       0.668       0.679       0.701
    SH_W3            0.497       0.523       0.537       0.607       0.677       0.691       0.717
    SH_W4            0.238       0.295       0.324       0.476       0.629       0.658       0.715


STD Standardization

                  Lower .5%  Lower 2.5%    Lower 5%    Estimate    Upper 5%  Upper 2.5%   Upper .5%

Group MODERATE

 I        |
    SH_W1            0.337       0.366       0.380       0.458       0.535       0.550       0.579
    SH_W2            0.337       0.366       0.380       0.458       0.535       0.550       0.579
    SH_W3            0.337       0.366       0.380       0.458       0.535       0.550       0.579
    SH_W4            0.337       0.366       0.380       0.458       0.535       0.550       0.579

 S        |
    SH_W1            0.000       0.000       0.000       0.000       0.000       0.000       0.000
    SH_W2            0.048       0.063       0.070       0.111       0.151       0.159       0.174
    SH_W3            0.143       0.188       0.211       0.332       0.453       0.476       0.522
    SH_W4            0.238       0.313       0.352       0.554       0.756       0.794       0.870

 S        WITH
    I               -0.626      -0.502      -0.438      -0.106       0.226       0.290       0.415

 Means
    I                0.424       0.445       0.455       0.509       0.563       0.574       0.594
    S                0.010       0.085       0.123       0.322       0.521       0.560       0.634

 Intercepts
    SH_W1            0.000       0.000       0.000       0.000       0.000       0.000       0.000
    SH_W2            0.000       0.000       0.000       0.000       0.000       0.000       0.000
    SH_W3            0.000       0.000       0.000       0.000       0.000       0.000       0.000
    SH_W4            0.000       0.000       0.000       0.000       0.000       0.000       0.000

 Variances
    I                1.000       1.000       1.000       1.000       1.000       1.000       1.000
    S                1.000       1.000       1.000       1.000       1.000       1.000       1.000

 Residual Variances
    SH_W1            0.165       0.203       0.222       0.322       0.422       0.441       0.479
    SH_W2            0.228       0.252       0.265       0.329       0.393       0.405       0.429
    SH_W3            0.314       0.346       0.362       0.445       0.528       0.544       0.575
    SH_W4            0.105       0.180       0.219       0.421       0.623       0.661       0.737

Group HIGH

 I        |
    SH_W1            0.337       0.366       0.380       0.458       0.535       0.550       0.579
    SH_W2            0.337       0.366       0.380       0.458       0.535       0.550       0.579
    SH_W3            0.337       0.366       0.380       0.458       0.535       0.550       0.579
    SH_W4            0.337       0.366       0.380       0.458       0.535       0.550       0.579

 S        |
    SH_W1            0.000       0.000       0.000       0.000       0.000       0.000       0.000
    SH_W2            0.048       0.063       0.070       0.111       0.151       0.159       0.174
    SH_W3            0.143       0.188       0.211       0.332       0.453       0.476       0.522
    SH_W4            0.238       0.313       0.352       0.554       0.756       0.794       0.870

 S        WITH
    I               -0.626      -0.502      -0.438      -0.106       0.226       0.290       0.415

 Means
    I                0.424       0.445       0.455       0.509       0.563       0.574       0.594
    S                0.010       0.085       0.123       0.322       0.521       0.560       0.634

 Intercepts
    SH_W1            0.000       0.000       0.000       0.000       0.000       0.000       0.000
    SH_W2            0.000       0.000       0.000       0.000       0.000       0.000       0.000
    SH_W3            0.000       0.000       0.000       0.000       0.000       0.000       0.000
    SH_W4            0.000       0.000       0.000       0.000       0.000       0.000       0.000

 Variances
    I                1.000       1.000       1.000       1.000       1.000       1.000       1.000
    S                1.000       1.000       1.000       1.000       1.000       1.000       1.000

 Residual Variances
    SH_W1            0.165       0.203       0.222       0.322       0.422       0.441       0.479
    SH_W2            0.228       0.252       0.265       0.329       0.393       0.405       0.429
    SH_W3            0.314       0.346       0.362       0.445       0.528       0.544       0.575
    SH_W4            0.105       0.180       0.219       0.421       0.623       0.661       0.737


DIAGRAM INFORMATION

  Use View Diagram under the Diagram menu in the Mplus Editor to view the diagram.
  If running Mplus from the Mplus Diagrammer, the diagram opens automatically.

  Diagram output
    c:\users\kylenick\onedrive - university of north carolina at chapel hill\dorothy\ipa\paper_1_ace_sv\mplus files\mult

     Beginning Time:  05:50:49
        Ending Time:  05:50:49
       Elapsed Time:  00:00:00



MUTHEN & MUTHEN
3463 Stoner Ave.
Los Angeles, CA  90066

Tel: (310) 391-9971
Fax: (310) 391-8971
Web: www.StatModel.com
Support: Support@StatModel.com

Copyright (c) 1998-2019 Muthen & Muthen
