Mplus VERSION 8.4
MUTHEN & MUTHEN
05/12/2021   9:38 PM

INPUT INSTRUCTIONS

  TITLE: Sexual Harassment LGM Multigroup-Race Free

  DATA: FILE = mpluswide.csv;

  VARIABLE:
  NAMES = subjno School Gender Female Race Race4
  Black Hispanic White OtherR SchBel
  Age Grades FamCon Abuse SibAgg
  del_w1 del_w2 del_w3 del_w4
  dep_w1 dep_w2 dep_w3 dep_w4
  emp_w1 emp_w2 emp_w3 emp_w4
  schb_w1 schb_w2 schb_w3 schb_w4
  sh_w1 sh_w2 sh_w3 sh_w4;

  USEVARIABLES = sh_w1-sh_w4;
  IDVARIABLE = subjno;
  CLUSTER = School;
  GROUPING = Race4 (1 = Black 2 = Hispanic 3 = White 4 = Other);

  MISSING = ALL (-999);

  ANALYSIS:
  TYPE = COMPLEX;

  MODEL:
  i s | sh_w1@0 sh_w2@.5 sh_w3@1.5 sh_w4@2.5;
  ![i] (1); [s] (2);
  !i (3); s (4);
  !sh_w1-sh_w4 (5-8);
  !s WITH i (9);


  OUTPUT:
  STANDARDIZED CINTERVAL;

  !Need to calculate difference test by hand: https://statmodel.com/chidiff.shtml



*** WARNING
  Data set contains cases with missing on all variables.
  These cases were not included in the analysis.
  Number of cases with missing on all variables:  1
   1 WARNING(S) FOUND IN THE INPUT INSTRUCTIONS



Sexual Harassment LGM Multigroup-Race Free

SUMMARY OF ANALYSIS

Number of groups                                                 4
Number of observations
   Group BLACK                                                 459
   Group HISPANIC                                              605
   Group WHITE                                                 298
   Group OTHER                                                 201
   Total sample size                                          1563

Number of dependent variables                                    4
Number of independent variables                                  0
Number of continuous latent variables                            2

Observed dependent variables

  Continuous
   SH_W1       SH_W2       SH_W3       SH_W4

Continuous latent variables
   I           S

Variables with special functions

  Grouping variable     RACE4
  Cluster variable      SCHOOL
  ID variable           SUBJNO

Estimator                                                      MLR
Information matrix                                        OBSERVED
Maximum number of iterations                                  1000
Convergence criterion                                    0.500D-04
Maximum number of steepest descent iterations                   20
Maximum number of iterations for H1                           2000
Convergence criterion for H1                             0.100D-03

Input data file(s)
  mpluswide.csv

Input data format  FREE


SUMMARY OF DATA

   Group BLACK
     Number of missing data patterns            12
     Number of clusters                         18


   Group HISPANIC
     Number of missing data patterns            11
     Number of clusters                         15


   Group WHITE
     Number of missing data patterns            10
     Number of clusters                         16


   Group OTHER
     Number of missing data patterns            10
     Number of clusters                         16



COVARIANCE COVERAGE OF DATA

Minimum covariance coverage value   0.100


     PROPORTION OF DATA PRESENT FOR BLACK


           Covariance Coverage
              SH_W1         SH_W2         SH_W3         SH_W4
              ________      ________      ________      ________
 SH_W1          0.991
 SH_W2          0.913         0.919
 SH_W3          0.693         0.654         0.699
 SH_W4          0.617         0.573         0.532         0.621


     PROPORTION OF DATA PRESENT FOR HISPANIC


           Covariance Coverage
              SH_W1         SH_W2         SH_W3         SH_W4
              ________      ________      ________      ________
 SH_W1          0.992
 SH_W2          0.912         0.919
 SH_W3          0.765         0.702         0.772
 SH_W4          0.669         0.620         0.615         0.676


     PROPORTION OF DATA PRESENT FOR WHITE


           Covariance Coverage
              SH_W1         SH_W2         SH_W3         SH_W4
              ________      ________      ________      ________
 SH_W1          0.993
 SH_W2          0.906         0.913
 SH_W3          0.775         0.721         0.775
 SH_W4          0.685         0.617         0.607         0.688


     PROPORTION OF DATA PRESENT FOR OTHER


           Covariance Coverage
              SH_W1         SH_W2         SH_W3         SH_W4
              ________      ________      ________      ________
 SH_W1          0.985
 SH_W2          0.915         0.930
 SH_W3          0.721         0.692         0.736
 SH_W4          0.502         0.478         0.458         0.507



UNIVARIATE SAMPLE STATISTICS


     UNIVARIATE HIGHER-ORDER MOMENT DESCRIPTIVE STATISTICS FOR BLACK

         Variable/         Mean/     Skewness/   Minimum/ % with                Percentiles
        Sample Size      Variance    Kurtosis    Maximum  Min/Max      20%/60%    40%/80%    Median

     SH_W1                 0.281       3.580       0.000   84.84%       0.000      0.000      0.000
             455.000       0.642      14.420       6.000    0.22%       0.000      0.000
     SH_W2                 0.258       3.143       0.000   82.70%       0.000      0.000      0.000
             422.000       0.438      10.831       4.000    0.71%       0.000      0.000
     SH_W3                 0.399       2.429       0.000   76.32%       0.000      0.000      0.000
             321.000       0.713       5.966       5.000    0.31%       0.000      1.000
     SH_W4                 0.474       2.852       0.000   74.04%       0.000      0.000      0.000
             285.000       1.049       9.029       6.000    0.70%       0.000      1.000


     UNIVARIATE HIGHER-ORDER MOMENT DESCRIPTIVE STATISTICS FOR HISPANIC

         Variable/         Mean/     Skewness/   Minimum/ % with                Percentiles
        Sample Size      Variance    Kurtosis    Maximum  Min/Max      20%/60%    40%/80%    Median

     SH_W1                 0.210       4.485       0.000   87.33%       0.000      0.000      0.000
             600.000       0.453      25.356       6.000    0.33%       0.000      0.000
     SH_W2                 0.284       3.612       0.000   83.63%       0.000      0.000      0.000
             556.000       0.603      15.944       6.000    0.36%       0.000      0.000
     SH_W3                 0.340       3.239       0.000   81.16%       0.000      0.000      0.000
             467.000       0.743      11.900       6.000    0.21%       0.000      0.000
     SH_W4                 0.281       4.199       0.000   81.17%       0.000      0.000      0.000
             409.000       0.564      22.682       6.000    0.49%       0.000      0.000


     UNIVARIATE HIGHER-ORDER MOMENT DESCRIPTIVE STATISTICS FOR WHITE

         Variable/         Mean/     Skewness/   Minimum/ % with                Percentiles
        Sample Size      Variance    Kurtosis    Maximum  Min/Max      20%/60%    40%/80%    Median

     SH_W1                 0.152       5.911       0.000   92.57%       0.000      0.000      0.000
             296.000       0.460      38.895       6.000    0.34%       0.000      0.000
     SH_W2                 0.199       4.363       0.000   87.87%       0.000      0.000      0.000
             272.000       0.431      21.462       5.000    0.37%       0.000      0.000
     SH_W3                 0.234       4.548       0.000   86.58%       0.000      0.000      0.000
             231.000       0.560      24.811       6.000    0.43%       0.000      0.000
     SH_W4                 0.317       3.777       0.000   82.44%       0.000      0.000      0.000
             205.000       0.782      15.858       6.000    0.49%       0.000      0.000


     UNIVARIATE HIGHER-ORDER MOMENT DESCRIPTIVE STATISTICS FOR OTHER

         Variable/         Mean/     Skewness/   Minimum/ % with                Percentiles
        Sample Size      Variance    Kurtosis    Maximum  Min/Max      20%/60%    40%/80%    Median

     SH_W1                 0.258       3.470       0.000   85.35%       0.000      0.000      0.000
             198.000       0.545      13.075       5.000    0.51%       0.000      0.000
     SH_W2                 0.348       2.799       0.000   80.75%       0.000      0.000      0.000
             187.000       0.719       7.531       4.000    2.14%       0.000      0.000
     SH_W3                 0.432       2.983       0.000   78.38%       0.000      0.000      0.000
             148.000       1.056       9.515       6.000    0.68%       0.000      1.000
     SH_W4                 0.569       2.404       0.000   74.51%       0.000      0.000      0.000
             102.000       1.383       5.817       6.000    0.98%       0.000      1.000


THE MODEL ESTIMATION TERMINATED NORMALLY

     THE STANDARD ERRORS OF THE MODEL PARAMETER ESTIMATES MAY NOT BE
     TRUSTWORTHY FOR SOME PARAMETERS DUE TO A NON-POSITIVE DEFINITE
     FIRST-ORDER DERIVATIVE PRODUCT MATRIX.  THIS MAY BE DUE TO THE STARTING
     VALUES BUT MAY ALSO BE AN INDICATION OF MODEL NONIDENTIFICATION.  THE
     CONDITION NUMBER IS      -0.229D-16.  PROBLEM INVOLVING THE FOLLOWING PARAMETER:
     Parameter 18, Group HISPANIC: S

     THIS IS MOST LIKELY DUE TO HAVING MORE PARAMETERS THAN THE NUMBER
     OF CLUSTERS MINUS THE NUMBER OF STRATA WITH MORE THAN ONE CLUSTER.


     WARNING:  THE LATENT VARIABLE COVARIANCE MATRIX (PSI) IN GROUP OTHER
     IS NOT POSITIVE DEFINITE.  THIS COULD INDICATE A NEGATIVE VARIANCE/
     RESIDUAL VARIANCE FOR A LATENT VARIABLE, A CORRELATION GREATER OR EQUAL
     TO ONE BETWEEN TWO LATENT VARIABLES, OR A LINEAR DEPENDENCY AMONG MORE
     THAN TWO LATENT VARIABLES.  CHECK THE TECH4 OUTPUT FOR MORE INFORMATION.
     PROBLEM INVOLVING VARIABLE S.




MODEL FIT INFORMATION

Number of Free Parameters                       36

Loglikelihood

          H0 Value                       -5704.550
          H0 Scaling Correction Factor      5.1920
            for MLR
          H1 Value                       -5678.629
          H1 Scaling Correction Factor      4.1975
            for MLR

Information Criteria

          Akaike (AIC)                   11481.101
          Bayesian (BIC)                 11673.858
          Sample-Size Adjusted BIC       11559.494
            (n* = (n + 2) / 24)

Chi-Square Test of Model Fit

          Value                             21.536*
          Degrees of Freedom                    20
          P-Value                           0.3662
          Scaling Correction Factor         2.4073
            for MLR

Chi-Square Contribution From Each Group

          BLACK                              3.667
          HISPANIC                           5.350
          WHITE                              5.670
          OTHER                              6.848

*   The chi-square value for MLM, MLMV, MLR, ULSMV, WLSM and WLSMV cannot be used
    for chi-square difference testing in the regular way.  MLM, MLR and WLSM
    chi-square difference testing is described on the Mplus website.  MLMV, WLSMV,
    and ULSMV difference testing is done using the DIFFTEST option.

RMSEA (Root Mean Square Error Of Approximation)

          Estimate                           0.014
          90 Percent C.I.                    0.000  0.047
          Probability RMSEA <= .05           0.969

CFI/TLI

          CFI                                0.992
          TLI                                0.991

Chi-Square Test of Model Fit for the Baseline Model

          Value                            219.466
          Degrees of Freedom                    24
          P-Value                           0.0000

SRMR (Standardized Root Mean Square Residual)

          Value                              0.055



MODEL RESULTS

                                                    Two-Tailed
                    Estimate       S.E.  Est./S.E.    P-Value

Group BLACK

 I        |
    SH_W1              1.000      0.000    999.000    999.000
    SH_W2              1.000      0.000    999.000    999.000
    SH_W3              1.000      0.000    999.000    999.000
    SH_W4              1.000      0.000    999.000    999.000

 S        |
    SH_W1              0.000      0.000    999.000    999.000
    SH_W2              0.500      0.000    999.000    999.000
    SH_W3              1.500      0.000    999.000    999.000
    SH_W4              2.500      0.000    999.000    999.000

 S        WITH
    I                 -0.034      0.037     -0.927      0.354

 Means
    I                  0.248      0.037      6.734      0.000
    S                  0.091      0.040      2.286      0.022

 Intercepts
    SH_W1              0.000      0.000    999.000    999.000
    SH_W2              0.000      0.000    999.000    999.000
    SH_W3              0.000      0.000    999.000    999.000
    SH_W4              0.000      0.000    999.000    999.000

 Variances
    I                  0.212      0.061      3.488      0.000
    S                  0.054      0.047      1.152      0.249

 Residual Variances
    SH_W1              0.420      0.122      3.459      0.001
    SH_W2              0.260      0.042      6.231      0.000
    SH_W3              0.473      0.041     11.634      0.000
    SH_W4              0.669      0.271      2.466      0.014

Group HISPANIC

 I        |
    SH_W1              1.000      0.000    999.000    999.000
    SH_W2              1.000      0.000    999.000    999.000
    SH_W3              1.000      0.000    999.000    999.000
    SH_W4              1.000      0.000    999.000    999.000

 S        |
    SH_W1              0.000      0.000    999.000    999.000
    SH_W2              0.500      0.000    999.000    999.000
    SH_W3              1.500      0.000    999.000    999.000
    SH_W4              2.500      0.000    999.000    999.000

 S        WITH
    I                 -0.026      0.041     -0.633      0.527

 Means
    I                  0.234      0.052      4.514      0.000
    S                  0.041      0.033      1.227      0.220

 Intercepts
    SH_W1              0.000      0.000    999.000    999.000
    SH_W2              0.000      0.000    999.000    999.000
    SH_W3              0.000      0.000    999.000    999.000
    SH_W4              0.000      0.000    999.000    999.000

 Variances
    I                  0.207      0.085      2.437      0.015
    S                  0.058      0.031      1.882      0.060

 Residual Variances
    SH_W1              0.258      0.077      3.342      0.001
    SH_W2              0.383      0.051      7.573      0.000
    SH_W3              0.475      0.075      6.300      0.000
    SH_W4              0.179      0.049      3.609      0.000

Group WHITE

 I        |
    SH_W1              1.000      0.000    999.000    999.000
    SH_W2              1.000      0.000    999.000    999.000
    SH_W3              1.000      0.000    999.000    999.000
    SH_W4              1.000      0.000    999.000    999.000

 S        |
    SH_W1              0.000      0.000    999.000    999.000
    SH_W2              0.500      0.000    999.000    999.000
    SH_W3              1.500      0.000    999.000    999.000
    SH_W4              2.500      0.000    999.000    999.000

 S        WITH
    I                 -0.016      0.056     -0.277      0.781

 Means
    I                  0.163      0.028      5.812      0.000
    S                  0.065      0.018      3.537      0.000

 Intercepts
    SH_W1              0.000      0.000    999.000    999.000
    SH_W2              0.000      0.000    999.000    999.000
    SH_W3              0.000      0.000    999.000    999.000
    SH_W4              0.000      0.000    999.000    999.000

 Variances
    I                  0.262      0.120      2.181      0.029
    S                  0.048      0.045      1.070      0.285

 Residual Variances
    SH_W1              0.234      0.038      6.139      0.000
    SH_W2              0.177      0.083      2.131      0.033
    SH_W3              0.269      0.071      3.803      0.000
    SH_W4              0.311      0.165      1.885      0.059

Group OTHER

 I        |
    SH_W1              1.000      0.000    999.000    999.000
    SH_W2              1.000      0.000    999.000    999.000
    SH_W3              1.000      0.000    999.000    999.000
    SH_W4              1.000      0.000    999.000    999.000

 S        |
    SH_W1              0.000      0.000    999.000    999.000
    SH_W2              0.500      0.000    999.000    999.000
    SH_W3              1.500      0.000    999.000    999.000
    SH_W4              2.500      0.000    999.000    999.000

 S        WITH
    I                  0.077      0.044      1.749      0.080

 Means
    I                  0.269      0.040      6.803      0.000
    S                  0.126      0.032      3.906      0.000

 Intercepts
    SH_W1              0.000      0.000    999.000    999.000
    SH_W2              0.000      0.000    999.000    999.000
    SH_W3              0.000      0.000    999.000    999.000
    SH_W4              0.000      0.000    999.000    999.000

 Variances
    I                  0.136      0.086      1.580      0.114
    S                 -0.006      0.052     -0.108      0.914

 Residual Variances
    SH_W1              0.425      0.096      4.422      0.000
    SH_W2              0.506      0.157      3.220      0.001
    SH_W3              0.617      0.199      3.108      0.002
    SH_W4              1.093      0.432      2.531      0.011


STANDARDIZED MODEL RESULTS


STDYX Standardization

                                                    Two-Tailed
                    Estimate       S.E.  Est./S.E.    P-Value

Group BLACK

 I        |
    SH_W1              0.579      0.080      7.249      0.000
    SH_W2              0.685      0.068     10.105      0.000
    SH_W3              0.548      0.070      7.871      0.000
    SH_W4              0.450      0.088      5.082      0.000

 S        |
    SH_W1              0.000      0.000    999.000    999.000
    SH_W2              0.173      0.072      2.395      0.017
    SH_W3              0.416      0.170      2.449      0.014
    SH_W4              0.569      0.219      2.595      0.009

 S        WITH
    I                 -0.320      0.204     -1.566      0.117

 Means
    I                  0.538      0.076      7.128      0.000
    S                  0.393      0.206      1.904      0.057

 Intercepts
    SH_W1              0.000      0.000    999.000    999.000
    SH_W2              0.000      0.000    999.000    999.000
    SH_W3              0.000      0.000    999.000    999.000
    SH_W4              0.000      0.000    999.000    999.000

 Variances
    I                  1.000      0.000    999.000    999.000
    S                  1.000      0.000    999.000    999.000

 Residual Variances
    SH_W1              0.665      0.092      7.194      0.000
    SH_W2              0.576      0.050     11.421      0.000
    SH_W3              0.672      0.082      8.187      0.000
    SH_W4              0.638      0.148      4.319      0.000

Group HISPANIC

 I        |
    SH_W1              0.667      0.064     10.390      0.000
    SH_W2              0.598      0.101      5.919      0.000
    SH_W3              0.530      0.116      4.571      0.000
    SH_W4              0.577      0.123      4.698      0.000

 S        |
    SH_W1              0.000      0.000    999.000    999.000
    SH_W2              0.159      0.034      4.644      0.000
    SH_W3              0.422      0.108      3.899      0.000
    SH_W4              0.766      0.174      4.414      0.000

 S        WITH
    I                 -0.234      0.282     -0.831      0.406

 Means
    I                  0.513      0.039     13.066      0.000
    S                  0.169      0.154      1.093      0.274

 Intercepts
    SH_W1              0.000      0.000    999.000    999.000
    SH_W2              0.000      0.000    999.000    999.000
    SH_W3              0.000      0.000    999.000    999.000
    SH_W4              0.000      0.000    999.000    999.000

 Variances
    I                  1.000      0.000    999.000    999.000
    S                  1.000      0.000    999.000    999.000

 Residual Variances
    SH_W1              0.555      0.086      6.467      0.000
    SH_W2              0.661      0.070      9.402      0.000
    SH_W3              0.646      0.066      9.783      0.000
    SH_W4              0.287      0.099      2.917      0.004

Group WHITE

 I        |
    SH_W1              0.727      0.069     10.595      0.000
    SH_W2              0.776      0.157      4.939      0.000
    SH_W3              0.665      0.176      3.785      0.000
    SH_W4              0.574      0.148      3.885      0.000

 S        |
    SH_W1              0.000      0.000    999.000    999.000
    SH_W2              0.166      0.085      1.945      0.052
    SH_W3              0.426      0.184      2.314      0.021
    SH_W4              0.614      0.275      2.233      0.026

 S        WITH
    I                 -0.139      0.441     -0.316      0.752

 Means
    I                  0.320      0.047      6.819      0.000
    S                  0.296      0.153      1.931      0.053

 Intercepts
    SH_W1              0.000      0.000    999.000    999.000
    SH_W2              0.000      0.000    999.000    999.000
    SH_W3              0.000      0.000    999.000    999.000
    SH_W4              0.000      0.000    999.000    999.000

 Variances
    I                  1.000      0.000    999.000    999.000
    S                  1.000      0.000    999.000    999.000

 Residual Variances
    SH_W1              0.472      0.100      4.734      0.000
    SH_W2              0.406      0.153      2.659      0.008
    SH_W3              0.455      0.071      6.414      0.000
    SH_W4              0.391      0.219      1.786      0.074

Group OTHER

 I        |
    SH_W1              0.492      0.122      4.038      0.000
    SH_W2              0.435      0.113      3.842      0.000
    SH_W3              0.374      0.106      3.519      0.000
    SH_W4              0.293      0.110      2.667      0.008

 S        |
    SH_W1            999.000    999.000    999.000    999.000
    SH_W2            999.000    999.000    999.000    999.000
    SH_W3            999.000    999.000    999.000    999.000
    SH_W4            999.000    999.000    999.000    999.000

 S        WITH
    I                999.000    999.000    999.000    999.000

 Means
    I                  0.730      0.146      4.988      0.000
    S                999.000    999.000    999.000    999.000

 Intercepts
    SH_W1              0.000      0.000    999.000    999.000
    SH_W2              0.000      0.000    999.000    999.000
    SH_W3              0.000      0.000    999.000    999.000
    SH_W4              0.000      0.000    999.000    999.000

 Variances
    I                  1.000      0.000    999.000    999.000
    S                999.000    999.000    999.000    999.000

 Residual Variances
    SH_W1              0.758      0.120      6.319      0.000
    SH_W2              0.705      0.087      8.147      0.000
    SH_W3              0.635      0.113      5.625      0.000
    SH_W4              0.692      0.179      3.865      0.000


STDY Standardization

                                                    Two-Tailed
                    Estimate       S.E.  Est./S.E.    P-Value

Group BLACK

 I        |
    SH_W1              0.579      0.080      7.249      0.000
    SH_W2              0.685      0.068     10.105      0.000
    SH_W3              0.548      0.070      7.871      0.000
    SH_W4              0.450      0.088      5.082      0.000

 S        |
    SH_W1              0.000      0.000    999.000    999.000
    SH_W2              0.173      0.072      2.395      0.017
    SH_W3              0.416      0.170      2.449      0.014
    SH_W4              0.569      0.219      2.595      0.009

 S        WITH
    I                 -0.320      0.204     -1.566      0.117

 Means
    I                  0.538      0.076      7.128      0.000
    S                  0.393      0.206      1.904      0.057

 Intercepts
    SH_W1              0.000      0.000    999.000    999.000
    SH_W2              0.000      0.000    999.000    999.000
    SH_W3              0.000      0.000    999.000    999.000
    SH_W4              0.000      0.000    999.000    999.000

 Variances
    I                  1.000      0.000    999.000    999.000
    S                  1.000      0.000    999.000    999.000

 Residual Variances
    SH_W1              0.665      0.092      7.194      0.000
    SH_W2              0.576      0.050     11.421      0.000
    SH_W3              0.672      0.082      8.187      0.000
    SH_W4              0.638      0.148      4.319      0.000

Group HISPANIC

 I        |
    SH_W1              0.667      0.064     10.390      0.000
    SH_W2              0.598      0.101      5.919      0.000
    SH_W3              0.530      0.116      4.571      0.000
    SH_W4              0.577      0.123      4.698      0.000

 S        |
    SH_W1              0.000      0.000    999.000    999.000
    SH_W2              0.159      0.034      4.644      0.000
    SH_W3              0.422      0.108      3.899      0.000
    SH_W4              0.766      0.174      4.414      0.000

 S        WITH
    I                 -0.234      0.282     -0.831      0.406

 Means
    I                  0.513      0.039     13.066      0.000
    S                  0.169      0.154      1.093      0.274

 Intercepts
    SH_W1              0.000      0.000    999.000    999.000
    SH_W2              0.000      0.000    999.000    999.000
    SH_W3              0.000      0.000    999.000    999.000
    SH_W4              0.000      0.000    999.000    999.000

 Variances
    I                  1.000      0.000    999.000    999.000
    S                  1.000      0.000    999.000    999.000

 Residual Variances
    SH_W1              0.555      0.086      6.467      0.000
    SH_W2              0.661      0.070      9.402      0.000
    SH_W3              0.646      0.066      9.783      0.000
    SH_W4              0.287      0.099      2.917      0.004

Group WHITE

 I        |
    SH_W1              0.727      0.069     10.595      0.000
    SH_W2              0.776      0.157      4.939      0.000
    SH_W3              0.665      0.176      3.785      0.000
    SH_W4              0.574      0.148      3.885      0.000

 S        |
    SH_W1              0.000      0.000    999.000    999.000
    SH_W2              0.166      0.085      1.945      0.052
    SH_W3              0.426      0.184      2.314      0.021
    SH_W4              0.614      0.275      2.233      0.026

 S        WITH
    I                 -0.139      0.441     -0.316      0.752

 Means
    I                  0.320      0.047      6.819      0.000
    S                  0.296      0.153      1.931      0.053

 Intercepts
    SH_W1              0.000      0.000    999.000    999.000
    SH_W2              0.000      0.000    999.000    999.000
    SH_W3              0.000      0.000    999.000    999.000
    SH_W4              0.000      0.000    999.000    999.000

 Variances
    I                  1.000      0.000    999.000    999.000
    S                  1.000      0.000    999.000    999.000

 Residual Variances
    SH_W1              0.472      0.100      4.734      0.000
    SH_W2              0.406      0.153      2.659      0.008
    SH_W3              0.455      0.071      6.414      0.000
    SH_W4              0.391      0.219      1.786      0.074

Group OTHER

 I        |
    SH_W1              0.492      0.122      4.038      0.000
    SH_W2              0.435      0.113      3.842      0.000
    SH_W3              0.374      0.106      3.519      0.000
    SH_W4              0.293      0.110      2.667      0.008

 S        |
    SH_W1            999.000    999.000    999.000    999.000
    SH_W2            999.000    999.000    999.000    999.000
    SH_W3            999.000    999.000    999.000    999.000
    SH_W4            999.000    999.000    999.000    999.000

 S        WITH
    I                999.000    999.000    999.000    999.000

 Means
    I                  0.730      0.146      4.988      0.000
    S                999.000    999.000    999.000    999.000

 Intercepts
    SH_W1              0.000      0.000    999.000    999.000
    SH_W2              0.000      0.000    999.000    999.000
    SH_W3              0.000      0.000    999.000    999.000
    SH_W4              0.000      0.000    999.000    999.000

 Variances
    I                  1.000      0.000    999.000    999.000
    S                999.000    999.000    999.000    999.000

 Residual Variances
    SH_W1              0.758      0.120      6.319      0.000
    SH_W2              0.705      0.087      8.147      0.000
    SH_W3              0.635      0.113      5.625      0.000
    SH_W4              0.692      0.179      3.865      0.000


STD Standardization

                                                    Two-Tailed
                    Estimate       S.E.  Est./S.E.    P-Value

Group BLACK

 I        |
    SH_W1              0.460      0.066      6.975      0.000
    SH_W2              0.460      0.066      6.975      0.000
    SH_W3              0.460      0.066      6.975      0.000
    SH_W4              0.460      0.066      6.975      0.000

 S        |
    SH_W1              0.000      0.000    999.000    999.000
    SH_W2              0.116      0.051      2.304      0.021
    SH_W3              0.349      0.152      2.304      0.021
    SH_W4              0.582      0.253      2.304      0.021

 S        WITH
    I                 -0.320      0.204     -1.566      0.117

 Means
    I                  0.538      0.076      7.128      0.000
    S                  0.393      0.206      1.904      0.057

 Intercepts
    SH_W1              0.000      0.000    999.000    999.000
    SH_W2              0.000      0.000    999.000    999.000
    SH_W3              0.000      0.000    999.000    999.000
    SH_W4              0.000      0.000    999.000    999.000

 Variances
    I                  1.000      0.000    999.000    999.000
    S                  1.000      0.000    999.000    999.000

 Residual Variances
    SH_W1              0.420      0.122      3.459      0.001
    SH_W2              0.260      0.042      6.231      0.000
    SH_W3              0.473      0.041     11.634      0.000
    SH_W4              0.669      0.271      2.466      0.014

Group HISPANIC

 I        |
    SH_W1              0.455      0.093      4.875      0.000
    SH_W2              0.455      0.093      4.875      0.000
    SH_W3              0.455      0.093      4.875      0.000
    SH_W4              0.455      0.093      4.875      0.000

 S        |
    SH_W1              0.000      0.000    999.000    999.000
    SH_W2              0.121      0.032      3.763      0.000
    SH_W3              0.362      0.096      3.763      0.000
    SH_W4              0.604      0.160      3.763      0.000

 S        WITH
    I                 -0.234      0.282     -0.831      0.406

 Means
    I                  0.513      0.039     13.066      0.000
    S                  0.169      0.154      1.093      0.274

 Intercepts
    SH_W1              0.000      0.000    999.000    999.000
    SH_W2              0.000      0.000    999.000    999.000
    SH_W3              0.000      0.000    999.000    999.000
    SH_W4              0.000      0.000    999.000    999.000

 Variances
    I                  1.000      0.000    999.000    999.000
    S                  1.000      0.000    999.000    999.000

 Residual Variances
    SH_W1              0.258      0.077      3.342      0.001
    SH_W2              0.383      0.051      7.573      0.000
    SH_W3              0.475      0.075      6.300      0.000
    SH_W4              0.179      0.049      3.609      0.000

Group WHITE

 I        |
    SH_W1              0.512      0.117      4.362      0.000
    SH_W2              0.512      0.117      4.362      0.000
    SH_W3              0.512      0.117      4.362      0.000
    SH_W4              0.512      0.117      4.362      0.000

 S        |
    SH_W1              0.000      0.000    999.000    999.000
    SH_W2              0.109      0.051      2.139      0.032
    SH_W3              0.328      0.153      2.139      0.032
    SH_W4              0.547      0.256      2.139      0.032

 S        WITH
    I                 -0.139      0.441     -0.316      0.752

 Means
    I                  0.320      0.047      6.819      0.000
    S                  0.296      0.153      1.931      0.053

 Intercepts
    SH_W1              0.000      0.000    999.000    999.000
    SH_W2              0.000      0.000    999.000    999.000
    SH_W3              0.000      0.000    999.000    999.000
    SH_W4              0.000      0.000    999.000    999.000

 Variances
    I                  1.000      0.000    999.000    999.000
    S                  1.000      0.000    999.000    999.000

 Residual Variances
    SH_W1              0.234      0.038      6.139      0.000
    SH_W2              0.177      0.083      2.131      0.033
    SH_W3              0.269      0.071      3.803      0.000
    SH_W4              0.311      0.165      1.885      0.059

Group OTHER

 I        |
    SH_W1              0.369      0.117      3.160      0.002
    SH_W2              0.369      0.117      3.160      0.002
    SH_W3              0.369      0.117      3.160      0.002
    SH_W4              0.369      0.117      3.160      0.002

 S        |
    SH_W1            999.000    999.000    999.000    999.000
    SH_W2            999.000    999.000    999.000    999.000
    SH_W3            999.000    999.000    999.000    999.000
    SH_W4            999.000    999.000    999.000    999.000

 S        WITH
    I                999.000    999.000    999.000    999.000

 Means
    I                  0.730      0.146      4.988      0.000
    S                999.000    999.000    999.000    999.000

 Intercepts
    SH_W1              0.000      0.000    999.000    999.000
    SH_W2              0.000      0.000    999.000    999.000
    SH_W3              0.000      0.000    999.000    999.000
    SH_W4              0.000      0.000    999.000    999.000

 Variances
    I                  1.000      0.000    999.000    999.000
    S                999.000    999.000    999.000    999.000

 Residual Variances
    SH_W1              0.425      0.096      4.422      0.000
    SH_W2              0.506      0.157      3.220      0.001
    SH_W3              0.617      0.199      3.108      0.002
    SH_W4              1.093      0.432      2.531      0.011


R-SQUARE

Group BLACK

    Observed                                        Two-Tailed
    Variable        Estimate       S.E.  Est./S.E.    P-Value

    SH_W1              0.335      0.092      3.624      0.000
    SH_W2              0.424      0.050      8.391      0.000
    SH_W3              0.328      0.082      3.994      0.000
    SH_W4              0.362      0.148      2.449      0.014

Group HISPANIC

    Observed                                        Two-Tailed
    Variable        Estimate       S.E.  Est./S.E.    P-Value

    SH_W1              0.445      0.086      5.195      0.000
    SH_W2              0.339      0.070      4.813      0.000
    SH_W3              0.354      0.066      5.371      0.000
    SH_W4              0.713      0.099      7.232      0.000

Group WHITE

    Observed                                        Two-Tailed
    Variable        Estimate       S.E.  Est./S.E.    P-Value

    SH_W1              0.528      0.100      5.298      0.000
    SH_W2              0.594      0.153      3.886      0.000
    SH_W3              0.545      0.071      7.678      0.000
    SH_W4              0.609      0.219      2.776      0.005

Group OTHER

    Observed                                        Two-Tailed
    Variable        Estimate       S.E.  Est./S.E.    P-Value

    SH_W1              0.242      0.120      2.019      0.043
    SH_W2              0.295      0.087      3.409      0.001
    SH_W3              0.365      0.113      3.232      0.001
    SH_W4              0.308      0.179      1.720      0.085


QUALITY OF NUMERICAL RESULTS

     Condition Number for the Information Matrix              0.542E-03
       (ratio of smallest to largest eigenvalue)


CONFIDENCE INTERVALS OF MODEL RESULTS

                  Lower .5%  Lower 2.5%    Lower 5%    Estimate    Upper 5%  Upper 2.5%   Upper .5%

Group BLACK

 I        |
    SH_W1            1.000       1.000       1.000       1.000       1.000       1.000       1.000
    SH_W2            1.000       1.000       1.000       1.000       1.000       1.000       1.000
    SH_W3            1.000       1.000       1.000       1.000       1.000       1.000       1.000
    SH_W4            1.000       1.000       1.000       1.000       1.000       1.000       1.000

 S        |
    SH_W1            0.000       0.000       0.000       0.000       0.000       0.000       0.000
    SH_W2            0.500       0.500       0.500       0.500       0.500       0.500       0.500
    SH_W3            1.500       1.500       1.500       1.500       1.500       1.500       1.500
    SH_W4            2.500       2.500       2.500       2.500       2.500       2.500       2.500

 S        WITH
    I               -0.130      -0.107      -0.095      -0.034       0.027       0.038       0.061

 Means
    I                0.153       0.176       0.187       0.248       0.308       0.320       0.342
    S               -0.012       0.013       0.026       0.091       0.157       0.170       0.195

 Intercepts
    SH_W1            0.000       0.000       0.000       0.000       0.000       0.000       0.000
    SH_W2            0.000       0.000       0.000       0.000       0.000       0.000       0.000
    SH_W3            0.000       0.000       0.000       0.000       0.000       0.000       0.000
    SH_W4            0.000       0.000       0.000       0.000       0.000       0.000       0.000

 Variances
    I                0.055       0.093       0.112       0.212       0.312       0.331       0.368
    S               -0.067      -0.038      -0.023       0.054       0.132       0.146       0.175

 Residual Variances
    SH_W1            0.107       0.182       0.220       0.420       0.620       0.658       0.733
    SH_W2            0.153       0.178       0.191       0.260       0.329       0.342       0.368
    SH_W3            0.369       0.394       0.406       0.473       0.540       0.553       0.578
    SH_W4           -0.030       0.137       0.223       0.669       1.115       1.200       1.367

Group HISPANIC

 I        |
    SH_W1            1.000       1.000       1.000       1.000       1.000       1.000       1.000
    SH_W2            1.000       1.000       1.000       1.000       1.000       1.000       1.000
    SH_W3            1.000       1.000       1.000       1.000       1.000       1.000       1.000
    SH_W4            1.000       1.000       1.000       1.000       1.000       1.000       1.000

 S        |
    SH_W1            0.000       0.000       0.000       0.000       0.000       0.000       0.000
    SH_W2            0.500       0.500       0.500       0.500       0.500       0.500       0.500
    SH_W3            1.500       1.500       1.500       1.500       1.500       1.500       1.500
    SH_W4            2.500       2.500       2.500       2.500       2.500       2.500       2.500

 S        WITH
    I               -0.131      -0.106      -0.093      -0.026       0.041       0.054       0.079

 Means
    I                0.100       0.132       0.148       0.234       0.319       0.335       0.367
    S               -0.045      -0.024      -0.014       0.041       0.095       0.106       0.126

 Intercepts
    SH_W1            0.000       0.000       0.000       0.000       0.000       0.000       0.000
    SH_W2            0.000       0.000       0.000       0.000       0.000       0.000       0.000
    SH_W3            0.000       0.000       0.000       0.000       0.000       0.000       0.000
    SH_W4            0.000       0.000       0.000       0.000       0.000       0.000       0.000

 Variances
    I               -0.012       0.041       0.067       0.207       0.347       0.373       0.426
    S               -0.022      -0.002       0.007       0.058       0.109       0.119       0.138

 Residual Variances
    SH_W1            0.059       0.107       0.131       0.258       0.385       0.409       0.456
    SH_W2            0.252       0.284       0.299       0.383       0.466       0.482       0.513
    SH_W3            0.281       0.328       0.351       0.475       0.600       0.623       0.670
    SH_W4            0.051       0.082       0.097       0.179       0.260       0.276       0.306

Group WHITE

 I        |
    SH_W1            1.000       1.000       1.000       1.000       1.000       1.000       1.000
    SH_W2            1.000       1.000       1.000       1.000       1.000       1.000       1.000
    SH_W3            1.000       1.000       1.000       1.000       1.000       1.000       1.000
    SH_W4            1.000       1.000       1.000       1.000       1.000       1.000       1.000

 S        |
    SH_W1            0.000       0.000       0.000       0.000       0.000       0.000       0.000
    SH_W2            0.500       0.500       0.500       0.500       0.500       0.500       0.500
    SH_W3            1.500       1.500       1.500       1.500       1.500       1.500       1.500
    SH_W4            2.500       2.500       2.500       2.500       2.500       2.500       2.500

 S        WITH
    I               -0.160      -0.126      -0.108      -0.016       0.077       0.095       0.129

 Means
    I                0.091       0.108       0.117       0.163       0.210       0.219       0.236
    S                0.018       0.029       0.035       0.065       0.095       0.101       0.112

 Intercepts
    SH_W1            0.000       0.000       0.000       0.000       0.000       0.000       0.000
    SH_W2            0.000       0.000       0.000       0.000       0.000       0.000       0.000
    SH_W3            0.000       0.000       0.000       0.000       0.000       0.000       0.000
    SH_W4            0.000       0.000       0.000       0.000       0.000       0.000       0.000

 Variances
    I               -0.047       0.027       0.064       0.262       0.459       0.497       0.571
    S               -0.067      -0.040      -0.026       0.048       0.121       0.136       0.163

 Residual Variances
    SH_W1            0.136       0.159       0.171       0.234       0.296       0.308       0.332
    SH_W2           -0.037       0.014       0.040       0.177       0.313       0.339       0.390
    SH_W3            0.087       0.131       0.153       0.269       0.386       0.408       0.452
    SH_W4           -0.114      -0.012       0.039       0.311       0.582       0.634       0.735

Group OTHER

 I        |
    SH_W1            1.000       1.000       1.000       1.000       1.000       1.000       1.000
    SH_W2            1.000       1.000       1.000       1.000       1.000       1.000       1.000
    SH_W3            1.000       1.000       1.000       1.000       1.000       1.000       1.000
    SH_W4            1.000       1.000       1.000       1.000       1.000       1.000       1.000

 S        |
    SH_W1            0.000       0.000       0.000       0.000       0.000       0.000       0.000
    SH_W2            0.500       0.500       0.500       0.500       0.500       0.500       0.500
    SH_W3            1.500       1.500       1.500       1.500       1.500       1.500       1.500
    SH_W4            2.500       2.500       2.500       2.500       2.500       2.500       2.500

 S        WITH
    I               -0.036      -0.009       0.005       0.077       0.150       0.164       0.191

 Means
    I                0.167       0.191       0.204       0.269       0.334       0.346       0.371
    S                0.043       0.063       0.073       0.126       0.178       0.188       0.208

 Intercepts
    SH_W1            0.000       0.000       0.000       0.000       0.000       0.000       0.000
    SH_W2            0.000       0.000       0.000       0.000       0.000       0.000       0.000
    SH_W3            0.000       0.000       0.000       0.000       0.000       0.000       0.000
    SH_W4            0.000       0.000       0.000       0.000       0.000       0.000       0.000

 Variances
    I               -0.086      -0.033      -0.006       0.136       0.277       0.304       0.357
    S               -0.141      -0.108      -0.092      -0.006       0.080       0.097       0.129

 Residual Variances
    SH_W1            0.178       0.237       0.267       0.425       0.583       0.614       0.673
    SH_W2            0.101       0.198       0.247       0.506       0.764       0.814       0.910
    SH_W3            0.106       0.228       0.291       0.617       0.944       1.007       1.129
    SH_W4           -0.020       0.246       0.382       1.093       1.803       1.939       2.205


CONFIDENCE INTERVALS OF STANDARDIZED MODEL RESULTS


STDYX Standardization

                  Lower .5%  Lower 2.5%    Lower 5%    Estimate    Upper 5%  Upper 2.5%   Upper .5%

Group BLACK

 I        |
    SH_W1            0.373       0.422       0.447       0.579       0.710       0.735       0.784
    SH_W2            0.511       0.552       0.574       0.685       0.797       0.818       0.860
    SH_W3            0.369       0.412       0.434       0.548       0.663       0.685       0.728
    SH_W4            0.222       0.276       0.304       0.450       0.595       0.623       0.677

 S        |
    SH_W1            0.000       0.000       0.000       0.000       0.000       0.000       0.000
    SH_W2           -0.013       0.031       0.054       0.173       0.292       0.315       0.360
    SH_W3           -0.022       0.083       0.137       0.416       0.696       0.749       0.854
    SH_W4            0.004       0.139       0.208       0.569       0.929       0.998       1.133

 S        WITH
    I               -0.846      -0.720      -0.656      -0.320       0.016       0.081       0.206

 Means
    I                0.344       0.390       0.414       0.538       0.663       0.686       0.733
    S               -0.139      -0.012       0.053       0.393       0.732       0.797       0.924

 Intercepts
    SH_W1            0.000       0.000       0.000       0.000       0.000       0.000       0.000
    SH_W2            0.000       0.000       0.000       0.000       0.000       0.000       0.000
    SH_W3            0.000       0.000       0.000       0.000       0.000       0.000       0.000
    SH_W4            0.000       0.000       0.000       0.000       0.000       0.000       0.000

 Variances
    I                1.000       1.000       1.000       1.000       1.000       1.000       1.000
    S                1.000       1.000       1.000       1.000       1.000       1.000       1.000

 Residual Variances
    SH_W1            0.427       0.484       0.513       0.665       0.817       0.846       0.903
    SH_W2            0.446       0.478       0.493       0.576       0.660       0.675       0.706
    SH_W3            0.461       0.511       0.537       0.672       0.807       0.833       0.884
    SH_W4            0.258       0.349       0.395       0.638       0.881       0.928       1.019

Group HISPANIC

 I        |
    SH_W1            0.502       0.542       0.562       0.667       0.773       0.793       0.833
    SH_W2            0.338       0.400       0.432       0.598       0.765       0.796       0.859
    SH_W3            0.231       0.303       0.339       0.530       0.721       0.758       0.829
    SH_W4            0.261       0.336       0.375       0.577       0.779       0.818       0.894

 S        |
    SH_W1            0.000       0.000       0.000       0.000       0.000       0.000       0.000
    SH_W2            0.071       0.092       0.103       0.159       0.215       0.226       0.247
    SH_W3            0.143       0.210       0.244       0.422       0.600       0.634       0.701
    SH_W4            0.319       0.426       0.481       0.766       1.051       1.106       1.213

 S        WITH
    I               -0.961      -0.787      -0.699      -0.234       0.230       0.319       0.492

 Means
    I                0.412       0.436       0.449       0.513       0.578       0.590       0.615
    S               -0.229      -0.134      -0.085       0.169       0.423       0.471       0.566

 Intercepts
    SH_W1            0.000       0.000       0.000       0.000       0.000       0.000       0.000
    SH_W2            0.000       0.000       0.000       0.000       0.000       0.000       0.000
    SH_W3            0.000       0.000       0.000       0.000       0.000       0.000       0.000
    SH_W4            0.000       0.000       0.000       0.000       0.000       0.000       0.000

 Variances
    I                1.000       1.000       1.000       1.000       1.000       1.000       1.000
    S                1.000       1.000       1.000       1.000       1.000       1.000       1.000

 Residual Variances
    SH_W1            0.334       0.386       0.413       0.555       0.696       0.723       0.775
    SH_W2            0.480       0.524       0.546       0.661       0.777       0.799       0.843
    SH_W3            0.476       0.516       0.537       0.646       0.754       0.775       0.816
    SH_W4            0.034       0.094       0.125       0.287       0.450       0.481       0.541

Group WHITE

 I        |
    SH_W1            0.550       0.592       0.614       0.727       0.840       0.861       0.903
    SH_W2            0.371       0.468       0.518       0.776       1.034       1.084       1.181
    SH_W3            0.212       0.321       0.376       0.665       0.954       1.009       1.117
    SH_W4            0.194       0.285       0.331       0.574       0.817       0.864       0.955

 S        |
    SH_W1            0.000       0.000       0.000       0.000       0.000       0.000       0.000
    SH_W2           -0.054      -0.001       0.026       0.166       0.306       0.333       0.386
    SH_W3           -0.048       0.065       0.123       0.426       0.730       0.788       0.901
    SH_W4           -0.094       0.075       0.162       0.614       1.066       1.153       1.322

 S        WITH
    I               -1.277      -1.005      -0.866      -0.139       0.587       0.726       0.998

 Means
    I                0.199       0.228       0.242       0.320       0.397       0.411       0.440
    S               -0.099      -0.004       0.044       0.296       0.549       0.597       0.692

 Intercepts
    SH_W1            0.000       0.000       0.000       0.000       0.000       0.000       0.000
    SH_W2            0.000       0.000       0.000       0.000       0.000       0.000       0.000
    SH_W3            0.000       0.000       0.000       0.000       0.000       0.000       0.000
    SH_W4            0.000       0.000       0.000       0.000       0.000       0.000       0.000

 Variances
    I                1.000       1.000       1.000       1.000       1.000       1.000       1.000
    S                1.000       1.000       1.000       1.000       1.000       1.000       1.000

 Residual Variances
    SH_W1            0.215       0.276       0.308       0.472       0.636       0.667       0.729
    SH_W2            0.013       0.107       0.155       0.406       0.658       0.706       0.800
    SH_W3            0.272       0.316       0.338       0.455       0.572       0.594       0.638
    SH_W4           -0.173      -0.038       0.031       0.391       0.752       0.821       0.956

Group OTHER

 I        |
    SH_W1            0.178       0.253       0.292       0.492       0.693       0.731       0.806
    SH_W2            0.143       0.213       0.249       0.435       0.622       0.657       0.727
    SH_W3            0.100       0.166       0.199       0.374       0.549       0.582       0.648
    SH_W4            0.010       0.078       0.112       0.293       0.474       0.509       0.577

 S        |
    SH_W1          999.000     999.000     999.000     999.000     999.000     999.000     999.000
    SH_W2          999.000     999.000     999.000     999.000     999.000     999.000     999.000
    SH_W3          999.000     999.000     999.000     999.000     999.000     999.000     999.000
    SH_W4          999.000     999.000     999.000     999.000     999.000     999.000     999.000

 S        WITH
    I              999.000     999.000     999.000     999.000     999.000     999.000     999.000

 Means
    I                0.353       0.443       0.489       0.730       0.970       1.016       1.106
    S              999.000     999.000     999.000     999.000     999.000     999.000     999.000

 Intercepts
    SH_W1            0.000       0.000       0.000       0.000       0.000       0.000       0.000
    SH_W2            0.000       0.000       0.000       0.000       0.000       0.000       0.000
    SH_W3            0.000       0.000       0.000       0.000       0.000       0.000       0.000
    SH_W4            0.000       0.000       0.000       0.000       0.000       0.000       0.000

 Variances
    I                1.000       1.000       1.000       1.000       1.000       1.000       1.000
    S              999.000     999.000     999.000     999.000     999.000     999.000     999.000

 Residual Variances
    SH_W1            0.449       0.523       0.561       0.758       0.955       0.993       1.067
    SH_W2            0.482       0.535       0.563       0.705       0.847       0.875       0.928
    SH_W3            0.344       0.414       0.449       0.635       0.821       0.856       0.926
    SH_W4            0.231       0.341       0.397       0.692       0.986       1.043       1.153


STDY Standardization

                  Lower .5%  Lower 2.5%    Lower 5%    Estimate    Upper 5%  Upper 2.5%   Upper .5%

Group BLACK

 I        |
    SH_W1            0.373       0.422       0.447       0.579       0.710       0.735       0.784
    SH_W2            0.511       0.552       0.574       0.685       0.797       0.818       0.860
    SH_W3            0.369       0.412       0.434       0.548       0.663       0.685       0.728
    SH_W4            0.222       0.276       0.304       0.450       0.595       0.623       0.677

 S        |
    SH_W1            0.000       0.000       0.000       0.000       0.000       0.000       0.000
    SH_W2           -0.013       0.031       0.054       0.173       0.292       0.315       0.360
    SH_W3           -0.022       0.083       0.137       0.416       0.696       0.749       0.854
    SH_W4            0.004       0.139       0.208       0.569       0.929       0.998       1.133

 S        WITH
    I               -0.846      -0.720      -0.656      -0.320       0.016       0.081       0.206

 Means
    I                0.344       0.390       0.414       0.538       0.663       0.686       0.733
    S               -0.139      -0.012       0.053       0.393       0.732       0.797       0.924

 Intercepts
    SH_W1            0.000       0.000       0.000       0.000       0.000       0.000       0.000
    SH_W2            0.000       0.000       0.000       0.000       0.000       0.000       0.000
    SH_W3            0.000       0.000       0.000       0.000       0.000       0.000       0.000
    SH_W4            0.000       0.000       0.000       0.000       0.000       0.000       0.000

 Variances
    I                1.000       1.000       1.000       1.000       1.000       1.000       1.000
    S                1.000       1.000       1.000       1.000       1.000       1.000       1.000

 Residual Variances
    SH_W1            0.427       0.484       0.513       0.665       0.817       0.846       0.903
    SH_W2            0.446       0.478       0.493       0.576       0.660       0.675       0.706
    SH_W3            0.461       0.511       0.537       0.672       0.807       0.833       0.884
    SH_W4            0.258       0.349       0.395       0.638       0.881       0.928       1.019

Group HISPANIC

 I        |
    SH_W1            0.502       0.542       0.562       0.667       0.773       0.793       0.833
    SH_W2            0.338       0.400       0.432       0.598       0.765       0.796       0.859
    SH_W3            0.231       0.303       0.339       0.530       0.721       0.758       0.829
    SH_W4            0.261       0.336       0.375       0.577       0.779       0.818       0.894

 S        |
    SH_W1            0.000       0.000       0.000       0.000       0.000       0.000       0.000
    SH_W2            0.071       0.092       0.103       0.159       0.215       0.226       0.247
    SH_W3            0.143       0.210       0.244       0.422       0.600       0.634       0.701
    SH_W4            0.319       0.426       0.481       0.766       1.051       1.106       1.213

 S        WITH
    I               -0.961      -0.787      -0.699      -0.234       0.230       0.319       0.492

 Means
    I                0.412       0.436       0.449       0.513       0.578       0.590       0.615
    S               -0.229      -0.134      -0.085       0.169       0.423       0.471       0.566

 Intercepts
    SH_W1            0.000       0.000       0.000       0.000       0.000       0.000       0.000
    SH_W2            0.000       0.000       0.000       0.000       0.000       0.000       0.000
    SH_W3            0.000       0.000       0.000       0.000       0.000       0.000       0.000
    SH_W4            0.000       0.000       0.000       0.000       0.000       0.000       0.000

 Variances
    I                1.000       1.000       1.000       1.000       1.000       1.000       1.000
    S                1.000       1.000       1.000       1.000       1.000       1.000       1.000

 Residual Variances
    SH_W1            0.334       0.386       0.413       0.555       0.696       0.723       0.775
    SH_W2            0.480       0.524       0.546       0.661       0.777       0.799       0.843
    SH_W3            0.476       0.516       0.537       0.646       0.754       0.775       0.816
    SH_W4            0.034       0.094       0.125       0.287       0.450       0.481       0.541

Group WHITE

 I        |
    SH_W1            0.550       0.592       0.614       0.727       0.840       0.861       0.903
    SH_W2            0.371       0.468       0.518       0.776       1.034       1.084       1.181
    SH_W3            0.212       0.321       0.376       0.665       0.954       1.009       1.117
    SH_W4            0.194       0.285       0.331       0.574       0.817       0.864       0.955

 S        |
    SH_W1            0.000       0.000       0.000       0.000       0.000       0.000       0.000
    SH_W2           -0.054      -0.001       0.026       0.166       0.306       0.333       0.386
    SH_W3           -0.048       0.065       0.123       0.426       0.730       0.788       0.901
    SH_W4           -0.094       0.075       0.162       0.614       1.066       1.153       1.322

 S        WITH
    I               -1.277      -1.005      -0.866      -0.139       0.587       0.726       0.998

 Means
    I                0.199       0.228       0.242       0.320       0.397       0.411       0.440
    S               -0.099      -0.004       0.044       0.296       0.549       0.597       0.692

 Intercepts
    SH_W1            0.000       0.000       0.000       0.000       0.000       0.000       0.000
    SH_W2            0.000       0.000       0.000       0.000       0.000       0.000       0.000
    SH_W3            0.000       0.000       0.000       0.000       0.000       0.000       0.000
    SH_W4            0.000       0.000       0.000       0.000       0.000       0.000       0.000

 Variances
    I                1.000       1.000       1.000       1.000       1.000       1.000       1.000
    S                1.000       1.000       1.000       1.000       1.000       1.000       1.000

 Residual Variances
    SH_W1            0.215       0.276       0.308       0.472       0.636       0.667       0.729
    SH_W2            0.013       0.107       0.155       0.406       0.658       0.706       0.800
    SH_W3            0.272       0.316       0.338       0.455       0.572       0.594       0.638
    SH_W4           -0.173      -0.038       0.031       0.391       0.752       0.821       0.956

Group OTHER

 I        |
    SH_W1            0.178       0.253       0.292       0.492       0.693       0.731       0.806
    SH_W2            0.143       0.213       0.249       0.435       0.622       0.657       0.727
    SH_W3            0.100       0.166       0.199       0.374       0.549       0.582       0.648
    SH_W4            0.010       0.078       0.112       0.293       0.474       0.509       0.577

 S        |
    SH_W1          999.000     999.000     999.000     999.000     999.000     999.000     999.000
    SH_W2          999.000     999.000     999.000     999.000     999.000     999.000     999.000
    SH_W3          999.000     999.000     999.000     999.000     999.000     999.000     999.000
    SH_W4          999.000     999.000     999.000     999.000     999.000     999.000     999.000

 S        WITH
    I              999.000     999.000     999.000     999.000     999.000     999.000     999.000

 Means
    I                0.353       0.443       0.489       0.730       0.970       1.016       1.106
    S              999.000     999.000     999.000     999.000     999.000     999.000     999.000

 Intercepts
    SH_W1            0.000       0.000       0.000       0.000       0.000       0.000       0.000
    SH_W2            0.000       0.000       0.000       0.000       0.000       0.000       0.000
    SH_W3            0.000       0.000       0.000       0.000       0.000       0.000       0.000
    SH_W4            0.000       0.000       0.000       0.000       0.000       0.000       0.000

 Variances
    I                1.000       1.000       1.000       1.000       1.000       1.000       1.000
    S              999.000     999.000     999.000     999.000     999.000     999.000     999.000

 Residual Variances
    SH_W1            0.449       0.523       0.561       0.758       0.955       0.993       1.067
    SH_W2            0.482       0.535       0.563       0.705       0.847       0.875       0.928
    SH_W3            0.344       0.414       0.449       0.635       0.821       0.856       0.926
    SH_W4            0.231       0.341       0.397       0.692       0.986       1.043       1.153


STD Standardization

                  Lower .5%  Lower 2.5%    Lower 5%    Estimate    Upper 5%  Upper 2.5%   Upper .5%

Group BLACK

 I        |
    SH_W1            0.290       0.331       0.352       0.460       0.569       0.589       0.630
    SH_W2            0.290       0.331       0.352       0.460       0.569       0.589       0.630
    SH_W3            0.290       0.331       0.352       0.460       0.569       0.589       0.630
    SH_W4            0.290       0.331       0.352       0.460       0.569       0.589       0.630

 S        |
    SH_W1            0.000       0.000       0.000       0.000       0.000       0.000       0.000
    SH_W2           -0.014       0.017       0.033       0.116       0.200       0.215       0.247
    SH_W3           -0.041       0.052       0.100       0.349       0.599       0.646       0.740
    SH_W4           -0.069       0.087       0.166       0.582       0.998       1.077       1.233

 S        WITH
    I               -0.846      -0.720      -0.656      -0.320       0.016       0.081       0.206

 Means
    I                0.344       0.390       0.414       0.538       0.663       0.686       0.733
    S               -0.139      -0.012       0.053       0.393       0.732       0.797       0.924

 Intercepts
    SH_W1            0.000       0.000       0.000       0.000       0.000       0.000       0.000
    SH_W2            0.000       0.000       0.000       0.000       0.000       0.000       0.000
    SH_W3            0.000       0.000       0.000       0.000       0.000       0.000       0.000
    SH_W4            0.000       0.000       0.000       0.000       0.000       0.000       0.000

 Variances
    I                1.000       1.000       1.000       1.000       1.000       1.000       1.000
    S                1.000       1.000       1.000       1.000       1.000       1.000       1.000

 Residual Variances
    SH_W1            0.107       0.182       0.220       0.420       0.620       0.658       0.733
    SH_W2            0.153       0.178       0.191       0.260       0.329       0.342       0.368
    SH_W3            0.369       0.394       0.406       0.473       0.540       0.553       0.578
    SH_W4           -0.030       0.137       0.223       0.669       1.115       1.200       1.367

Group HISPANIC

 I        |
    SH_W1            0.215       0.272       0.301       0.455       0.609       0.638       0.695
    SH_W2            0.215       0.272       0.301       0.455       0.609       0.638       0.695
    SH_W3            0.215       0.272       0.301       0.455       0.609       0.638       0.695
    SH_W4            0.215       0.272       0.301       0.455       0.609       0.638       0.695

 S        |
    SH_W1            0.000       0.000       0.000       0.000       0.000       0.000       0.000
    SH_W2            0.038       0.058       0.068       0.121       0.174       0.184       0.203
    SH_W3            0.114       0.174       0.204       0.362       0.521       0.551       0.610
    SH_W4            0.191       0.289       0.340       0.604       0.868       0.918       1.017

 S        WITH
    I               -0.961      -0.787      -0.699      -0.234       0.230       0.319       0.492

 Means
    I                0.412       0.436       0.449       0.513       0.578       0.590       0.615
    S               -0.229      -0.134      -0.085       0.169       0.423       0.471       0.566

 Intercepts
    SH_W1            0.000       0.000       0.000       0.000       0.000       0.000       0.000
    SH_W2            0.000       0.000       0.000       0.000       0.000       0.000       0.000
    SH_W3            0.000       0.000       0.000       0.000       0.000       0.000       0.000
    SH_W4            0.000       0.000       0.000       0.000       0.000       0.000       0.000

 Variances
    I                1.000       1.000       1.000       1.000       1.000       1.000       1.000
    S                1.000       1.000       1.000       1.000       1.000       1.000       1.000

 Residual Variances
    SH_W1            0.059       0.107       0.131       0.258       0.385       0.409       0.456
    SH_W2            0.252       0.284       0.299       0.383       0.466       0.482       0.513
    SH_W3            0.281       0.328       0.351       0.475       0.600       0.623       0.670
    SH_W4            0.051       0.082       0.097       0.179       0.260       0.276       0.306

Group WHITE

 I        |
    SH_W1            0.209       0.282       0.319       0.512       0.704       0.741       0.814
    SH_W2            0.209       0.282       0.319       0.512       0.704       0.741       0.814
    SH_W3            0.209       0.282       0.319       0.512       0.704       0.741       0.814
    SH_W4            0.209       0.282       0.319       0.512       0.704       0.741       0.814

 S        |
    SH_W1            0.000       0.000       0.000       0.000       0.000       0.000       0.000
    SH_W2           -0.022       0.009       0.025       0.109       0.194       0.210       0.241
    SH_W3           -0.067       0.027       0.076       0.328       0.581       0.629       0.723
    SH_W4           -0.112       0.046       0.126       0.547       0.968       1.048       1.205

 S        WITH
    I               -1.277      -1.005      -0.866      -0.139       0.587       0.726       0.998

 Means
    I                0.199       0.228       0.242       0.320       0.397       0.411       0.440
    S               -0.099      -0.004       0.044       0.296       0.549       0.597       0.692

 Intercepts
    SH_W1            0.000       0.000       0.000       0.000       0.000       0.000       0.000
    SH_W2            0.000       0.000       0.000       0.000       0.000       0.000       0.000
    SH_W3            0.000       0.000       0.000       0.000       0.000       0.000       0.000
    SH_W4            0.000       0.000       0.000       0.000       0.000       0.000       0.000

 Variances
    I                1.000       1.000       1.000       1.000       1.000       1.000       1.000
    S                1.000       1.000       1.000       1.000       1.000       1.000       1.000

 Residual Variances
    SH_W1            0.136       0.159       0.171       0.234       0.296       0.308       0.332
    SH_W2           -0.037       0.014       0.040       0.177       0.313       0.339       0.390
    SH_W3            0.087       0.131       0.153       0.269       0.386       0.408       0.452
    SH_W4           -0.114      -0.012       0.039       0.311       0.582       0.634       0.735

Group OTHER

 I        |
    SH_W1            0.068       0.140       0.177       0.369       0.561       0.597       0.669
    SH_W2            0.068       0.140       0.177       0.369       0.561       0.597       0.669
    SH_W3            0.068       0.140       0.177       0.369       0.561       0.597       0.669
    SH_W4            0.068       0.140       0.177       0.369       0.561       0.597       0.669

 S        |
    SH_W1          999.000     999.000     999.000     999.000     999.000     999.000     999.000
    SH_W2          999.000     999.000     999.000     999.000     999.000     999.000     999.000
    SH_W3          999.000     999.000     999.000     999.000     999.000     999.000     999.000
    SH_W4          999.000     999.000     999.000     999.000     999.000     999.000     999.000

 S        WITH
    I              999.000     999.000     999.000     999.000     999.000     999.000     999.000

 Means
    I                0.353       0.443       0.489       0.730       0.970       1.016       1.106
    S              999.000     999.000     999.000     999.000     999.000     999.000     999.000

 Intercepts
    SH_W1            0.000       0.000       0.000       0.000       0.000       0.000       0.000
    SH_W2            0.000       0.000       0.000       0.000       0.000       0.000       0.000
    SH_W3            0.000       0.000       0.000       0.000       0.000       0.000       0.000
    SH_W4            0.000       0.000       0.000       0.000       0.000       0.000       0.000

 Variances
    I                1.000       1.000       1.000       1.000       1.000       1.000       1.000
    S              999.000     999.000     999.000     999.000     999.000     999.000     999.000

 Residual Variances
    SH_W1            0.178       0.237       0.267       0.425       0.583       0.614       0.673
    SH_W2            0.101       0.198       0.247       0.506       0.764       0.814       0.910
    SH_W3            0.106       0.228       0.291       0.617       0.944       1.007       1.129
    SH_W4           -0.020       0.246       0.382       1.093       1.803       1.939       2.205


TECHNICAL 1 OUTPUT


     PARAMETER SPECIFICATION FOR BLACK


           NU
              SH_W1         SH_W2         SH_W3         SH_W4
              ________      ________      ________      ________
                  0             0             0             0


           LAMBDA
              I             S
              ________      ________
 SH_W1              0             0
 SH_W2              0             0
 SH_W3              0             0
 SH_W4              0             0


           THETA
              SH_W1         SH_W2         SH_W3         SH_W4
              ________      ________      ________      ________
 SH_W1              1
 SH_W2              0             2
 SH_W3              0             0             3
 SH_W4              0             0             0             4


           ALPHA
              I             S
              ________      ________
                  5             6


           BETA
              I             S
              ________      ________
 I                  0             0
 S                  0             0


           PSI
              I             S
              ________      ________
 I                  7
 S                  8             9


     PARAMETER SPECIFICATION FOR HISPANIC


           NU
              SH_W1         SH_W2         SH_W3         SH_W4
              ________      ________      ________      ________
                  0             0             0             0


           LAMBDA
              I             S
              ________      ________
 SH_W1              0             0
 SH_W2              0             0
 SH_W3              0             0
 SH_W4              0             0


           THETA
              SH_W1         SH_W2         SH_W3         SH_W4
              ________      ________      ________      ________
 SH_W1             10
 SH_W2              0            11
 SH_W3              0             0            12
 SH_W4              0             0             0            13


           ALPHA
              I             S
              ________      ________
                 14            15


           BETA
              I             S
              ________      ________
 I                  0             0
 S                  0             0


           PSI
              I             S
              ________      ________
 I                 16
 S                 17            18


     PARAMETER SPECIFICATION FOR WHITE


           NU
              SH_W1         SH_W2         SH_W3         SH_W4
              ________      ________      ________      ________
                  0             0             0             0


           LAMBDA
              I             S
              ________      ________
 SH_W1              0             0
 SH_W2              0             0
 SH_W3              0             0
 SH_W4              0             0


           THETA
              SH_W1         SH_W2         SH_W3         SH_W4
              ________      ________      ________      ________
 SH_W1             19
 SH_W2              0            20
 SH_W3              0             0            21
 SH_W4              0             0             0            22


           ALPHA
              I             S
              ________      ________
                 23            24


           BETA
              I             S
              ________      ________
 I                  0             0
 S                  0             0


           PSI
              I             S
              ________      ________
 I                 25
 S                 26            27


     PARAMETER SPECIFICATION FOR OTHER


           NU
              SH_W1         SH_W2         SH_W3         SH_W4
              ________      ________      ________      ________
                  0             0             0             0


           LAMBDA
              I             S
              ________      ________
 SH_W1              0             0
 SH_W2              0             0
 SH_W3              0             0
 SH_W4              0             0


           THETA
              SH_W1         SH_W2         SH_W3         SH_W4
              ________      ________      ________      ________
 SH_W1             28
 SH_W2              0            29
 SH_W3              0             0            30
 SH_W4              0             0             0            31


           ALPHA
              I             S
              ________      ________
                 32            33


           BETA
              I             S
              ________      ________
 I                  0             0
 S                  0             0


           PSI
              I             S
              ________      ________
 I                 34
 S                 35            36


     STARTING VALUES FOR BLACK


           NU
              SH_W1         SH_W2         SH_W3         SH_W4
              ________      ________      ________      ________
                0.000         0.000         0.000         0.000


           LAMBDA
              I             S
              ________      ________
 SH_W1          1.000         0.000
 SH_W2          1.000         0.500
 SH_W3          1.000         1.500
 SH_W4          1.000         2.500


           THETA
              SH_W1         SH_W2         SH_W3         SH_W4
              ________      ________      ________      ________
 SH_W1          0.321
 SH_W2          0.000         0.219
 SH_W3          0.000         0.000         0.357
 SH_W4          0.000         0.000         0.000         0.525


           ALPHA
              I             S
              ________      ________
                0.252         0.084


           BETA
              I             S
              ________      ________
 I              0.000         0.000
 S              0.000         0.000


           PSI
              I             S
              ________      ________
 I              0.486
 S              0.000         0.580


     STARTING VALUES FOR HISPANIC


           NU
              SH_W1         SH_W2         SH_W3         SH_W4
              ________      ________      ________      ________
                0.000         0.000         0.000         0.000


           LAMBDA
              I             S
              ________      ________
 SH_W1          1.000         0.000
 SH_W2          1.000         0.500
 SH_W3          1.000         1.500
 SH_W4          1.000         2.500


           THETA
              SH_W1         SH_W2         SH_W3         SH_W4
              ________      ________      ________      ________
 SH_W1          0.321
 SH_W2          0.000         0.219
 SH_W3          0.000         0.000         0.357
 SH_W4          0.000         0.000         0.000         0.525


           ALPHA
              I             S
              ________      ________
                0.252         0.084


           BETA
              I             S
              ________      ________
 I              0.000         0.000
 S              0.000         0.000


           PSI
              I             S
              ________      ________
 I              0.486
 S              0.000         0.580


     STARTING VALUES FOR WHITE


           NU
              SH_W1         SH_W2         SH_W3         SH_W4
              ________      ________      ________      ________
                0.000         0.000         0.000         0.000


           LAMBDA
              I             S
              ________      ________
 SH_W1          1.000         0.000
 SH_W2          1.000         0.500
 SH_W3          1.000         1.500
 SH_W4          1.000         2.500


           THETA
              SH_W1         SH_W2         SH_W3         SH_W4
              ________      ________      ________      ________
 SH_W1          0.321
 SH_W2          0.000         0.219
 SH_W3          0.000         0.000         0.357
 SH_W4          0.000         0.000         0.000         0.525


           ALPHA
              I             S
              ________      ________
                0.252         0.084


           BETA
              I             S
              ________      ________
 I              0.000         0.000
 S              0.000         0.000


           PSI
              I             S
              ________      ________
 I              0.486
 S              0.000         0.580


     STARTING VALUES FOR OTHER


           NU
              SH_W1         SH_W2         SH_W3         SH_W4
              ________      ________      ________      ________
                0.000         0.000         0.000         0.000


           LAMBDA
              I             S
              ________      ________
 SH_W1          1.000         0.000
 SH_W2          1.000         0.500
 SH_W3          1.000         1.500
 SH_W4          1.000         2.500


           THETA
              SH_W1         SH_W2         SH_W3         SH_W4
              ________      ________      ________      ________
 SH_W1          0.321
 SH_W2          0.000         0.219
 SH_W3          0.000         0.000         0.357
 SH_W4          0.000         0.000         0.000         0.525


           ALPHA
              I             S
              ________      ________
                0.252         0.084


           BETA
              I             S
              ________      ________
 I              0.000         0.000
 S              0.000         0.000


           PSI
              I             S
              ________      ________
 I              0.486
 S              0.000         0.580


DIAGRAM INFORMATION

  Use View Diagram under the Diagram menu in the Mplus Editor to view the diagram.
  If running Mplus from the Mplus Diagrammer, the diagram opens automatically.

  Diagram output
    c:\users\kylenick\onedrive - university of north carolina at chapel hill\dorothy\ipa\paper_1_ace_sv\mplus files\mult

     Beginning Time:  21:38:34
        Ending Time:  21:38:35
       Elapsed Time:  00:00:01



MUTHEN & MUTHEN
3463 Stoner Ave.
Los Angeles, CA  90066

Tel: (310) 391-9971
Fax: (310) 391-8971
Web: www.StatModel.com
Support: Support@StatModel.com

Copyright (c) 1998-2019 Muthen & Muthen
