Mplus VERSION 8.4
MUTHEN & MUTHEN
05/12/2021  10:17 PM

INPUT INSTRUCTIONS

  TITLE: Sexual Harassment LGM Multigroup-Race Equal

  DATA: FILE = mpluswide.csv;

  VARIABLE:
  NAMES = subjno School Gender Female Race Race4
  Black Hispanic White OtherR SchBel
  Age Grades FamCon Abuse SibAgg
  del_w1 del_w2 del_w3 del_w4
  dep_w1 dep_w2 dep_w3 dep_w4
  emp_w1 emp_w2 emp_w3 emp_w4
  schb_w1 schb_w2 schb_w3 schb_w4
  sh_w1 sh_w2 sh_w3 sh_w4;

  USEVARIABLES = sh_w1-sh_w4;
  IDVARIABLE = subjno;
  CLUSTER = School;
  GROUPING = Race4 (1 = Black 2 = Hispanic 3 = White 4 = Other);

  MISSING = ALL (-999);

  ANALYSIS:
  TYPE = COMPLEX;

  MODEL:
  i s | sh_w1@0 sh_w2@.5 sh_w3@1.5 sh_w4@2.5;
  [i] (1); [s] (2);
  i (3); s (4);
  sh_w1-sh_w4 (5-8);
  s WITH i (9);


  OUTPUT:
  STANDARDIZED CINTERVAL;

  !Need to calculate difference test by hand: https://statmodel.com/chidiff.shtml



*** WARNING
  Data set contains cases with missing on all variables.
  These cases were not included in the analysis.
  Number of cases with missing on all variables:  1
   1 WARNING(S) FOUND IN THE INPUT INSTRUCTIONS



Sexual Harassment LGM Multigroup-Race Equal

SUMMARY OF ANALYSIS

Number of groups                                                 4
Number of observations
   Group BLACK                                                 459
   Group HISPANIC                                              605
   Group WHITE                                                 298
   Group OTHER                                                 201
   Total sample size                                          1563

Number of dependent variables                                    4
Number of independent variables                                  0
Number of continuous latent variables                            2

Observed dependent variables

  Continuous
   SH_W1       SH_W2       SH_W3       SH_W4

Continuous latent variables
   I           S

Variables with special functions

  Grouping variable     RACE4
  Cluster variable      SCHOOL
  ID variable           SUBJNO

Estimator                                                      MLR
Information matrix                                        OBSERVED
Maximum number of iterations                                  1000
Convergence criterion                                    0.500D-04
Maximum number of steepest descent iterations                   20
Maximum number of iterations for H1                           2000
Convergence criterion for H1                             0.100D-03

Input data file(s)
  mpluswide.csv

Input data format  FREE


SUMMARY OF DATA

   Group BLACK
     Number of missing data patterns            12
     Number of clusters                         18


   Group HISPANIC
     Number of missing data patterns            11
     Number of clusters                         15


   Group WHITE
     Number of missing data patterns            10
     Number of clusters                         16


   Group OTHER
     Number of missing data patterns            10
     Number of clusters                         16



COVARIANCE COVERAGE OF DATA

Minimum covariance coverage value   0.100


     PROPORTION OF DATA PRESENT FOR BLACK


           Covariance Coverage
              SH_W1         SH_W2         SH_W3         SH_W4
              ________      ________      ________      ________
 SH_W1          0.991
 SH_W2          0.913         0.919
 SH_W3          0.693         0.654         0.699
 SH_W4          0.617         0.573         0.532         0.621


     PROPORTION OF DATA PRESENT FOR HISPANIC


           Covariance Coverage
              SH_W1         SH_W2         SH_W3         SH_W4
              ________      ________      ________      ________
 SH_W1          0.992
 SH_W2          0.912         0.919
 SH_W3          0.765         0.702         0.772
 SH_W4          0.669         0.620         0.615         0.676


     PROPORTION OF DATA PRESENT FOR WHITE


           Covariance Coverage
              SH_W1         SH_W2         SH_W3         SH_W4
              ________      ________      ________      ________
 SH_W1          0.993
 SH_W2          0.906         0.913
 SH_W3          0.775         0.721         0.775
 SH_W4          0.685         0.617         0.607         0.688


     PROPORTION OF DATA PRESENT FOR OTHER


           Covariance Coverage
              SH_W1         SH_W2         SH_W3         SH_W4
              ________      ________      ________      ________
 SH_W1          0.985
 SH_W2          0.915         0.930
 SH_W3          0.721         0.692         0.736
 SH_W4          0.502         0.478         0.458         0.507



UNIVARIATE SAMPLE STATISTICS


     UNIVARIATE HIGHER-ORDER MOMENT DESCRIPTIVE STATISTICS FOR BLACK

         Variable/         Mean/     Skewness/   Minimum/ % with                Percentiles
        Sample Size      Variance    Kurtosis    Maximum  Min/Max      20%/60%    40%/80%    Median

     SH_W1                 0.281       3.580       0.000   84.84%       0.000      0.000      0.000
             455.000       0.642      14.420       6.000    0.22%       0.000      0.000
     SH_W2                 0.258       3.143       0.000   82.70%       0.000      0.000      0.000
             422.000       0.438      10.831       4.000    0.71%       0.000      0.000
     SH_W3                 0.399       2.429       0.000   76.32%       0.000      0.000      0.000
             321.000       0.713       5.966       5.000    0.31%       0.000      1.000
     SH_W4                 0.474       2.852       0.000   74.04%       0.000      0.000      0.000
             285.000       1.049       9.029       6.000    0.70%       0.000      1.000


     UNIVARIATE HIGHER-ORDER MOMENT DESCRIPTIVE STATISTICS FOR HISPANIC

         Variable/         Mean/     Skewness/   Minimum/ % with                Percentiles
        Sample Size      Variance    Kurtosis    Maximum  Min/Max      20%/60%    40%/80%    Median

     SH_W1                 0.210       4.485       0.000   87.33%       0.000      0.000      0.000
             600.000       0.453      25.356       6.000    0.33%       0.000      0.000
     SH_W2                 0.284       3.612       0.000   83.63%       0.000      0.000      0.000
             556.000       0.603      15.944       6.000    0.36%       0.000      0.000
     SH_W3                 0.340       3.239       0.000   81.16%       0.000      0.000      0.000
             467.000       0.743      11.900       6.000    0.21%       0.000      0.000
     SH_W4                 0.281       4.199       0.000   81.17%       0.000      0.000      0.000
             409.000       0.564      22.682       6.000    0.49%       0.000      0.000


     UNIVARIATE HIGHER-ORDER MOMENT DESCRIPTIVE STATISTICS FOR WHITE

         Variable/         Mean/     Skewness/   Minimum/ % with                Percentiles
        Sample Size      Variance    Kurtosis    Maximum  Min/Max      20%/60%    40%/80%    Median

     SH_W1                 0.152       5.911       0.000   92.57%       0.000      0.000      0.000
             296.000       0.460      38.895       6.000    0.34%       0.000      0.000
     SH_W2                 0.199       4.363       0.000   87.87%       0.000      0.000      0.000
             272.000       0.431      21.462       5.000    0.37%       0.000      0.000
     SH_W3                 0.234       4.548       0.000   86.58%       0.000      0.000      0.000
             231.000       0.560      24.811       6.000    0.43%       0.000      0.000
     SH_W4                 0.317       3.777       0.000   82.44%       0.000      0.000      0.000
             205.000       0.782      15.858       6.000    0.49%       0.000      0.000


     UNIVARIATE HIGHER-ORDER MOMENT DESCRIPTIVE STATISTICS FOR OTHER

         Variable/         Mean/     Skewness/   Minimum/ % with                Percentiles
        Sample Size      Variance    Kurtosis    Maximum  Min/Max      20%/60%    40%/80%    Median

     SH_W1                 0.258       3.470       0.000   85.35%       0.000      0.000      0.000
             198.000       0.545      13.075       5.000    0.51%       0.000      0.000
     SH_W2                 0.348       2.799       0.000   80.75%       0.000      0.000      0.000
             187.000       0.719       7.531       4.000    2.14%       0.000      0.000
     SH_W3                 0.432       2.983       0.000   78.38%       0.000      0.000      0.000
             148.000       1.056       9.515       6.000    0.68%       0.000      1.000
     SH_W4                 0.569       2.404       0.000   74.51%       0.000      0.000      0.000
             102.000       1.383       5.817       6.000    0.98%       0.000      1.000


THE MODEL ESTIMATION TERMINATED NORMALLY



MODEL FIT INFORMATION

Number of Free Parameters                        9

Loglikelihood

          H0 Value                       -5796.674
          H0 Scaling Correction Factor      7.0504
            for MLR
          H1 Value                       -5678.629
          H1 Scaling Correction Factor      4.1975
            for MLR

Information Criteria

          Akaike (AIC)                   11611.348
          Bayesian (BIC)                 11659.537
          Sample-Size Adjusted BIC       11630.946
            (n* = (n + 2) / 24)

Chi-Square Test of Model Fit

          Value                             64.662*
          Degrees of Freedom                    47
          P-Value                           0.0445
          Scaling Correction Factor         3.6512
            for MLR

Chi-Square Contribution From Each Group

          BLACK                             11.657
          HISPANIC                          14.470
          WHITE                             19.241
          OTHER                             19.295

*   The chi-square value for MLM, MLMV, MLR, ULSMV, WLSM and WLSMV cannot be used
    for chi-square difference testing in the regular way.  MLM, MLR and WLSM
    chi-square difference testing is described on the Mplus website.  MLMV, WLSMV,
    and ULSMV difference testing is done using the DIFFTEST option.

RMSEA (Root Mean Square Error Of Approximation)

          Estimate                           0.031
          90 Percent C.I.                    0.005  0.048
          Probability RMSEA <= .05           0.966

CFI/TLI

          CFI                                0.910
          TLI                                0.954

Chi-Square Test of Model Fit for the Baseline Model

          Value                            219.466
          Degrees of Freedom                    24
          P-Value                           0.0000

SRMR (Standardized Root Mean Square Residual)

          Value                              0.136



MODEL RESULTS

                                                    Two-Tailed
                    Estimate       S.E.  Est./S.E.    P-Value

Group BLACK

 I        |
    SH_W1              1.000      0.000    999.000    999.000
    SH_W2              1.000      0.000    999.000    999.000
    SH_W3              1.000      0.000    999.000    999.000
    SH_W4              1.000      0.000    999.000    999.000

 S        |
    SH_W1              0.000      0.000    999.000    999.000
    SH_W2              0.500      0.000    999.000    999.000
    SH_W3              1.500      0.000    999.000    999.000
    SH_W4              2.500      0.000    999.000    999.000

 S        WITH
    I                 -0.011      0.023     -0.463      0.643

 Means
    I                  0.233      0.026      8.992      0.000
    S                  0.071      0.020      3.490      0.000

 Intercepts
    SH_W1              0.000      0.000    999.000    999.000
    SH_W2              0.000      0.000    999.000    999.000
    SH_W3              0.000      0.000    999.000    999.000
    SH_W4              0.000      0.000    999.000    999.000

 Variances
    I                  0.210      0.043      4.855      0.000
    S                  0.049      0.022      2.256      0.024

 Residual Variances
    SH_W1              0.322      0.061      5.297      0.000
    SH_W2              0.329      0.039      8.419      0.000
    SH_W3              0.444      0.051      8.777      0.000
    SH_W4              0.421      0.123      3.423      0.001

Group HISPANIC

 I        |
    SH_W1              1.000      0.000    999.000    999.000
    SH_W2              1.000      0.000    999.000    999.000
    SH_W3              1.000      0.000    999.000    999.000
    SH_W4              1.000      0.000    999.000    999.000

 S        |
    SH_W1              0.000      0.000    999.000    999.000
    SH_W2              0.500      0.000    999.000    999.000
    SH_W3              1.500      0.000    999.000    999.000
    SH_W4              2.500      0.000    999.000    999.000

 S        WITH
    I                 -0.011      0.023     -0.463      0.643

 Means
    I                  0.233      0.026      8.992      0.000
    S                  0.071      0.020      3.490      0.000

 Intercepts
    SH_W1              0.000      0.000    999.000    999.000
    SH_W2              0.000      0.000    999.000    999.000
    SH_W3              0.000      0.000    999.000    999.000
    SH_W4              0.000      0.000    999.000    999.000

 Variances
    I                  0.210      0.043      4.855      0.000
    S                  0.049      0.022      2.256      0.024

 Residual Variances
    SH_W1              0.322      0.061      5.297      0.000
    SH_W2              0.329      0.039      8.419      0.000
    SH_W3              0.444      0.051      8.777      0.000
    SH_W4              0.421      0.123      3.423      0.001

Group WHITE

 I        |
    SH_W1              1.000      0.000    999.000    999.000
    SH_W2              1.000      0.000    999.000    999.000
    SH_W3              1.000      0.000    999.000    999.000
    SH_W4              1.000      0.000    999.000    999.000

 S        |
    SH_W1              0.000      0.000    999.000    999.000
    SH_W2              0.500      0.000    999.000    999.000
    SH_W3              1.500      0.000    999.000    999.000
    SH_W4              2.500      0.000    999.000    999.000

 S        WITH
    I                 -0.011      0.023     -0.463      0.643

 Means
    I                  0.233      0.026      8.992      0.000
    S                  0.071      0.020      3.490      0.000

 Intercepts
    SH_W1              0.000      0.000    999.000    999.000
    SH_W2              0.000      0.000    999.000    999.000
    SH_W3              0.000      0.000    999.000    999.000
    SH_W4              0.000      0.000    999.000    999.000

 Variances
    I                  0.210      0.043      4.855      0.000
    S                  0.049      0.022      2.256      0.024

 Residual Variances
    SH_W1              0.322      0.061      5.297      0.000
    SH_W2              0.329      0.039      8.419      0.000
    SH_W3              0.444      0.051      8.777      0.000
    SH_W4              0.421      0.123      3.423      0.001

Group OTHER

 I        |
    SH_W1              1.000      0.000    999.000    999.000
    SH_W2              1.000      0.000    999.000    999.000
    SH_W3              1.000      0.000    999.000    999.000
    SH_W4              1.000      0.000    999.000    999.000

 S        |
    SH_W1              0.000      0.000    999.000    999.000
    SH_W2              0.500      0.000    999.000    999.000
    SH_W3              1.500      0.000    999.000    999.000
    SH_W4              2.500      0.000    999.000    999.000

 S        WITH
    I                 -0.011      0.023     -0.463      0.643

 Means
    I                  0.233      0.026      8.992      0.000
    S                  0.071      0.020      3.490      0.000

 Intercepts
    SH_W1              0.000      0.000    999.000    999.000
    SH_W2              0.000      0.000    999.000    999.000
    SH_W3              0.000      0.000    999.000    999.000
    SH_W4              0.000      0.000    999.000    999.000

 Variances
    I                  0.210      0.043      4.855      0.000
    S                  0.049      0.022      2.256      0.024

 Residual Variances
    SH_W1              0.322      0.061      5.297      0.000
    SH_W2              0.329      0.039      8.419      0.000
    SH_W3              0.444      0.051      8.777      0.000
    SH_W4              0.421      0.123      3.423      0.001


STANDARDIZED MODEL RESULTS


STDYX Standardization

                                                    Two-Tailed
                    Estimate       S.E.  Est./S.E.    P-Value

Group BLACK

 I        |
    SH_W1              0.628      0.045     13.807      0.000
    SH_W2              0.623      0.050     12.498      0.000
    SH_W3              0.535      0.063      8.468      0.000
    SH_W4              0.487      0.067      7.227      0.000

 S        |
    SH_W1              0.000      0.000    999.000    999.000
    SH_W2              0.151      0.032      4.693      0.000
    SH_W3              0.388      0.087      4.441      0.000
    SH_W4              0.589      0.123      4.786      0.000

 S        WITH
    I                 -0.106      0.202     -0.524      0.600

 Means
    I                  0.509      0.033     15.443      0.000
    S                  0.322      0.121      2.660      0.008

 Intercepts
    SH_W1              0.000      0.000    999.000    999.000
    SH_W2              0.000      0.000    999.000    999.000
    SH_W3              0.000      0.000    999.000    999.000
    SH_W4              0.000      0.000    999.000    999.000

 Variances
    I                  1.000      0.000    999.000    999.000
    S                  1.000      0.000    999.000    999.000

 Residual Variances
    SH_W1              0.606      0.057     10.599      0.000
    SH_W2              0.609      0.036     16.985      0.000
    SH_W3              0.607      0.043     14.190      0.000
    SH_W4              0.477      0.093      5.140      0.000

Group HISPANIC

 I        |
    SH_W1              0.628      0.045     13.807      0.000
    SH_W2              0.623      0.050     12.498      0.000
    SH_W3              0.535      0.063      8.468      0.000
    SH_W4              0.487      0.067      7.227      0.000

 S        |
    SH_W1              0.000      0.000    999.000    999.000
    SH_W2              0.151      0.032      4.693      0.000
    SH_W3              0.388      0.087      4.441      0.000
    SH_W4              0.589      0.123      4.786      0.000

 S        WITH
    I                 -0.106      0.202     -0.524      0.600

 Means
    I                  0.509      0.033     15.443      0.000
    S                  0.322      0.121      2.660      0.008

 Intercepts
    SH_W1              0.000      0.000    999.000    999.000
    SH_W2              0.000      0.000    999.000    999.000
    SH_W3              0.000      0.000    999.000    999.000
    SH_W4              0.000      0.000    999.000    999.000

 Variances
    I                  1.000      0.000    999.000    999.000
    S                  1.000      0.000    999.000    999.000

 Residual Variances
    SH_W1              0.606      0.057     10.599      0.000
    SH_W2              0.609      0.036     16.985      0.000
    SH_W3              0.607      0.043     14.190      0.000
    SH_W4              0.477      0.093      5.140      0.000

Group WHITE

 I        |
    SH_W1              0.628      0.045     13.807      0.000
    SH_W2              0.623      0.050     12.498      0.000
    SH_W3              0.535      0.063      8.468      0.000
    SH_W4              0.487      0.067      7.227      0.000

 S        |
    SH_W1              0.000      0.000    999.000    999.000
    SH_W2              0.151      0.032      4.693      0.000
    SH_W3              0.388      0.087      4.441      0.000
    SH_W4              0.589      0.123      4.786      0.000

 S        WITH
    I                 -0.106      0.202     -0.524      0.600

 Means
    I                  0.509      0.033     15.443      0.000
    S                  0.322      0.121      2.660      0.008

 Intercepts
    SH_W1              0.000      0.000    999.000    999.000
    SH_W2              0.000      0.000    999.000    999.000
    SH_W3              0.000      0.000    999.000    999.000
    SH_W4              0.000      0.000    999.000    999.000

 Variances
    I                  1.000      0.000    999.000    999.000
    S                  1.000      0.000    999.000    999.000

 Residual Variances
    SH_W1              0.606      0.057     10.599      0.000
    SH_W2              0.609      0.036     16.985      0.000
    SH_W3              0.607      0.043     14.190      0.000
    SH_W4              0.477      0.093      5.140      0.000

Group OTHER

 I        |
    SH_W1              0.628      0.045     13.807      0.000
    SH_W2              0.623      0.050     12.498      0.000
    SH_W3              0.535      0.063      8.468      0.000
    SH_W4              0.487      0.067      7.227      0.000

 S        |
    SH_W1              0.000      0.000    999.000    999.000
    SH_W2              0.151      0.032      4.693      0.000
    SH_W3              0.388      0.087      4.441      0.000
    SH_W4              0.589      0.123      4.786      0.000

 S        WITH
    I                 -0.106      0.202     -0.524      0.600

 Means
    I                  0.509      0.033     15.443      0.000
    S                  0.322      0.121      2.660      0.008

 Intercepts
    SH_W1              0.000      0.000    999.000    999.000
    SH_W2              0.000      0.000    999.000    999.000
    SH_W3              0.000      0.000    999.000    999.000
    SH_W4              0.000      0.000    999.000    999.000

 Variances
    I                  1.000      0.000    999.000    999.000
    S                  1.000      0.000    999.000    999.000

 Residual Variances
    SH_W1              0.606      0.057     10.599      0.000
    SH_W2              0.609      0.036     16.985      0.000
    SH_W3              0.607      0.043     14.190      0.000
    SH_W4              0.477      0.093      5.140      0.000


STDY Standardization

                                                    Two-Tailed
                    Estimate       S.E.  Est./S.E.    P-Value

Group BLACK

 I        |
    SH_W1              0.628      0.045     13.807      0.000
    SH_W2              0.623      0.050     12.498      0.000
    SH_W3              0.535      0.063      8.468      0.000
    SH_W4              0.487      0.067      7.227      0.000

 S        |
    SH_W1              0.000      0.000    999.000    999.000
    SH_W2              0.151      0.032      4.693      0.000
    SH_W3              0.388      0.087      4.441      0.000
    SH_W4              0.589      0.123      4.786      0.000

 S        WITH
    I                 -0.106      0.202     -0.524      0.600

 Means
    I                  0.509      0.033     15.443      0.000
    S                  0.322      0.121      2.660      0.008

 Intercepts
    SH_W1              0.000      0.000    999.000    999.000
    SH_W2              0.000      0.000    999.000    999.000
    SH_W3              0.000      0.000    999.000    999.000
    SH_W4              0.000      0.000    999.000    999.000

 Variances
    I                  1.000      0.000    999.000    999.000
    S                  1.000      0.000    999.000    999.000

 Residual Variances
    SH_W1              0.606      0.057     10.599      0.000
    SH_W2              0.609      0.036     16.985      0.000
    SH_W3              0.607      0.043     14.190      0.000
    SH_W4              0.477      0.093      5.140      0.000

Group HISPANIC

 I        |
    SH_W1              0.628      0.045     13.807      0.000
    SH_W2              0.623      0.050     12.498      0.000
    SH_W3              0.535      0.063      8.468      0.000
    SH_W4              0.487      0.067      7.227      0.000

 S        |
    SH_W1              0.000      0.000    999.000    999.000
    SH_W2              0.151      0.032      4.693      0.000
    SH_W3              0.388      0.087      4.441      0.000
    SH_W4              0.589      0.123      4.786      0.000

 S        WITH
    I                 -0.106      0.202     -0.524      0.600

 Means
    I                  0.509      0.033     15.443      0.000
    S                  0.322      0.121      2.660      0.008

 Intercepts
    SH_W1              0.000      0.000    999.000    999.000
    SH_W2              0.000      0.000    999.000    999.000
    SH_W3              0.000      0.000    999.000    999.000
    SH_W4              0.000      0.000    999.000    999.000

 Variances
    I                  1.000      0.000    999.000    999.000
    S                  1.000      0.000    999.000    999.000

 Residual Variances
    SH_W1              0.606      0.057     10.599      0.000
    SH_W2              0.609      0.036     16.985      0.000
    SH_W3              0.607      0.043     14.190      0.000
    SH_W4              0.477      0.093      5.140      0.000

Group WHITE

 I        |
    SH_W1              0.628      0.045     13.807      0.000
    SH_W2              0.623      0.050     12.498      0.000
    SH_W3              0.535      0.063      8.468      0.000
    SH_W4              0.487      0.067      7.227      0.000

 S        |
    SH_W1              0.000      0.000    999.000    999.000
    SH_W2              0.151      0.032      4.693      0.000
    SH_W3              0.388      0.087      4.441      0.000
    SH_W4              0.589      0.123      4.786      0.000

 S        WITH
    I                 -0.106      0.202     -0.524      0.600

 Means
    I                  0.509      0.033     15.443      0.000
    S                  0.322      0.121      2.660      0.008

 Intercepts
    SH_W1              0.000      0.000    999.000    999.000
    SH_W2              0.000      0.000    999.000    999.000
    SH_W3              0.000      0.000    999.000    999.000
    SH_W4              0.000      0.000    999.000    999.000

 Variances
    I                  1.000      0.000    999.000    999.000
    S                  1.000      0.000    999.000    999.000

 Residual Variances
    SH_W1              0.606      0.057     10.599      0.000
    SH_W2              0.609      0.036     16.985      0.000
    SH_W3              0.607      0.043     14.190      0.000
    SH_W4              0.477      0.093      5.140      0.000

Group OTHER

 I        |
    SH_W1              0.628      0.045     13.807      0.000
    SH_W2              0.623      0.050     12.498      0.000
    SH_W3              0.535      0.063      8.468      0.000
    SH_W4              0.487      0.067      7.227      0.000

 S        |
    SH_W1              0.000      0.000    999.000    999.000
    SH_W2              0.151      0.032      4.693      0.000
    SH_W3              0.388      0.087      4.441      0.000
    SH_W4              0.589      0.123      4.786      0.000

 S        WITH
    I                 -0.106      0.202     -0.524      0.600

 Means
    I                  0.509      0.033     15.443      0.000
    S                  0.322      0.121      2.660      0.008

 Intercepts
    SH_W1              0.000      0.000    999.000    999.000
    SH_W2              0.000      0.000    999.000    999.000
    SH_W3              0.000      0.000    999.000    999.000
    SH_W4              0.000      0.000    999.000    999.000

 Variances
    I                  1.000      0.000    999.000    999.000
    S                  1.000      0.000    999.000    999.000

 Residual Variances
    SH_W1              0.606      0.057     10.599      0.000
    SH_W2              0.609      0.036     16.985      0.000
    SH_W3              0.607      0.043     14.190      0.000
    SH_W4              0.477      0.093      5.140      0.000


STD Standardization

                                                    Two-Tailed
                    Estimate       S.E.  Est./S.E.    P-Value

Group BLACK

 I        |
    SH_W1              0.458      0.047      9.711      0.000
    SH_W2              0.458      0.047      9.711      0.000
    SH_W3              0.458      0.047      9.711      0.000
    SH_W4              0.458      0.047      9.711      0.000

 S        |
    SH_W1              0.000      0.000    999.000    999.000
    SH_W2              0.111      0.025      4.513      0.000
    SH_W3              0.332      0.074      4.513      0.000
    SH_W4              0.553      0.123      4.513      0.000

 S        WITH
    I                 -0.106      0.202     -0.524      0.600

 Means
    I                  0.509      0.033     15.443      0.000
    S                  0.322      0.121      2.660      0.008

 Intercepts
    SH_W1              0.000      0.000    999.000    999.000
    SH_W2              0.000      0.000    999.000    999.000
    SH_W3              0.000      0.000    999.000    999.000
    SH_W4              0.000      0.000    999.000    999.000

 Variances
    I                  1.000      0.000    999.000    999.000
    S                  1.000      0.000    999.000    999.000

 Residual Variances
    SH_W1              0.322      0.061      5.297      0.000
    SH_W2              0.329      0.039      8.419      0.000
    SH_W3              0.444      0.051      8.777      0.000
    SH_W4              0.421      0.123      3.423      0.001

Group HISPANIC

 I        |
    SH_W1              0.458      0.047      9.711      0.000
    SH_W2              0.458      0.047      9.711      0.000
    SH_W3              0.458      0.047      9.711      0.000
    SH_W4              0.458      0.047      9.711      0.000

 S        |
    SH_W1              0.000      0.000    999.000    999.000
    SH_W2              0.111      0.025      4.513      0.000
    SH_W3              0.332      0.074      4.513      0.000
    SH_W4              0.553      0.123      4.513      0.000

 S        WITH
    I                 -0.106      0.202     -0.524      0.600

 Means
    I                  0.509      0.033     15.443      0.000
    S                  0.322      0.121      2.660      0.008

 Intercepts
    SH_W1              0.000      0.000    999.000    999.000
    SH_W2              0.000      0.000    999.000    999.000
    SH_W3              0.000      0.000    999.000    999.000
    SH_W4              0.000      0.000    999.000    999.000

 Variances
    I                  1.000      0.000    999.000    999.000
    S                  1.000      0.000    999.000    999.000

 Residual Variances
    SH_W1              0.322      0.061      5.297      0.000
    SH_W2              0.329      0.039      8.419      0.000
    SH_W3              0.444      0.051      8.777      0.000
    SH_W4              0.421      0.123      3.423      0.001

Group WHITE

 I        |
    SH_W1              0.458      0.047      9.711      0.000
    SH_W2              0.458      0.047      9.711      0.000
    SH_W3              0.458      0.047      9.711      0.000
    SH_W4              0.458      0.047      9.711      0.000

 S        |
    SH_W1              0.000      0.000    999.000    999.000
    SH_W2              0.111      0.025      4.513      0.000
    SH_W3              0.332      0.074      4.513      0.000
    SH_W4              0.553      0.123      4.513      0.000

 S        WITH
    I                 -0.106      0.202     -0.524      0.600

 Means
    I                  0.509      0.033     15.443      0.000
    S                  0.322      0.121      2.660      0.008

 Intercepts
    SH_W1              0.000      0.000    999.000    999.000
    SH_W2              0.000      0.000    999.000    999.000
    SH_W3              0.000      0.000    999.000    999.000
    SH_W4              0.000      0.000    999.000    999.000

 Variances
    I                  1.000      0.000    999.000    999.000
    S                  1.000      0.000    999.000    999.000

 Residual Variances
    SH_W1              0.322      0.061      5.297      0.000
    SH_W2              0.329      0.039      8.419      0.000
    SH_W3              0.444      0.051      8.777      0.000
    SH_W4              0.421      0.123      3.423      0.001

Group OTHER

 I        |
    SH_W1              0.458      0.047      9.711      0.000
    SH_W2              0.458      0.047      9.711      0.000
    SH_W3              0.458      0.047      9.711      0.000
    SH_W4              0.458      0.047      9.711      0.000

 S        |
    SH_W1              0.000      0.000    999.000    999.000
    SH_W2              0.111      0.025      4.513      0.000
    SH_W3              0.332      0.074      4.513      0.000
    SH_W4              0.553      0.123      4.513      0.000

 S        WITH
    I                 -0.106      0.202     -0.524      0.600

 Means
    I                  0.509      0.033     15.443      0.000
    S                  0.322      0.121      2.660      0.008

 Intercepts
    SH_W1              0.000      0.000    999.000    999.000
    SH_W2              0.000      0.000    999.000    999.000
    SH_W3              0.000      0.000    999.000    999.000
    SH_W4              0.000      0.000    999.000    999.000

 Variances
    I                  1.000      0.000    999.000    999.000
    S                  1.000      0.000    999.000    999.000

 Residual Variances
    SH_W1              0.322      0.061      5.297      0.000
    SH_W2              0.329      0.039      8.419      0.000
    SH_W3              0.444      0.051      8.777      0.000
    SH_W4              0.421      0.123      3.423      0.001


R-SQUARE

Group BLACK

    Observed                                        Two-Tailed
    Variable        Estimate       S.E.  Est./S.E.    P-Value

    SH_W1              0.394      0.057      6.903      0.000
    SH_W2              0.391      0.036     10.908      0.000
    SH_W3              0.393      0.043      9.182      0.000
    SH_W4              0.523      0.093      5.644      0.000

Group HISPANIC

    Observed                                        Two-Tailed
    Variable        Estimate       S.E.  Est./S.E.    P-Value

    SH_W1              0.394      0.057      6.903      0.000
    SH_W2              0.391      0.036     10.908      0.000
    SH_W3              0.393      0.043      9.182      0.000
    SH_W4              0.523      0.093      5.644      0.000

Group WHITE

    Observed                                        Two-Tailed
    Variable        Estimate       S.E.  Est./S.E.    P-Value

    SH_W1              0.394      0.057      6.903      0.000
    SH_W2              0.391      0.036     10.908      0.000
    SH_W3              0.393      0.043      9.182      0.000
    SH_W4              0.523      0.093      5.644      0.000

Group OTHER

    Observed                                        Two-Tailed
    Variable        Estimate       S.E.  Est./S.E.    P-Value

    SH_W1              0.394      0.057      6.903      0.000
    SH_W2              0.391      0.036     10.908      0.000
    SH_W3              0.393      0.043      9.182      0.000
    SH_W4              0.523      0.093      5.644      0.000


QUALITY OF NUMERICAL RESULTS

     Condition Number for the Information Matrix              0.958E-02
       (ratio of smallest to largest eigenvalue)


CONFIDENCE INTERVALS OF MODEL RESULTS

                  Lower .5%  Lower 2.5%    Lower 5%    Estimate    Upper 5%  Upper 2.5%   Upper .5%

Group BLACK

 I        |
    SH_W1            1.000       1.000       1.000       1.000       1.000       1.000       1.000
    SH_W2            1.000       1.000       1.000       1.000       1.000       1.000       1.000
    SH_W3            1.000       1.000       1.000       1.000       1.000       1.000       1.000
    SH_W4            1.000       1.000       1.000       1.000       1.000       1.000       1.000

 S        |
    SH_W1            0.000       0.000       0.000       0.000       0.000       0.000       0.000
    SH_W2            0.500       0.500       0.500       0.500       0.500       0.500       0.500
    SH_W3            1.500       1.500       1.500       1.500       1.500       1.500       1.500
    SH_W4            2.500       2.500       2.500       2.500       2.500       2.500       2.500

 S        WITH
    I               -0.070      -0.056      -0.049      -0.011       0.027       0.035       0.049

 Means
    I                0.166       0.182       0.190       0.233       0.275       0.284       0.300
    S                0.019       0.031       0.038       0.071       0.105       0.111       0.124

 Intercepts
    SH_W1            0.000       0.000       0.000       0.000       0.000       0.000       0.000
    SH_W2            0.000       0.000       0.000       0.000       0.000       0.000       0.000
    SH_W3            0.000       0.000       0.000       0.000       0.000       0.000       0.000
    SH_W4            0.000       0.000       0.000       0.000       0.000       0.000       0.000

 Variances
    I                0.098       0.125       0.139       0.210       0.281       0.294       0.321
    S               -0.007       0.006       0.013       0.049       0.085       0.092       0.105

 Residual Variances
    SH_W1            0.165       0.203       0.222       0.322       0.422       0.441       0.478
    SH_W2            0.228       0.252       0.264       0.329       0.393       0.405       0.429
    SH_W3            0.314       0.345       0.361       0.444       0.528       0.544       0.575
    SH_W4            0.104       0.180       0.219       0.421       0.623       0.662       0.738

Group HISPANIC

 I        |
    SH_W1            1.000       1.000       1.000       1.000       1.000       1.000       1.000
    SH_W2            1.000       1.000       1.000       1.000       1.000       1.000       1.000
    SH_W3            1.000       1.000       1.000       1.000       1.000       1.000       1.000
    SH_W4            1.000       1.000       1.000       1.000       1.000       1.000       1.000

 S        |
    SH_W1            0.000       0.000       0.000       0.000       0.000       0.000       0.000
    SH_W2            0.500       0.500       0.500       0.500       0.500       0.500       0.500
    SH_W3            1.500       1.500       1.500       1.500       1.500       1.500       1.500
    SH_W4            2.500       2.500       2.500       2.500       2.500       2.500       2.500

 S        WITH
    I               -0.070      -0.056      -0.049      -0.011       0.027       0.035       0.049

 Means
    I                0.166       0.182       0.190       0.233       0.275       0.284       0.300
    S                0.019       0.031       0.038       0.071       0.105       0.111       0.124

 Intercepts
    SH_W1            0.000       0.000       0.000       0.000       0.000       0.000       0.000
    SH_W2            0.000       0.000       0.000       0.000       0.000       0.000       0.000
    SH_W3            0.000       0.000       0.000       0.000       0.000       0.000       0.000
    SH_W4            0.000       0.000       0.000       0.000       0.000       0.000       0.000

 Variances
    I                0.098       0.125       0.139       0.210       0.281       0.294       0.321
    S               -0.007       0.006       0.013       0.049       0.085       0.092       0.105

 Residual Variances
    SH_W1            0.165       0.203       0.222       0.322       0.422       0.441       0.478
    SH_W2            0.228       0.252       0.264       0.329       0.393       0.405       0.429
    SH_W3            0.314       0.345       0.361       0.444       0.528       0.544       0.575
    SH_W4            0.104       0.180       0.219       0.421       0.623       0.662       0.738

Group WHITE

 I        |
    SH_W1            1.000       1.000       1.000       1.000       1.000       1.000       1.000
    SH_W2            1.000       1.000       1.000       1.000       1.000       1.000       1.000
    SH_W3            1.000       1.000       1.000       1.000       1.000       1.000       1.000
    SH_W4            1.000       1.000       1.000       1.000       1.000       1.000       1.000

 S        |
    SH_W1            0.000       0.000       0.000       0.000       0.000       0.000       0.000
    SH_W2            0.500       0.500       0.500       0.500       0.500       0.500       0.500
    SH_W3            1.500       1.500       1.500       1.500       1.500       1.500       1.500
    SH_W4            2.500       2.500       2.500       2.500       2.500       2.500       2.500

 S        WITH
    I               -0.070      -0.056      -0.049      -0.011       0.027       0.035       0.049

 Means
    I                0.166       0.182       0.190       0.233       0.275       0.284       0.300
    S                0.019       0.031       0.038       0.071       0.105       0.111       0.124

 Intercepts
    SH_W1            0.000       0.000       0.000       0.000       0.000       0.000       0.000
    SH_W2            0.000       0.000       0.000       0.000       0.000       0.000       0.000
    SH_W3            0.000       0.000       0.000       0.000       0.000       0.000       0.000
    SH_W4            0.000       0.000       0.000       0.000       0.000       0.000       0.000

 Variances
    I                0.098       0.125       0.139       0.210       0.281       0.294       0.321
    S               -0.007       0.006       0.013       0.049       0.085       0.092       0.105

 Residual Variances
    SH_W1            0.165       0.203       0.222       0.322       0.422       0.441       0.478
    SH_W2            0.228       0.252       0.264       0.329       0.393       0.405       0.429
    SH_W3            0.314       0.345       0.361       0.444       0.528       0.544       0.575
    SH_W4            0.104       0.180       0.219       0.421       0.623       0.662       0.738

Group OTHER

 I        |
    SH_W1            1.000       1.000       1.000       1.000       1.000       1.000       1.000
    SH_W2            1.000       1.000       1.000       1.000       1.000       1.000       1.000
    SH_W3            1.000       1.000       1.000       1.000       1.000       1.000       1.000
    SH_W4            1.000       1.000       1.000       1.000       1.000       1.000       1.000

 S        |
    SH_W1            0.000       0.000       0.000       0.000       0.000       0.000       0.000
    SH_W2            0.500       0.500       0.500       0.500       0.500       0.500       0.500
    SH_W3            1.500       1.500       1.500       1.500       1.500       1.500       1.500
    SH_W4            2.500       2.500       2.500       2.500       2.500       2.500       2.500

 S        WITH
    I               -0.070      -0.056      -0.049      -0.011       0.027       0.035       0.049

 Means
    I                0.166       0.182       0.190       0.233       0.275       0.284       0.300
    S                0.019       0.031       0.038       0.071       0.105       0.111       0.124

 Intercepts
    SH_W1            0.000       0.000       0.000       0.000       0.000       0.000       0.000
    SH_W2            0.000       0.000       0.000       0.000       0.000       0.000       0.000
    SH_W3            0.000       0.000       0.000       0.000       0.000       0.000       0.000
    SH_W4            0.000       0.000       0.000       0.000       0.000       0.000       0.000

 Variances
    I                0.098       0.125       0.139       0.210       0.281       0.294       0.321
    S               -0.007       0.006       0.013       0.049       0.085       0.092       0.105

 Residual Variances
    SH_W1            0.165       0.203       0.222       0.322       0.422       0.441       0.478
    SH_W2            0.228       0.252       0.264       0.329       0.393       0.405       0.429
    SH_W3            0.314       0.345       0.361       0.444       0.528       0.544       0.575
    SH_W4            0.104       0.180       0.219       0.421       0.623       0.662       0.738


CONFIDENCE INTERVALS OF STANDARDIZED MODEL RESULTS


STDYX Standardization

                  Lower .5%  Lower 2.5%    Lower 5%    Estimate    Upper 5%  Upper 2.5%   Upper .5%

Group BLACK

 I        |
    SH_W1            0.511       0.539       0.553       0.628       0.703       0.717       0.745
    SH_W2            0.495       0.525       0.541       0.623       0.705       0.721       0.752
    SH_W3            0.372       0.411       0.431       0.535       0.639       0.659       0.698
    SH_W4            0.313       0.355       0.376       0.487       0.598       0.619       0.661

 S        |
    SH_W1            0.000       0.000       0.000       0.000       0.000       0.000       0.000
    SH_W2            0.068       0.088       0.098       0.151       0.204       0.214       0.233
    SH_W3            0.163       0.217       0.244       0.388       0.532       0.559       0.613
    SH_W4            0.272       0.348       0.387       0.589       0.791       0.830       0.906

 S        WITH
    I               -0.626      -0.502      -0.438      -0.106       0.227       0.290       0.415

 Means
    I                0.424       0.444       0.454       0.509       0.563       0.573       0.594
    S                0.010       0.085       0.123       0.322       0.522       0.560       0.635

 Intercepts
    SH_W1            0.000       0.000       0.000       0.000       0.000       0.000       0.000
    SH_W2            0.000       0.000       0.000       0.000       0.000       0.000       0.000
    SH_W3            0.000       0.000       0.000       0.000       0.000       0.000       0.000
    SH_W4            0.000       0.000       0.000       0.000       0.000       0.000       0.000

 Variances
    I                1.000       1.000       1.000       1.000       1.000       1.000       1.000
    S                1.000       1.000       1.000       1.000       1.000       1.000       1.000

 Residual Variances
    SH_W1            0.458       0.494       0.512       0.606       0.700       0.718       0.753
    SH_W2            0.517       0.539       0.550       0.609       0.668       0.679       0.701
    SH_W3            0.497       0.523       0.537       0.607       0.678       0.691       0.717
    SH_W4            0.238       0.295       0.324       0.477       0.629       0.658       0.716

Group HISPANIC

 I        |
    SH_W1            0.511       0.539       0.553       0.628       0.703       0.717       0.745
    SH_W2            0.495       0.525       0.541       0.623       0.705       0.721       0.752
    SH_W3            0.372       0.411       0.431       0.535       0.639       0.659       0.698
    SH_W4            0.313       0.355       0.376       0.487       0.598       0.619       0.661

 S        |
    SH_W1            0.000       0.000       0.000       0.000       0.000       0.000       0.000
    SH_W2            0.068       0.088       0.098       0.151       0.204       0.214       0.233
    SH_W3            0.163       0.217       0.244       0.388       0.532       0.559       0.613
    SH_W4            0.272       0.348       0.387       0.589       0.791       0.830       0.906

 S        WITH
    I               -0.626      -0.502      -0.438      -0.106       0.227       0.290       0.415

 Means
    I                0.424       0.444       0.454       0.509       0.563       0.573       0.594
    S                0.010       0.085       0.123       0.322       0.522       0.560       0.635

 Intercepts
    SH_W1            0.000       0.000       0.000       0.000       0.000       0.000       0.000
    SH_W2            0.000       0.000       0.000       0.000       0.000       0.000       0.000
    SH_W3            0.000       0.000       0.000       0.000       0.000       0.000       0.000
    SH_W4            0.000       0.000       0.000       0.000       0.000       0.000       0.000

 Variances
    I                1.000       1.000       1.000       1.000       1.000       1.000       1.000
    S                1.000       1.000       1.000       1.000       1.000       1.000       1.000

 Residual Variances
    SH_W1            0.458       0.494       0.512       0.606       0.700       0.718       0.753
    SH_W2            0.517       0.539       0.550       0.609       0.668       0.679       0.701
    SH_W3            0.497       0.523       0.537       0.607       0.678       0.691       0.717
    SH_W4            0.238       0.295       0.324       0.477       0.629       0.658       0.716

Group WHITE

 I        |
    SH_W1            0.511       0.539       0.553       0.628       0.703       0.717       0.745
    SH_W2            0.495       0.525       0.541       0.623       0.705       0.721       0.752
    SH_W3            0.372       0.411       0.431       0.535       0.639       0.659       0.698
    SH_W4            0.313       0.355       0.376       0.487       0.598       0.619       0.661

 S        |
    SH_W1            0.000       0.000       0.000       0.000       0.000       0.000       0.000
    SH_W2            0.068       0.088       0.098       0.151       0.204       0.214       0.233
    SH_W3            0.163       0.217       0.244       0.388       0.532       0.559       0.613
    SH_W4            0.272       0.348       0.387       0.589       0.791       0.830       0.906

 S        WITH
    I               -0.626      -0.502      -0.438      -0.106       0.227       0.290       0.415

 Means
    I                0.424       0.444       0.454       0.509       0.563       0.573       0.594
    S                0.010       0.085       0.123       0.322       0.522       0.560       0.635

 Intercepts
    SH_W1            0.000       0.000       0.000       0.000       0.000       0.000       0.000
    SH_W2            0.000       0.000       0.000       0.000       0.000       0.000       0.000
    SH_W3            0.000       0.000       0.000       0.000       0.000       0.000       0.000
    SH_W4            0.000       0.000       0.000       0.000       0.000       0.000       0.000

 Variances
    I                1.000       1.000       1.000       1.000       1.000       1.000       1.000
    S                1.000       1.000       1.000       1.000       1.000       1.000       1.000

 Residual Variances
    SH_W1            0.458       0.494       0.512       0.606       0.700       0.718       0.753
    SH_W2            0.517       0.539       0.550       0.609       0.668       0.679       0.701
    SH_W3            0.497       0.523       0.537       0.607       0.678       0.691       0.717
    SH_W4            0.238       0.295       0.324       0.477       0.629       0.658       0.716

Group OTHER

 I        |
    SH_W1            0.511       0.539       0.553       0.628       0.703       0.717       0.745
    SH_W2            0.495       0.525       0.541       0.623       0.705       0.721       0.752
    SH_W3            0.372       0.411       0.431       0.535       0.639       0.659       0.698
    SH_W4            0.313       0.355       0.376       0.487       0.598       0.619       0.661

 S        |
    SH_W1            0.000       0.000       0.000       0.000       0.000       0.000       0.000
    SH_W2            0.068       0.088       0.098       0.151       0.204       0.214       0.233
    SH_W3            0.163       0.217       0.244       0.388       0.532       0.559       0.613
    SH_W4            0.272       0.348       0.387       0.589       0.791       0.830       0.906

 S        WITH
    I               -0.626      -0.502      -0.438      -0.106       0.227       0.290       0.415

 Means
    I                0.424       0.444       0.454       0.509       0.563       0.573       0.594
    S                0.010       0.085       0.123       0.322       0.522       0.560       0.635

 Intercepts
    SH_W1            0.000       0.000       0.000       0.000       0.000       0.000       0.000
    SH_W2            0.000       0.000       0.000       0.000       0.000       0.000       0.000
    SH_W3            0.000       0.000       0.000       0.000       0.000       0.000       0.000
    SH_W4            0.000       0.000       0.000       0.000       0.000       0.000       0.000

 Variances
    I                1.000       1.000       1.000       1.000       1.000       1.000       1.000
    S                1.000       1.000       1.000       1.000       1.000       1.000       1.000

 Residual Variances
    SH_W1            0.458       0.494       0.512       0.606       0.700       0.718       0.753
    SH_W2            0.517       0.539       0.550       0.609       0.668       0.679       0.701
    SH_W3            0.497       0.523       0.537       0.607       0.678       0.691       0.717
    SH_W4            0.238       0.295       0.324       0.477       0.629       0.658       0.716


STDY Standardization

                  Lower .5%  Lower 2.5%    Lower 5%    Estimate    Upper 5%  Upper 2.5%   Upper .5%

Group BLACK

 I        |
    SH_W1            0.511       0.539       0.553       0.628       0.703       0.717       0.745
    SH_W2            0.495       0.525       0.541       0.623       0.705       0.721       0.752
    SH_W3            0.372       0.411       0.431       0.535       0.639       0.659       0.698
    SH_W4            0.313       0.355       0.376       0.487       0.598       0.619       0.661

 S        |
    SH_W1            0.000       0.000       0.000       0.000       0.000       0.000       0.000
    SH_W2            0.068       0.088       0.098       0.151       0.204       0.214       0.233
    SH_W3            0.163       0.217       0.244       0.388       0.532       0.559       0.613
    SH_W4            0.272       0.348       0.387       0.589       0.791       0.830       0.906

 S        WITH
    I               -0.626      -0.502      -0.438      -0.106       0.227       0.290       0.415

 Means
    I                0.424       0.444       0.454       0.509       0.563       0.573       0.594
    S                0.010       0.085       0.123       0.322       0.522       0.560       0.635

 Intercepts
    SH_W1            0.000       0.000       0.000       0.000       0.000       0.000       0.000
    SH_W2            0.000       0.000       0.000       0.000       0.000       0.000       0.000
    SH_W3            0.000       0.000       0.000       0.000       0.000       0.000       0.000
    SH_W4            0.000       0.000       0.000       0.000       0.000       0.000       0.000

 Variances
    I                1.000       1.000       1.000       1.000       1.000       1.000       1.000
    S                1.000       1.000       1.000       1.000       1.000       1.000       1.000

 Residual Variances
    SH_W1            0.458       0.494       0.512       0.606       0.700       0.718       0.753
    SH_W2            0.517       0.539       0.550       0.609       0.668       0.679       0.701
    SH_W3            0.497       0.523       0.537       0.607       0.678       0.691       0.717
    SH_W4            0.238       0.295       0.324       0.477       0.629       0.658       0.716

Group HISPANIC

 I        |
    SH_W1            0.511       0.539       0.553       0.628       0.703       0.717       0.745
    SH_W2            0.495       0.525       0.541       0.623       0.705       0.721       0.752
    SH_W3            0.372       0.411       0.431       0.535       0.639       0.659       0.698
    SH_W4            0.313       0.355       0.376       0.487       0.598       0.619       0.661

 S        |
    SH_W1            0.000       0.000       0.000       0.000       0.000       0.000       0.000
    SH_W2            0.068       0.088       0.098       0.151       0.204       0.214       0.233
    SH_W3            0.163       0.217       0.244       0.388       0.532       0.559       0.613
    SH_W4            0.272       0.348       0.387       0.589       0.791       0.830       0.906

 S        WITH
    I               -0.626      -0.502      -0.438      -0.106       0.227       0.290       0.415

 Means
    I                0.424       0.444       0.454       0.509       0.563       0.573       0.594
    S                0.010       0.085       0.123       0.322       0.522       0.560       0.635

 Intercepts
    SH_W1            0.000       0.000       0.000       0.000       0.000       0.000       0.000
    SH_W2            0.000       0.000       0.000       0.000       0.000       0.000       0.000
    SH_W3            0.000       0.000       0.000       0.000       0.000       0.000       0.000
    SH_W4            0.000       0.000       0.000       0.000       0.000       0.000       0.000

 Variances
    I                1.000       1.000       1.000       1.000       1.000       1.000       1.000
    S                1.000       1.000       1.000       1.000       1.000       1.000       1.000

 Residual Variances
    SH_W1            0.458       0.494       0.512       0.606       0.700       0.718       0.753
    SH_W2            0.517       0.539       0.550       0.609       0.668       0.679       0.701
    SH_W3            0.497       0.523       0.537       0.607       0.678       0.691       0.717
    SH_W4            0.238       0.295       0.324       0.477       0.629       0.658       0.716

Group WHITE

 I        |
    SH_W1            0.511       0.539       0.553       0.628       0.703       0.717       0.745
    SH_W2            0.495       0.525       0.541       0.623       0.705       0.721       0.752
    SH_W3            0.372       0.411       0.431       0.535       0.639       0.659       0.698
    SH_W4            0.313       0.355       0.376       0.487       0.598       0.619       0.661

 S        |
    SH_W1            0.000       0.000       0.000       0.000       0.000       0.000       0.000
    SH_W2            0.068       0.088       0.098       0.151       0.204       0.214       0.233
    SH_W3            0.163       0.217       0.244       0.388       0.532       0.559       0.613
    SH_W4            0.272       0.348       0.387       0.589       0.791       0.830       0.906

 S        WITH
    I               -0.626      -0.502      -0.438      -0.106       0.227       0.290       0.415

 Means
    I                0.424       0.444       0.454       0.509       0.563       0.573       0.594
    S                0.010       0.085       0.123       0.322       0.522       0.560       0.635

 Intercepts
    SH_W1            0.000       0.000       0.000       0.000       0.000       0.000       0.000
    SH_W2            0.000       0.000       0.000       0.000       0.000       0.000       0.000
    SH_W3            0.000       0.000       0.000       0.000       0.000       0.000       0.000
    SH_W4            0.000       0.000       0.000       0.000       0.000       0.000       0.000

 Variances
    I                1.000       1.000       1.000       1.000       1.000       1.000       1.000
    S                1.000       1.000       1.000       1.000       1.000       1.000       1.000

 Residual Variances
    SH_W1            0.458       0.494       0.512       0.606       0.700       0.718       0.753
    SH_W2            0.517       0.539       0.550       0.609       0.668       0.679       0.701
    SH_W3            0.497       0.523       0.537       0.607       0.678       0.691       0.717
    SH_W4            0.238       0.295       0.324       0.477       0.629       0.658       0.716

Group OTHER

 I        |
    SH_W1            0.511       0.539       0.553       0.628       0.703       0.717       0.745
    SH_W2            0.495       0.525       0.541       0.623       0.705       0.721       0.752
    SH_W3            0.372       0.411       0.431       0.535       0.639       0.659       0.698
    SH_W4            0.313       0.355       0.376       0.487       0.598       0.619       0.661

 S        |
    SH_W1            0.000       0.000       0.000       0.000       0.000       0.000       0.000
    SH_W2            0.068       0.088       0.098       0.151       0.204       0.214       0.233
    SH_W3            0.163       0.217       0.244       0.388       0.532       0.559       0.613
    SH_W4            0.272       0.348       0.387       0.589       0.791       0.830       0.906

 S        WITH
    I               -0.626      -0.502      -0.438      -0.106       0.227       0.290       0.415

 Means
    I                0.424       0.444       0.454       0.509       0.563       0.573       0.594
    S                0.010       0.085       0.123       0.322       0.522       0.560       0.635

 Intercepts
    SH_W1            0.000       0.000       0.000       0.000       0.000       0.000       0.000
    SH_W2            0.000       0.000       0.000       0.000       0.000       0.000       0.000
    SH_W3            0.000       0.000       0.000       0.000       0.000       0.000       0.000
    SH_W4            0.000       0.000       0.000       0.000       0.000       0.000       0.000

 Variances
    I                1.000       1.000       1.000       1.000       1.000       1.000       1.000
    S                1.000       1.000       1.000       1.000       1.000       1.000       1.000

 Residual Variances
    SH_W1            0.458       0.494       0.512       0.606       0.700       0.718       0.753
    SH_W2            0.517       0.539       0.550       0.609       0.668       0.679       0.701
    SH_W3            0.497       0.523       0.537       0.607       0.678       0.691       0.717
    SH_W4            0.238       0.295       0.324       0.477       0.629       0.658       0.716


STD Standardization

                  Lower .5%  Lower 2.5%    Lower 5%    Estimate    Upper 5%  Upper 2.5%   Upper .5%

Group BLACK

 I        |
    SH_W1            0.336       0.365       0.380       0.458       0.535       0.550       0.579
    SH_W2            0.336       0.365       0.380       0.458       0.535       0.550       0.579
    SH_W3            0.336       0.365       0.380       0.458       0.535       0.550       0.579
    SH_W4            0.336       0.365       0.380       0.458       0.535       0.550       0.579

 S        |
    SH_W1            0.000       0.000       0.000       0.000       0.000       0.000       0.000
    SH_W2            0.048       0.063       0.070       0.111       0.151       0.159       0.174
    SH_W3            0.143       0.188       0.211       0.332       0.453       0.476       0.522
    SH_W4            0.238       0.313       0.352       0.553       0.755       0.794       0.869

 S        WITH
    I               -0.626      -0.502      -0.438      -0.106       0.227       0.290       0.415

 Means
    I                0.424       0.444       0.454       0.509       0.563       0.573       0.594
    S                0.010       0.085       0.123       0.322       0.522       0.560       0.635

 Intercepts
    SH_W1            0.000       0.000       0.000       0.000       0.000       0.000       0.000
    SH_W2            0.000       0.000       0.000       0.000       0.000       0.000       0.000
    SH_W3            0.000       0.000       0.000       0.000       0.000       0.000       0.000
    SH_W4            0.000       0.000       0.000       0.000       0.000       0.000       0.000

 Variances
    I                1.000       1.000       1.000       1.000       1.000       1.000       1.000
    S                1.000       1.000       1.000       1.000       1.000       1.000       1.000

 Residual Variances
    SH_W1            0.165       0.203       0.222       0.322       0.422       0.441       0.478
    SH_W2            0.228       0.252       0.264       0.329       0.393       0.405       0.429
    SH_W3            0.314       0.345       0.361       0.444       0.528       0.544       0.575
    SH_W4            0.104       0.180       0.219       0.421       0.623       0.662       0.738

Group HISPANIC

 I        |
    SH_W1            0.336       0.365       0.380       0.458       0.535       0.550       0.579
    SH_W2            0.336       0.365       0.380       0.458       0.535       0.550       0.579
    SH_W3            0.336       0.365       0.380       0.458       0.535       0.550       0.579
    SH_W4            0.336       0.365       0.380       0.458       0.535       0.550       0.579

 S        |
    SH_W1            0.000       0.000       0.000       0.000       0.000       0.000       0.000
    SH_W2            0.048       0.063       0.070       0.111       0.151       0.159       0.174
    SH_W3            0.143       0.188       0.211       0.332       0.453       0.476       0.522
    SH_W4            0.238       0.313       0.352       0.553       0.755       0.794       0.869

 S        WITH
    I               -0.626      -0.502      -0.438      -0.106       0.227       0.290       0.415

 Means
    I                0.424       0.444       0.454       0.509       0.563       0.573       0.594
    S                0.010       0.085       0.123       0.322       0.522       0.560       0.635

 Intercepts
    SH_W1            0.000       0.000       0.000       0.000       0.000       0.000       0.000
    SH_W2            0.000       0.000       0.000       0.000       0.000       0.000       0.000
    SH_W3            0.000       0.000       0.000       0.000       0.000       0.000       0.000
    SH_W4            0.000       0.000       0.000       0.000       0.000       0.000       0.000

 Variances
    I                1.000       1.000       1.000       1.000       1.000       1.000       1.000
    S                1.000       1.000       1.000       1.000       1.000       1.000       1.000

 Residual Variances
    SH_W1            0.165       0.203       0.222       0.322       0.422       0.441       0.478
    SH_W2            0.228       0.252       0.264       0.329       0.393       0.405       0.429
    SH_W3            0.314       0.345       0.361       0.444       0.528       0.544       0.575
    SH_W4            0.104       0.180       0.219       0.421       0.623       0.662       0.738

Group WHITE

 I        |
    SH_W1            0.336       0.365       0.380       0.458       0.535       0.550       0.579
    SH_W2            0.336       0.365       0.380       0.458       0.535       0.550       0.579
    SH_W3            0.336       0.365       0.380       0.458       0.535       0.550       0.579
    SH_W4            0.336       0.365       0.380       0.458       0.535       0.550       0.579

 S        |
    SH_W1            0.000       0.000       0.000       0.000       0.000       0.000       0.000
    SH_W2            0.048       0.063       0.070       0.111       0.151       0.159       0.174
    SH_W3            0.143       0.188       0.211       0.332       0.453       0.476       0.522
    SH_W4            0.238       0.313       0.352       0.553       0.755       0.794       0.869

 S        WITH
    I               -0.626      -0.502      -0.438      -0.106       0.227       0.290       0.415

 Means
    I                0.424       0.444       0.454       0.509       0.563       0.573       0.594
    S                0.010       0.085       0.123       0.322       0.522       0.560       0.635

 Intercepts
    SH_W1            0.000       0.000       0.000       0.000       0.000       0.000       0.000
    SH_W2            0.000       0.000       0.000       0.000       0.000       0.000       0.000
    SH_W3            0.000       0.000       0.000       0.000       0.000       0.000       0.000
    SH_W4            0.000       0.000       0.000       0.000       0.000       0.000       0.000

 Variances
    I                1.000       1.000       1.000       1.000       1.000       1.000       1.000
    S                1.000       1.000       1.000       1.000       1.000       1.000       1.000

 Residual Variances
    SH_W1            0.165       0.203       0.222       0.322       0.422       0.441       0.478
    SH_W2            0.228       0.252       0.264       0.329       0.393       0.405       0.429
    SH_W3            0.314       0.345       0.361       0.444       0.528       0.544       0.575
    SH_W4            0.104       0.180       0.219       0.421       0.623       0.662       0.738

Group OTHER

 I        |
    SH_W1            0.336       0.365       0.380       0.458       0.535       0.550       0.579
    SH_W2            0.336       0.365       0.380       0.458       0.535       0.550       0.579
    SH_W3            0.336       0.365       0.380       0.458       0.535       0.550       0.579
    SH_W4            0.336       0.365       0.380       0.458       0.535       0.550       0.579

 S        |
    SH_W1            0.000       0.000       0.000       0.000       0.000       0.000       0.000
    SH_W2            0.048       0.063       0.070       0.111       0.151       0.159       0.174
    SH_W3            0.143       0.188       0.211       0.332       0.453       0.476       0.522
    SH_W4            0.238       0.313       0.352       0.553       0.755       0.794       0.869

 S        WITH
    I               -0.626      -0.502      -0.438      -0.106       0.227       0.290       0.415

 Means
    I                0.424       0.444       0.454       0.509       0.563       0.573       0.594
    S                0.010       0.085       0.123       0.322       0.522       0.560       0.635

 Intercepts
    SH_W1            0.000       0.000       0.000       0.000       0.000       0.000       0.000
    SH_W2            0.000       0.000       0.000       0.000       0.000       0.000       0.000
    SH_W3            0.000       0.000       0.000       0.000       0.000       0.000       0.000
    SH_W4            0.000       0.000       0.000       0.000       0.000       0.000       0.000

 Variances
    I                1.000       1.000       1.000       1.000       1.000       1.000       1.000
    S                1.000       1.000       1.000       1.000       1.000       1.000       1.000

 Residual Variances
    SH_W1            0.165       0.203       0.222       0.322       0.422       0.441       0.478
    SH_W2            0.228       0.252       0.264       0.329       0.393       0.405       0.429
    SH_W3            0.314       0.345       0.361       0.444       0.528       0.544       0.575
    SH_W4            0.104       0.180       0.219       0.421       0.623       0.662       0.738


DIAGRAM INFORMATION

  Use View Diagram under the Diagram menu in the Mplus Editor to view the diagram.
  If running Mplus from the Mplus Diagrammer, the diagram opens automatically.

  Diagram output
    c:\users\kylenick\onedrive - university of north carolina at chapel hill\dorothy\ipa\paper_1_ace_sv\mplus files\mult

     Beginning Time:  22:17:14
        Ending Time:  22:17:14
       Elapsed Time:  00:00:00



MUTHEN & MUTHEN
3463 Stoner Ave.
Los Angeles, CA  90066

Tel: (310) 391-9971
Fax: (310) 391-8971
Web: www.StatModel.com
Support: Support@StatModel.com

Copyright (c) 1998-2019 Muthen & Muthen
