Mplus VERSION 8.10
MUTHEN & MUTHEN
03/03/2025  12:40 PM

INPUT INSTRUCTIONS

  TITLE:
  COVID paper - Mental Health LPA - 1 profiles;
  DATA:
  FILE = "Mplus BCH/Step 1/Sample 460/step1_1class_ceb92ce2d29a9eb90c55cabce9ab3151.dat";

  VARIABLE:
  NAMES = ID GAD_int PHQ_int PSI_int GADc PHQc PSIc;
   MISSING=.;
   IDVARIABLE = ID;
  CLASSES = c(1);
  ANALYSIS:
  TYPE = MIXTURE;
   STARTS = 2000 500;
   PROCESSORS = 4;
  OUTPUT:
  ENTROPY TECH1 TECH11 TECH14;
  SAVEDATA:
  FILE = step1_1_probs.dat;
  SAVE = CPROBABILITIES;
  PLOT:
  TYPE IS PLOT3;
  SERIES IS GAD_int (1) GADc (2) PHQ_int (3) PHQc (4) PSI_int (5) PSIc (6);



*** WARNING in MODEL command
  All variables are uncorrelated with all other variables within class.
  Check that this is what is intended.
*** WARNING in OUTPUT command
  TECH11 option is not available for TYPE=MIXTURE with only one class.
  Request for TECH11 is ignored.
*** WARNING in OUTPUT command
  TECH14 option is not available for TYPE=MIXTURE with only one class.
  Request for TECH14 is ignored.
   3 WARNING(S) FOUND IN THE INPUT INSTRUCTIONS




COVID paper - Mental Health LPA - 1 profiles;

SUMMARY OF ANALYSIS

Number of groups                                                 1
Number of observations                                         460

Number of dependent variables                                    6
Number of independent variables                                  0
Number of continuous latent variables                            0
Number of categorical latent variables                           1

Observed dependent variables

  Continuous
   GAD_INT     PHQ_INT     PSI_INT     GADC        PHQC        PSIC

Categorical latent variables
   C

Variables with special functions

  ID variable           ID

Estimator                                                      MLR
Information matrix                                        OBSERVED
Optimization Specifications for the Quasi-Newton Algorithm for
Continuous Outcomes
  Maximum number of iterations                                 100
  Convergence criterion                                  0.100D-05
Optimization Specifications for the EM Algorithm
  Maximum number of iterations                                 500
  Convergence criteria
    Loglikelihood change                                 0.100D-06
    Relative loglikelihood change                        0.100D-06
    Derivative                                           0.100D-05
Optimization Specifications for the M step of the EM Algorithm for
Categorical Latent variables
  Number of M step iterations                                    1
  M step convergence criterion                           0.100D-05
  Basis for M step termination                           ITERATION
Optimization Specifications for the M step of the EM Algorithm for
Censored, Binary or Ordered Categorical (Ordinal), Unordered
Categorical (Nominal) and Count Outcomes
  Number of M step iterations                                    1
  M step convergence criterion                           0.100D-05
  Basis for M step termination                           ITERATION
  Maximum value for logit thresholds                            15
  Minimum value for logit thresholds                           -15
  Minimum expected cell size for chi-square              0.100D-01
Maximum number of iterations for H1                           2000
Convergence criterion for H1                             0.100D-03
Optimization algorithm                                         EMA
Random Starts Specifications
  Number of initial stage random starts                       2000
  Number of final stage optimizations                          500
  Number of initial stage iterations                            10
  Initial stage convergence criterion                    0.100D+01
  Random starts scale                                    0.500D+01
  Random seed for generating random starts                       0

Input data file(s)
  Mplus BCH/Step 1/Sample 460/step1_1class_ceb92ce2d29a9eb90c55cabce9ab3151.dat
Input data format  FREE


SUMMARY OF DATA

     Number of missing data patterns             7
     Number of y missing data patterns           7
     Number of u missing data patterns           0


COVARIANCE COVERAGE OF DATA

Minimum covariance coverage value   0.100


     PROPORTION OF DATA PRESENT FOR Y


           Covariance Coverage
              GAD_INT       PHQ_INT       PSI_INT       GADC          PHQC
              ________      ________      ________      ________      ________
 GAD_INT        0.983
 PHQ_INT        0.976         0.991
 PSI_INT        0.941         0.950         0.959
 GADC           0.983         0.976         0.941         0.983
 PHQC           0.959         0.974         0.933         0.959         0.974
 PSIC           0.939         0.948         0.957         0.939         0.930


           Covariance Coverage
              PSIC
              ________
 PSIC           0.957



UNIVARIATE SAMPLE STATISTICS


     UNIVARIATE HIGHER-ORDER MOMENT DESCRIPTIVE STATISTICS

         Variable/         Mean/     Skewness/   Minimum/ % with                Percentiles
        Sample Size      Variance    Kurtosis    Maximum  Min/Max      20%/60%    40%/80%    Median

     GAD_INT               5.597       0.988       0.000   12.83%       1.000      3.000      5.000
             452.000      22.833       0.588      21.000    0.66%       6.000      9.000
     PHQ_INT               6.390       0.993       0.000    7.02%       2.000      4.000      5.000
             456.000      24.764       0.700      24.000    0.22%       7.000     10.000
     PSI_INT              11.483       0.213       4.000    2.49%       9.000     10.000     11.000
             441.000      11.851      -0.114      20.000    2.04%      12.000     14.000
     GADC                  1.135       0.141     -21.000    0.22%      -2.000      0.000      1.000
             452.000      24.462       1.598      18.000    0.22%       2.000      5.000
     PHQC                  1.259       0.142     -15.000    0.22%      -2.000      0.000      1.000
             448.000      22.522       1.149      17.000    0.45%       2.000      4.000
     PSIC                 -0.555      -0.247     -16.000    0.23%      -3.000     -1.000     -0.500
             440.000      10.402       1.080       9.000    0.23%       0.000      2.000

RANDOM STARTS RESULTS RANKED FROM THE BEST TO THE WORST LOGLIKELIHOOD VALUES

Final stage loglikelihood values at local maxima, seeds, and initial stage start numbers:

           -7734.836  696266           1192
           -7734.836  149046           1755
           -7734.836  200041           810
           -7734.836  927045           1994
           -7734.836  unperturbed      0
           -7734.836  556955           1141
           -7734.836  376992           1199
           -7734.836  432490           1462
           -7734.836  32291            1817
           -7734.836  348892           1010
           -7734.836  731610           1087
           -7734.836  276696           676
           -7734.836  360419           356
           -7734.836  317476           1427
           -7734.836  268896           124
           -7734.836  789985           67
           -7734.836  332986           1193
           -7734.836  111066           1509
           -7734.836  406935           958
           -7734.836  84013            598
           -7734.836  610066           1438
           -7734.836  134830           780
           -7734.836  879349           1459
           -7734.836  977507           1716
           -7734.836  267983           228
           -7734.836  926283           269
           -7734.836  351622           551
           -7734.836  165375           1514
           -7734.836  595619           779
           -7734.836  761633           50
           -7734.836  753939           1785
           -7734.836  212934           568
           -7734.836  848969           173
           -7734.836  170768           1464
           -7734.836  354208           196
           -7734.836  654377           1684
           -7734.836  868600           1707
           -7734.836  98068            998
           -7734.836  699748           1120
           -7734.836  805935           615
           -7734.836  421051           1287
           -7734.836  394609           1366
           -7734.836  314757           345
           -7734.836  178031           720
           -7734.836  579995           183
           -7734.836  592043           1090
           -7734.836  580181           691
           -7734.836  468731           1451
           -7734.836  561664           392
           -7734.836  941975           816
           -7734.836  391949           295
           -7734.836  247224           94
           -7734.836  583281           1907
           -7734.836  642909           251
           -7734.836  353983           1235
           -7734.836  932967           1515
           -7734.836  64717            1631
           -7734.836  595759           997
           -7734.836  79212            517
           -7734.836  457017           1762
           -7734.836  258359           1202
           -7734.836  458181           189
           -7734.836  276243           1768
           -7734.836  874208           1860
           -7734.836  374735           1178
           -7734.836  605358           321
           -7734.836  178337           1727
           -7734.836  375590           438
           -7734.836  39810            966
           -7734.836  600202           1115
           -7734.836  74838            1367
           -7734.836  534193           689
           -7734.836  596257           405
           -7734.836  586561           1735
           -7734.836  123102           1302
           -7734.836  675765           1323
           -7734.836  699834           723
           -7734.836  59674            240
           -7734.836  987090           70
           -7734.836  220454           288
           -7734.836  535063           329
           -7734.836  373702           669
           -7734.836  838615           677
           -7734.836  635599           1361
           -7734.836  16207            1568
           -7734.836  77596            1258
           -7734.836  728038           177
           -7734.836  960438           116
           -7734.836  76847            1959
           -7734.836  900921           984
           -7734.836  247912           537
           -7734.836  348637           749
           -7734.836  296162           856
           -7734.836  146900           391
           -7734.836  142946           1612
           -7734.836  235468           1802
           -7734.836  860643           1844
           -7734.836  317444           1136
           -7734.836  747551           1190
           -7734.836  102845           1640
           -7734.836  966603           919
           -7734.836  937068           982
           -7734.836  990197           1055
           -7734.836  917702           693
           -7734.836  625191           350
           -7734.836  137305           379
           -7734.836  7886             804
           -7734.836  358115           1724
           -7734.836  999211           628
           -7734.836  602797           336
           -7734.836  46666            1425
           -7734.836  200463           1826
           -7734.836  22075            659
           -7734.836  170954           86
           -7734.836  452606           1675
           -7734.836  835162           1038
           -7734.836  266349           1989
           -7734.836  175820           1040
           -7734.836  321574           1185
           -7734.836  712531           631
           -7734.836  255016           1731
           -7734.836  697866           1018
           -7734.836  185071           370
           -7734.836  995913           787
           -7734.836  933600           1661
           -7734.836  670595           1072
           -7734.836  794804           1211
           -7734.836  494663           1498
           -7734.836  549244           756
           -7734.836  182318           1536
           -7734.836  505879           424
           -7734.836  385822           1288
           -7734.836  49910            829
           -7734.836  364676           27
           -7734.836  354559           73
           -7734.836  510491           1275
           -7734.836  850545           357
           -7734.836  422699           1439
           -7734.836  708207           1158
           -7734.836  815575           1593
           -7734.836  158701           1058
           -7734.836  486572           1333
           -7734.836  157351           579
           -7734.836  802644           874
           -7734.836  294811           637
           -7734.836  456213           160
           -7734.836  173440           328
           -7734.836  507154           387
           -7734.836  67009            564
           -7734.836  351807           617
           -7734.836  134413           1290
           -7734.836  289739           1348
           -7734.836  574412           679
           -7734.836  125089           1730
           -7734.836  673496           218
           -7734.836  810594           845
           -7734.836  857799           315
           -7734.836  144139           1272
           -7734.836  59963            670
           -7734.836  848590           694
           -7734.836  387016           1035
           -7734.836  364895           1590
           -7734.836  752148           822
           -7734.836  85462            51
           -7734.836  401572           1033
           -7734.836  780726           1270
           -7734.836  638977           643
           -7734.836  28983            1574
           -7734.836  237971           1815
           -7734.836  422004           1107
           -7734.836  891531           206
           -7734.836  932458           1132
           -7734.836  366739           1283
           -7734.836  338858           1342
           -7734.836  425140           1378
           -7734.836  432513           803
           -7734.836  738551           1214
           -7734.836  696830           668
           -7734.836  203508           806
           -7734.836  227563           63
           -7734.836  224410           1220
           -7734.836  829540           324
           -7734.836  871722           355
           -7734.836  485256           371
           -7734.836  535804           111
           -7734.836  613723           1804
           -7734.836  737045           1638
           -7734.836  165382           1816
           -7734.836  195763           358
           -7734.836  548673           732
           -7734.836  323588           826
           -7734.836  301428           885
           -7734.836  928085           1946
           -7734.836  346838           1170
           -7734.836  576596           99
           -7734.836  229744           1096
           -7734.836  855760           593
           -7734.836  193990           1303
           -7734.836  934216           1369
           -7734.836  25127            107
           -7734.836  850112           922
           -7734.836  182163           1264
           -7734.836  72450            1922
           -7734.836  242970           1945
           -7734.836  369684           1309
           -7734.836  842091           1373
           -7734.836  196948           1465
           -7734.836  915107           54
           -7734.836  158612           581
           -7734.836  370481           742
           -7734.836  764692           1795
           -7734.836  743895           1198
           -7734.836  213189           605
           -7734.836  264901           634
           -7734.836  925004           1583
           -7734.836  188498           258
           -7734.836  608363           1041
           -7734.836  300844           1405
           -7734.836  579138           706
           -7734.836  703313           1415
           -7734.836  128920           1632
           -7734.836  485635           876
           -7734.836  913639           162
           -7734.836  3137             1321
           -7734.836  440841           118
           -7734.836  76736            1142
           -7734.836  507218           613
           -7734.836  252949           487
           -7734.836  435287           623
           -7734.836  361694           1834
           -7734.836  724087           925
           -7734.836  617243           237
           -7734.836  217759           1711
           -7734.836  548360           1836
           -7734.836  124999           96
           -7734.836  588962           1790
           -7734.836  710833           1179
           -7734.836  552272           654
           -7734.836  365620           1457
           -7734.836  862607           468
           -7734.836  85839            1099
           -7734.836  502203           1322
           -7734.836  538669           1334
           -7734.836  125750           1221
           -7734.836  435506           988
           -7734.836  940533           764
           -7734.836  68850            462
           -7734.836  413564           535
           -7734.836  518570           1308
           -7734.836  595190           1554
           -7734.836  921206           1277
           -7734.836  840078           203
           -7734.836  211281           292
           -7734.836  695486           1500
           -7734.836  9311             1597
           -7734.836  415502           194
           -7734.836  829442           1596
           -7734.836  514936           1793
           -7734.836  105435           265
           -7734.836  22362            365
           -7734.836  666752           1820
           -7734.836  331955           1468
           -7734.836  518561           1856
           -7734.836  320494           465
           -7734.836  381543           1407
           -7734.836  775881           778
           -7734.836  95219            1871
           -7734.836  246794           801
           -7734.836  14000            1867
           -7734.836  700349           401
           -7734.836  855963           1408
           -7734.836  585607           1537
           -7734.836  720994           1531
           -7734.836  289928           1529
           -7734.836  476393           705
           -7734.836  868112           1484
           -7734.836  544077           809
           -7734.836  178659           1637
           -7734.836  848795           1757
           -7734.836  117116           1909
           -7734.836  910097           1031
           -7734.836  24070            1212
           -7734.836  30166            1888
           -7734.836  370466           41
           -7734.836  746978           410
           -7734.836  735183           1666
           -7734.836  4091             548
           -7734.836  696107           1452
           -7734.836  391179           78
           -7734.836  382611           1990
           -7734.836  966499           963
           -7734.836  115028           1718
           -7734.836  109920           1729
           -7734.836  933977           1918
           -7734.836  620550           1992
           -7734.836  431271           943
           -7734.836  226322           478
           -7734.836  166220           1502
           -7734.836  115653           1387
           -7734.836  180889           920
           -7734.836  770182           1015
           -7734.836  981480           1025
           -7734.836  231281           542
           -7734.836  155622           507
           -7734.836  197904           1782
           -7734.836  262320           1744
           -7734.836  69133            1097
           -7734.836  840031           276
           -7734.836  127362           757
           -7734.836  565631           1209
           -7734.836  3307             735
           -7734.836  905166           1042
           -7734.836  466971           109
           -7734.836  354624           448
           -7734.836  81954            1823
           -7734.836  730868           977
           -7734.836  977800           853
           -7734.836  958803           1685
           -7734.836  966243           1751
           -7734.836  987560           985
           -7734.836  618760           489
           -7734.836  318742           1812
           -7734.836  929361           1971
           -7734.836  700298           1555
           -7734.836  464810           1424
           -7734.836  512403           719
           -7734.836  195407           1278
           -7734.836  575700           100
           -7734.836  479273           156
           -7734.836  217744           326
           -7734.836  677062           680
           -7734.836  21345            199
           -7734.836  835019           1985
           -7734.836  421731           886
           -7734.836  269105           1809
           -7734.836  670998           1876
           -7734.836  290366           1715
           -7734.836  768687           1953
           -7734.836  422421           1022
           -7734.836  406263           1618
           -7734.836  57226            208
           -7734.836  860541           1191
           -7734.836  990504           827
           -7734.836  340112           126
           -7734.836  589483           950
           -7734.836  458226           1078
           -7734.836  988290           1938
           -7734.836  718876           1104
           -7734.836  815445           1295
           -7734.836  891481           1948
           -7734.836  219602           1247
           -7734.836  910071           1061
           -7734.836  871915           1602
           -7734.836  168199           1155
           -7734.836  804616           868
           -7734.836  153394           429
           -7734.836  967237           48
           -7734.836  996270           1572
           -7734.836  173683           1833
           -7734.836  237742           1219
           -7734.836  606078           1296
           -7734.836  21260            1125
           -7734.836  848890           95
           -7734.836  349360           464
           -7734.836  338766           1131
           -7734.836  545108           667
           -7734.836  889514           1505
           -7734.836  119513           821
           -7734.836  180370           1652
           -7734.836  149357           1743
           -7734.836  910119           1886
           -7734.836  22874            588
           -7734.836  122040           1231
           -7734.836  461866           722
           -7734.836  899876           1808
           -7734.836  925994           1386
           -7734.836  279482           1895
           -7734.836  845617           1262
           -7734.836  253358           2
           -7734.836  232015           1313
           -7734.836  318230           46
           -7734.836  506113           895
           -7734.836  408713           450
           -7734.836  988537           1980
           -7734.836  194143           510
           -7734.836  719798           1678
           -7734.836  354395           486
           -7734.836  207299           1039
           -7734.836  331259           1947
           -7734.836  662718           460
           -7734.836  622860           259
           -7734.836  749453           33
           -7734.836  189463           1961
           -7734.836  793487           595
           -7734.836  128045           1614
           -7734.836  626789           1304
           -7734.836  529455           268
           -7734.836  604861           800
           -7734.836  354483           1851
           -7734.836  644297           340
           -7734.836  799404           1490
           -7734.836  797493           1563
           -7734.836  484406           421
           -7734.836  591290           1607
           -7734.836  480649           1900
           -7734.836  173709           1560
           -7734.836  569131           26
           -7734.836  444363           1936
           -7734.836  533355           1328
           -7734.836  453384           1545
           -7734.836  299977           956
           -7734.836  373505           88
           -7734.836  626087           314
           -7734.836  766178           1937
           -7734.836  821011           161
           -7734.836  453915           975
           -7734.836  760599           832
           -7734.836  402699           604
           -7734.836  529346           1633
           -7734.836  140442           500
           -7734.836  462953           7
           -7734.836  314662           1036
           -7734.836  788293           1003
           -7734.836  648352           1615
           -7734.836  501592           1738
           -7734.836  363979           1594
           -7734.836  36714            201
           -7734.836  76930            1767
           -7734.836  521770           945
           -7734.836  657746           1455
           -7734.836  357700           1359
           -7734.836  484224           1664
           -7734.836  574942           558
           -7734.836  818353           1256
           -7734.836  828340           1559
           -7734.836  635245           121
           -7734.836  88437            761
           -7734.836  638032           1706
           -7734.836  480675           1112
           -7734.836  87856            1116
           -7734.836  62158            1696
           -7734.836  501017           1904
           -7734.836  494149           815
           -7734.836  622896           1385
           -7734.836  221146           1046
           -7734.836  148079           1773
           -7734.836  254551           996
           -7734.836  411615           171
           -7734.836  685146           1257
           -7734.836  682718           733
           -7734.836  539751           459
           -7734.836  505528           1604
           -7734.836  650371           14
           -7734.836  321363           1095
           -7734.836  123962           1868
           -7734.836  313407           132
           -7734.836  100595           1766
           -7734.836  129198           1928
           -7734.836  503540           1984
           -7734.836  576220           115
           -7734.836  903369           134
           -7734.836  710445           792
           -7734.836  801717           364
           -7734.836  810705           626
           -7734.836  714455           476
           -7734.836  502157           799
           -7734.836  35191            703
           -7734.836  887676           22
           -7734.836  96617            955
           -7734.836  953843           651
           -7734.836  700846           867
           -7734.836  626891           32
           -7734.836  313306           612
           -7734.836  77571            980
           -7734.836  195873           6
           -7734.836  679832           302
           -7734.836  576726           280
           -7734.836  420910           928
           -7734.836  291149           536
           -7734.836  120506           45
           -7734.836  584397           428
           -7734.836  81951            907
           -7734.836  531546           702
           -7734.836  303834           798
           -7734.836  724519           333
           -7734.836  283492           435
           -7734.836  567165           319
           -7734.836  217130           443
           -7734.836  573096           20
           -7734.836  404510           442
           -7734.836  347515           24
           -7734.836  286735           175
           -7734.836  243346           930
           -7734.836  679615           942
           -7734.836  154575           539
           -7734.836  822698           621
           -7734.836  570681           777
           -7734.836  140806           1001
           -7734.836  294669           501
           -7734.836  919217           1501



THE MODEL ESTIMATION TERMINATED NORMALLY



MODEL FIT INFORMATION

Number of Free Parameters                       12

Loglikelihood

          H0 Value                       -7734.836
          H0 Scaling Correction Factor      1.2083
            for MLR

Information Criteria

          Akaike (AIC)                   15493.672
          Bayesian (BIC)                 15543.247
          Sample-Size Adjusted BIC       15505.162
            (n* = (n + 2) / 24)



FINAL CLASS COUNTS AND PROPORTIONS FOR THE LATENT CLASSES
BASED ON THE ESTIMATED MODEL

    Latent
   Classes

       1        460.00000          1.00000


FINAL CLASS COUNTS AND PROPORTIONS FOR THE LATENT CLASSES
BASED ON ESTIMATED POSTERIOR PROBABILITIES

    Latent
   Classes

       1        460.00000          1.00000


FINAL CLASS COUNTS AND PROPORTIONS FOR THE LATENT CLASSES
BASED ON THEIR MOST LIKELY LATENT CLASS MEMBERSHIP

Class Counts and Proportions

    Latent
   Classes

       1              460          1.00000


Average Latent Class Probabilities for Most Likely Latent Class Membership (Row)
by Latent Class (Column)

           1

    1   1.000


Classification Probabilities for the Most Likely Latent Class Membership (Column)
by Latent Class (Row)

           1

    1   1.000


Logits for the Classification Probabilities for the Most Likely Latent Class Membership (Column)
by Latent Class (Row)

              1

    1      0.000


MODEL RESULTS

                                                    Two-Tailed
                    Estimate       S.E.  Est./S.E.    P-Value

Latent Class 1

 Means
    GAD_INT            5.597      0.225     24.904      0.000
    PHQ_INT            6.390      0.233     27.422      0.000
    PSI_INT           11.483      0.164     70.049      0.000
    GADC               1.135      0.233      4.879      0.000
    PHQC               1.259      0.224      5.615      0.000
    PSIC              -0.555      0.154     -3.607      0.000

 Variances
    GAD_INT           22.833      1.728     13.216      0.000
    PHQ_INT           24.764      1.905     12.997      0.000
    PSI_INT           11.851      0.775     15.290      0.000
    GADC              24.462      2.183     11.208      0.000
    PHQC              22.522      1.888     11.928      0.000
    PSIC              10.402      0.870     11.953      0.000


QUALITY OF NUMERICAL RESULTS

     Condition Number for the Information Matrix              0.371E-02
       (ratio of smallest to largest eigenvalue)


TECHNICAL 1 OUTPUT


     PARAMETER SPECIFICATION FOR LATENT CLASS 1


           NU
              GAD_INT       PHQ_INT       PSI_INT       GADC          PHQC
              ________      ________      ________      ________      ________
                    1             2             3             4             5


           NU
              PSIC
              ________
                    6


           THETA
              GAD_INT       PHQ_INT       PSI_INT       GADC          PHQC
              ________      ________      ________      ________      ________
 GAD_INT            7
 PHQ_INT            0             8
 PSI_INT            0             0             9
 GADC               0             0             0            10
 PHQC               0             0             0             0            11
 PSIC               0             0             0             0             0


           THETA
              PSIC
              ________
 PSIC              12


     PARAMETER SPECIFICATION FOR LATENT CLASS REGRESSION MODEL PART


           ALPHA(C)
              C#1
              ________
                    0


     STARTING VALUES FOR LATENT CLASS 1


           NU
              GAD_INT       PHQ_INT       PSI_INT       GADC          PHQC
              ________      ________      ________      ________      ________
                5.597         6.390        11.483         1.135         1.259


           NU
              PSIC
              ________
               -0.555


           THETA
              GAD_INT       PHQ_INT       PSI_INT       GADC          PHQC
              ________      ________      ________      ________      ________
 GAD_INT       11.417
 PHQ_INT        0.000        12.382
 PSI_INT        0.000         0.000         5.925
 GADC           0.000         0.000         0.000        12.231
 PHQC           0.000         0.000         0.000         0.000        11.261
 PSIC           0.000         0.000         0.000         0.000         0.000


           THETA
              PSIC
              ________
 PSIC           5.201


     STARTING VALUES FOR LATENT CLASS REGRESSION MODEL PART


           ALPHA(C)
              C#1
              ________
                0.000


PLOT INFORMATION

The following plots are available:

  Histograms (sample values)
  Scatterplots (sample values)
  Sample means
  Estimated means, medians, modes, and percentiles
  Sample and estimated means
  Observed individual values
  Estimated means and observed individual values
  Estimated overall and class-specific distributions

SAVEDATA INFORMATION


  Save file
    step1_1_probs.dat

  Order and format of variables

    GAD_INT        F10.3
    PHQ_INT        F10.3
    PSI_INT        F10.3
    GADC           F10.3
    PHQC           F10.3
    PSIC           F10.3
    CPROB1         F10.3
    C              F10.3
    ID             I5

  Save file format
    8F10.3 I5

  Save file record length    10000

  Save missing symbol        *


     Beginning Time:  12:40:40
        Ending Time:  12:40:44
       Elapsed Time:  00:00:04



MUTHEN & MUTHEN
3463 Stoner Ave.
Los Angeles, CA  90066

Tel: (310) 391-9971
Fax: (310) 391-8971
Web: www.StatModel.com
Support: Support@StatModel.com

Copyright (c) 1998-2023 Muthen & Muthen
