Mplus VERSION 8.10
MUTHEN & MUTHEN
03/03/2025  12:43 PM

INPUT INSTRUCTIONS

  TITLE:
  COVID paper - Mental Health LPA - 5 profiles;
  DATA:
  FILE = "Mplus BCH/Step 1/Sample 460/step1_5class_ceb92ce2d29a9eb90c55cabce9ab3151.dat";

  VARIABLE:
  NAMES = ID GAD_int PHQ_int PSI_int GADc PHQc PSIc;
   MISSING=.;
   IDVARIABLE = ID;
  CLASSES = c(5);
  ANALYSIS:
  TYPE = MIXTURE;
   STARTS = 2000 500;
   PROCESSORS = 4;
  OUTPUT:
  ENTROPY TECH1 TECH11 TECH14;
  SAVEDATA:
  FILE = step1_5_probs.dat;
  SAVE = CPROBABILITIES;
  PLOT:
  TYPE IS PLOT3;
  SERIES IS GAD_int (1) GADc (2) PHQ_int (3) PHQc (4) PSI_int (5) PSIc (6);



*** WARNING in MODEL command
  All variables are uncorrelated with all other variables within class.
  Check that this is what is intended.
   1 WARNING(S) FOUND IN THE INPUT INSTRUCTIONS




COVID paper - Mental Health LPA - 5 profiles;

SUMMARY OF ANALYSIS

Number of groups                                                 1
Number of observations                                         460

Number of dependent variables                                    6
Number of independent variables                                  0
Number of continuous latent variables                            0
Number of categorical latent variables                           1

Observed dependent variables

  Continuous
   GAD_INT     PHQ_INT     PSI_INT     GADC        PHQC        PSIC

Categorical latent variables
   C

Variables with special functions

  ID variable           ID

Estimator                                                      MLR
Information matrix                                        OBSERVED
Optimization Specifications for the Quasi-Newton Algorithm for
Continuous Outcomes
  Maximum number of iterations                                 100
  Convergence criterion                                  0.100D-05
Optimization Specifications for the EM Algorithm
  Maximum number of iterations                                 500
  Convergence criteria
    Loglikelihood change                                 0.100D-06
    Relative loglikelihood change                        0.100D-06
    Derivative                                           0.100D-05
Optimization Specifications for the M step of the EM Algorithm for
Categorical Latent variables
  Number of M step iterations                                    1
  M step convergence criterion                           0.100D-05
  Basis for M step termination                           ITERATION
Optimization Specifications for the M step of the EM Algorithm for
Censored, Binary or Ordered Categorical (Ordinal), Unordered
Categorical (Nominal) and Count Outcomes
  Number of M step iterations                                    1
  M step convergence criterion                           0.100D-05
  Basis for M step termination                           ITERATION
  Maximum value for logit thresholds                            15
  Minimum value for logit thresholds                           -15
  Minimum expected cell size for chi-square              0.100D-01
Maximum number of iterations for H1                           2000
Convergence criterion for H1                             0.100D-03
Optimization algorithm                                         EMA
Random Starts Specifications
  Number of initial stage random starts                       2000
  Number of final stage optimizations                          500
  Number of initial stage iterations                            10
  Initial stage convergence criterion                    0.100D+01
  Random starts scale                                    0.500D+01
  Random seed for generating random starts                       0

Input data file(s)
  Mplus BCH/Step 1/Sample 460/step1_5class_ceb92ce2d29a9eb90c55cabce9ab3151.dat
Input data format  FREE


SUMMARY OF DATA

     Number of missing data patterns             7
     Number of y missing data patterns           7
     Number of u missing data patterns           0


COVARIANCE COVERAGE OF DATA

Minimum covariance coverage value   0.100


     PROPORTION OF DATA PRESENT FOR Y


           Covariance Coverage
              GAD_INT       PHQ_INT       PSI_INT       GADC          PHQC
              ________      ________      ________      ________      ________
 GAD_INT        0.983
 PHQ_INT        0.976         0.991
 PSI_INT        0.941         0.950         0.959
 GADC           0.983         0.976         0.941         0.983
 PHQC           0.959         0.974         0.933         0.959         0.974
 PSIC           0.939         0.948         0.957         0.939         0.930


           Covariance Coverage
              PSIC
              ________
 PSIC           0.957



UNIVARIATE SAMPLE STATISTICS


     UNIVARIATE HIGHER-ORDER MOMENT DESCRIPTIVE STATISTICS

         Variable/         Mean/     Skewness/   Minimum/ % with                Percentiles
        Sample Size      Variance    Kurtosis    Maximum  Min/Max      20%/60%    40%/80%    Median

     GAD_INT               5.597       0.988       0.000   12.83%       1.000      3.000      5.000
             452.000      22.833       0.588      21.000    0.66%       6.000      9.000
     PHQ_INT               6.390       0.993       0.000    7.02%       2.000      4.000      5.000
             456.000      24.764       0.700      24.000    0.22%       7.000     10.000
     PSI_INT              11.483       0.213       4.000    2.49%       9.000     10.000     11.000
             441.000      11.851      -0.114      20.000    2.04%      12.000     14.000
     GADC                  1.135       0.141     -21.000    0.22%      -2.000      0.000      1.000
             452.000      24.462       1.598      18.000    0.22%       2.000      5.000
     PHQC                  1.259       0.142     -15.000    0.22%      -2.000      0.000      1.000
             448.000      22.522       1.149      17.000    0.45%       2.000      4.000
     PSIC                 -0.555      -0.247     -16.000    0.23%      -3.000     -1.000     -0.500
             440.000      10.402       1.080       9.000    0.23%       0.000      2.000

RANDOM STARTS RESULTS RANKED FROM THE BEST TO THE WORST LOGLIKELIHOOD VALUES

Final stage loglikelihood values at local maxima, seeds, and initial stage start numbers:

           -7279.546  355253           1233
           -7279.546  899876           1808
           -7279.546  445689           1248
           -7279.546  370957           554
           -7279.546  768687           1953
           -7279.546  14253            1252
           -7279.546  622896           1385
           -7279.546  995249           525
           -7279.546  585607           1537
           -7279.546  229744           1096
           -7279.546  415538           1196
           -7279.546  712296           1243
           -7279.546  266008           656
           -7279.546  320494           465
           -7279.546  76930            1767
           -7279.546  846194           93
           -7279.546  126371           526
           -7279.546  628143           854
           -7279.546  231581           1048
           -7279.546  342019           301
           -7279.546  529627           1542
           -7279.561  185071           370
           -7279.561  695453           902
           -7279.561  211281           292
           -7279.561  46552            1778
           -7279.561  74518            927
           -7279.561  580405           286
           -7279.561  138555           1712
           -7279.561  122040           1231
           -7279.561  100595           1766
           -7279.561  678813           1881
           -7279.561  193569           440
           -7279.561  928683           1307
           -7279.561  505082           1993
           -7279.561  32291            1817
           -7279.561  312587           775
           -7279.561  783165           170
           -7279.561  237332           661
           -7279.561  494365           1331
           -7279.561  526230           1589
           -7279.561  939021           8
           -7279.561  260601           36
           -7279.561  638118           1588
           -7279.561  682178           1344
           -7279.561  414110           1821
           -7279.561  540747           1394
           -7279.561  452606           1675
           -7279.561  275475           413
           -7279.561  823410           1578
           -7279.561  283715           1610
           -7279.561  303834           798
           -7279.561  425140           1378
           -7279.561  881268           1299
           -7279.561  157736           1524
           -7279.561  782179           835
           -7279.561  607642           1838
           -7279.561  65952            933
           -7279.561  317444           1136
           -7279.561  238262           1541
           -7279.561  109946           771
           -7279.561  595190           1554
           -7279.561  199639           1094
           -7279.561  563993           1973
           -7279.561  283146           1126
           -7279.561  96452            1783
           -7279.561  509060           1548
           -7279.561  714997           399
           -7279.561  940533           764
           -7279.561  581196           921
           -7279.561  586619           1837
           -7279.561  830570           369
           -7279.561  565595           1412
           -7279.561  268217           83
           -7279.561  350608           334
           -7279.561  241299           912
           -7279.561  393453           1355
           -7279.561  945065           255
           -7279.561  339073           841
           -7279.561  664562           1138
           -7279.561  826811           1721
           -7279.561  594127           1949
           -7279.561  70157            1858
           -7279.561  400937           1152
           -7279.561  710445           792
           -7279.561  745177           1879
           -7279.561  462953           7
           -7279.561  715561           125
           -7279.561  889774           954
           -7279.561  462167           1986
           -7279.561  858002           1644
           -7279.561  848356           602
           -7279.561  932449           1956
           -7279.561  628997           1188
           -7279.561  857799           315
           -7279.561  426557           1306
           -7279.561  23012            352
           -7279.561  953003           1478
           -7279.561  783110           72
           -7279.561  622873           1218
           -7279.561  365050           1835
           -7279.561  154575           539
           -7279.561  605358           321
           -7279.561  435506           988
           -7279.561  966014           37
           -7279.561  20976            1336
           -7279.561  96617            955
           -7279.561  781190           219
           -7279.561  42523            730
           -7279.561  860940           1797
           -7279.561  327140           678
           -7279.561  752148           822
           -7279.561  645052           910
           -7279.561  57226            208
           -7279.561  467561           819
           -7279.561  327927           908
           -7279.561  35191            703
           -7279.561  867231           1846
           -7279.561  75718            1987
           -7279.561  533738           11
           -7279.561  788796           145
           -7279.561  708207           1158
           -7279.561  193042           316
           -7279.561  273669           1118
           -7279.561  955502           1119
           -7279.561  968846           970
           -7279.561  21130            1988
           -7279.561  670281           721
           -7279.561  327475           518
           -7279.561  599003           1474
           -7279.561  871851           257
           -7279.561  569131           26
           -7279.561  138695           783
           -7279.561  59963            670
           -7279.561  28983            1574
           -7279.561  422699           1439
           -7279.561  401701           1080
           -7279.561  461409           1310
           -7279.561  67009            564
           -7279.561  824126           287
           -7279.561  923437           398
           -7279.561  752847           1109
           -7279.561  88388            1527
           -7279.561  437936           1717
           -7279.561  376373           1421
           -7279.561  170194           1653
           -7279.561  906196           1758
           -7279.561  611740           1251
           -7279.561  144139           1272
           -7279.561  826241           1779
           -7279.561  739458           1963
           -7279.561  733337           1105
           -7279.561  213189           605
           -7279.561  735928           916
           -7279.561  638977           643
           -7279.561  295033           1052
           -7279.561  75168            1160
           -7279.561  891041           1811
           -7279.561  718876           1104
           -7279.561  898058           1586
           -7279.561  179229           1453
           -7279.561  301428           885
           -7279.561  317476           1427
           -7279.561  175820           1040
           -7279.561  643723           1807
           -7279.561  617243           237
           -7279.561  294811           637
           -7279.561  237742           1219
           -7279.561  476204           1318
           -7279.561  208797           931
           -7279.561  592219           119
           -7279.561  458226           1078
           -7279.561  937885           426
           -7279.561  839844           1663
           -7279.561  795831           1968
           -7279.561  502532           445
           -7279.561  680987           1926
           -7279.561  235334           1613
           -7279.561  91976            1925
           -7279.561  255016           1731
           -7279.561  563584           657
           -7279.561  320563           1688
           -7279.561  782200           84
           -7279.561  300470           1153
           -7279.561  851200           1479
           -7279.561  966603           919
           -7279.561  967588           1495
           -7279.561  712531           631
           -7279.561  400319           887
           -7279.561  432148           30
           -7279.561  661978           1281
           -7279.561  300844           1405
           -7279.561  189515           1616
           -7279.561  745972           521
           -7279.561  452297           1068
           -7279.561  608208           1931
           -7279.561  719490           1780
           -7279.561  494663           1498
           -7279.561  988537           1980
           -7279.561  559773           1440
           -7279.561  812408           1705
           -7279.561  257136           1774
           -7279.561  566399           1877
           -7279.561  540217           1477
           -7279.561  85839            1099
           -7279.561  217403           1028
           -7279.561  323588           826
           -7279.561  140442           500
           -7279.561  321574           1185
           -7279.561  775881           778
           -7279.561  264081           186
           -7279.561  165853           105
           -7279.561  492814           1746
           -7279.561  140864           1776
           -7279.561  246261           38
           -7279.561  858804           534
           -7279.561  708128           1722
           -7279.561  126922           1124
           -7279.561  357700           1359
           -7279.561  269800           1686
           -7279.561  81954            1823
           -7279.561  301301           1020
           -7279.561  893169           1847
           -7279.561  518561           1856
           -7279.561  39810            966
           -7279.561  845580           805
           -7279.561  551340           766
           -7279.561  198305           1825
           -7279.561  484501           163
           -7279.561  36183            1349
           -7279.561  177175           851
           -7279.561  860772           174
           -7279.561  172913           557
           -7279.561  436892           565
           -7279.561  715255           523
           -7279.561  845197           1456
           -7279.561  507218           613
           -7279.561  468036           131
           -7279.561  829540           324
           -7279.561  792993           859
           -7279.561  180889           920
           -7279.561  383986           159
           -7279.561  364676           27
           -7279.561  22874            588
           -7279.561  68850            462
           -7279.561  128045           1614
           -7298.324  264903           1045
           -7298.324  810594           845
           -7298.324  373815           618
           -7298.324  135076           1692
           -7298.324  316165           299
           -7298.324  568405           233
           -7298.324  17730            1698
           -7298.324  76974            16
           -7298.324  268664           1784
           -7298.324  874208           1860
           -7298.324  202790           198
           -7298.324  688839           273
           -7305.632  690608           1800
           -7305.632  175199           247
           -7316.713  631413           439
           -7316.713  159259           1665
           -7316.713  474357           789
           -7316.713  791396           243

237 perturbed starting value run(s) did not converge or were rejected in the third stage.



THE BEST LOGLIKELIHOOD VALUE HAS BEEN REPLICATED.  RERUN WITH AT LEAST TWICE THE
RANDOM STARTS TO CHECK THAT THE BEST LOGLIKELIHOOD IS STILL OBTAINED AND REPLICATED.


THE MODEL ESTIMATION TERMINATED NORMALLY



MODEL FIT INFORMATION

Number of Free Parameters                       40

Loglikelihood

          H0 Value                       -7279.546
          H0 Scaling Correction Factor      1.5584
            for MLR

Information Criteria

          Akaike (AIC)                   14639.092
          Bayesian (BIC)                 14804.341
          Sample-Size Adjusted BIC       14677.392
            (n* = (n + 2) / 24)



FINAL CLASS COUNTS AND PROPORTIONS FOR THE LATENT CLASSES
BASED ON THE ESTIMATED MODEL

    Latent
   Classes

       1        131.07889          0.28495
       2        208.65090          0.45359
       3         63.06019          0.13709
       4         21.93554          0.04769
       5         35.27448          0.07668


FINAL CLASS COUNTS AND PROPORTIONS FOR THE LATENT CLASSES
BASED ON ESTIMATED POSTERIOR PROBABILITIES

    Latent
   Classes

       1        131.07889          0.28495
       2        208.65090          0.45359
       3         63.06019          0.13709
       4         21.93554          0.04769
       5         35.27448          0.07668


FINAL CLASS COUNTS AND PROPORTIONS FOR THE LATENT CLASSES
BASED ON THEIR MOST LIKELY LATENT CLASS MEMBERSHIP

Class Counts and Proportions

    Latent
   Classes

       1              130          0.28261
       2              217          0.47174
       3               58          0.12609
       4               22          0.04783
       5               33          0.07174


CLASSIFICATION QUALITY

     Entropy                         0.832


           Univariate Entropy
              GAD_INT       PHQ_INT       PSI_INT       GADC          PHQC
              ________      ________      ________      ________      ________
                0.517         0.527         0.265         0.374         0.385


           Univariate Entropy
              PSIC
              ________
                0.200


Average Latent Class Probabilities for Most Likely Latent Class Membership (Row)
by Latent Class (Column)

           1        2        3        4        5

    1   0.875    0.072    0.012    0.003    0.037
    2   0.059    0.896    0.045    0.000    0.000
    3   0.021    0.083    0.891    0.000    0.004
    4   0.012    0.000    0.000    0.947    0.041
    5   0.093    0.000    0.002    0.020    0.885


Classification Probabilities for the Most Likely Latent Class Membership (Column)
by Latent Class (Row)

           1        2        3        4        5

    1   0.868    0.097    0.009    0.002    0.023
    2   0.045    0.932    0.023    0.000    0.000
    3   0.025    0.154    0.820    0.000    0.001
    4   0.019    0.001    0.000    0.950    0.030
    5   0.138    0.001    0.007    0.025    0.828


Logits for the Classification Probabilities for the Most Likely Latent Class Membership (Column)
by Latent Class (Row)

              1        2        3        4        5

    1      3.618    1.428   -0.920   -2.436    0.000
    2      9.358   12.393    8.701   -1.352    0.000
    3      3.034    4.861    6.532   -7.085    0.000
    4     -0.484   -3.077  -10.311    3.453    0.000
    5     -1.791   -6.314   -4.776   -3.487    0.000


MODEL RESULTS

                                                    Two-Tailed
                    Estimate       S.E.  Est./S.E.    P-Value

Latent Class 1

 Means
    GAD_INT            7.838      0.552     14.192      0.000
    PHQ_INT            8.599      1.033      8.321      0.000
    PSI_INT           12.357      0.349     35.410      0.000
    GADC              -1.163      1.081     -1.076      0.282
    PHQC              -0.960      0.623     -1.541      0.123
    PSIC              -0.736      0.515     -1.431      0.153

 Variances
    GAD_INT            6.774      1.194      5.671      0.000
    PHQ_INT            7.060      1.010      6.988      0.000
    PSI_INT            8.700      0.610     14.253      0.000
    GADC              12.763      2.459      5.190      0.000
    PHQC              11.720      1.235      9.491      0.000
    PSIC               9.467      0.812     11.659      0.000

Latent Class 2

 Means
    GAD_INT            2.353      0.269      8.740      0.000
    PHQ_INT            2.922      0.292     10.017      0.000
    PSI_INT            9.935      0.321     30.947      0.000
    GADC               1.204      0.281      4.277      0.000
    PHQC               1.168      0.291      4.015      0.000
    PSIC              -1.059      0.269     -3.942      0.000

 Variances
    GAD_INT            6.774      1.194      5.671      0.000
    PHQ_INT            7.060      1.010      6.988      0.000
    PSI_INT            8.700      0.610     14.253      0.000
    GADC              12.763      2.459      5.190      0.000
    PHQC              11.720      1.235      9.491      0.000
    PSIC               9.467      0.812     11.659      0.000

Latent Class 3

 Means
    GAD_INT            3.789      0.476      7.960      0.000
    PHQ_INT            5.185      0.584      8.886      0.000
    PSI_INT           11.303      0.548     20.623      0.000
    GADC               8.311      0.831     10.004      0.000
    PHQC               7.758      1.079      7.193      0.000
    PSIC               1.723      0.545      3.163      0.002

 Variances
    GAD_INT            6.774      1.194      5.671      0.000
    PHQ_INT            7.060      1.010      6.988      0.000
    PSI_INT            8.700      0.610     14.253      0.000
    GADC              12.763      2.459      5.190      0.000
    PHQC              11.720      1.235      9.491      0.000
    PSIC               9.467      0.812     11.659      0.000

Latent Class 4

 Means
    GAD_INT           15.666      1.035     15.135      0.000
    PHQ_INT           18.260      1.009     18.099      0.000
    PSI_INT           15.675      0.841     18.636      0.000
    GADC              -6.854      1.338     -5.121      0.000
    PHQC              -7.083      1.525     -4.646      0.000
    PSIC              -1.870      1.118     -1.672      0.094

 Variances
    GAD_INT            6.774      1.194      5.671      0.000
    PHQ_INT            7.060      1.010      6.988      0.000
    PSI_INT            8.700      0.610     14.253      0.000
    GADC              12.763      2.459      5.190      0.000
    PHQC              11.720      1.235      9.491      0.000
    PSIC               9.467      0.812     11.659      0.000

Latent Class 5

 Means
    GAD_INT           13.217      3.183      4.152      0.000
    PHQ_INT           13.542      0.835     16.227      0.000
    PSI_INT           15.053      1.457     10.329      0.000
    GADC               1.381      2.205      0.626      0.531
    PHQC               3.503      1.440      2.432      0.015
    PSIC              -0.070      0.657     -0.106      0.915

 Variances
    GAD_INT            6.774      1.194      5.671      0.000
    PHQ_INT            7.060      1.010      6.988      0.000
    PSI_INT            8.700      0.610     14.253      0.000
    GADC              12.763      2.459      5.190      0.000
    PHQC              11.720      1.235      9.491      0.000
    PSIC               9.467      0.812     11.659      0.000

Categorical Latent Variables

 Means
    C#1                1.313      0.705      1.863      0.062
    C#2                1.778      0.627      2.833      0.005
    C#3                0.581      0.554      1.048      0.295
    C#4               -0.475      0.534     -0.890      0.373


QUALITY OF NUMERICAL RESULTS

     Condition Number for the Information Matrix              0.196E-02
       (ratio of smallest to largest eigenvalue)


TECHNICAL 1 OUTPUT


     PARAMETER SPECIFICATION FOR LATENT CLASS 1


           NU
              GAD_INT       PHQ_INT       PSI_INT       GADC          PHQC
              ________      ________      ________      ________      ________
                    1             2             3             4             5


           NU
              PSIC
              ________
                    6


           THETA
              GAD_INT       PHQ_INT       PSI_INT       GADC          PHQC
              ________      ________      ________      ________      ________
 GAD_INT            7
 PHQ_INT            0             8
 PSI_INT            0             0             9
 GADC               0             0             0            10
 PHQC               0             0             0             0            11
 PSIC               0             0             0             0             0


           THETA
              PSIC
              ________
 PSIC              12


     PARAMETER SPECIFICATION FOR LATENT CLASS 2


           NU
              GAD_INT       PHQ_INT       PSI_INT       GADC          PHQC
              ________      ________      ________      ________      ________
                   13            14            15            16            17


           NU
              PSIC
              ________
                   18


           THETA
              GAD_INT       PHQ_INT       PSI_INT       GADC          PHQC
              ________      ________      ________      ________      ________
 GAD_INT            7
 PHQ_INT            0             8
 PSI_INT            0             0             9
 GADC               0             0             0            10
 PHQC               0             0             0             0            11
 PSIC               0             0             0             0             0


           THETA
              PSIC
              ________
 PSIC              12


     PARAMETER SPECIFICATION FOR LATENT CLASS 3


           NU
              GAD_INT       PHQ_INT       PSI_INT       GADC          PHQC
              ________      ________      ________      ________      ________
                   19            20            21            22            23


           NU
              PSIC
              ________
                   24


           THETA
              GAD_INT       PHQ_INT       PSI_INT       GADC          PHQC
              ________      ________      ________      ________      ________
 GAD_INT            7
 PHQ_INT            0             8
 PSI_INT            0             0             9
 GADC               0             0             0            10
 PHQC               0             0             0             0            11
 PSIC               0             0             0             0             0


           THETA
              PSIC
              ________
 PSIC              12


     PARAMETER SPECIFICATION FOR LATENT CLASS 4


           NU
              GAD_INT       PHQ_INT       PSI_INT       GADC          PHQC
              ________      ________      ________      ________      ________
                   25            26            27            28            29


           NU
              PSIC
              ________
                   30


           THETA
              GAD_INT       PHQ_INT       PSI_INT       GADC          PHQC
              ________      ________      ________      ________      ________
 GAD_INT            7
 PHQ_INT            0             8
 PSI_INT            0             0             9
 GADC               0             0             0            10
 PHQC               0             0             0             0            11
 PSIC               0             0             0             0             0


           THETA
              PSIC
              ________
 PSIC              12


     PARAMETER SPECIFICATION FOR LATENT CLASS 5


           NU
              GAD_INT       PHQ_INT       PSI_INT       GADC          PHQC
              ________      ________      ________      ________      ________
                   31            32            33            34            35


           NU
              PSIC
              ________
                   36


           THETA
              GAD_INT       PHQ_INT       PSI_INT       GADC          PHQC
              ________      ________      ________      ________      ________
 GAD_INT            7
 PHQ_INT            0             8
 PSI_INT            0             0             9
 GADC               0             0             0            10
 PHQC               0             0             0             0            11
 PSIC               0             0             0             0             0


           THETA
              PSIC
              ________
 PSIC              12


     PARAMETER SPECIFICATION FOR LATENT CLASS REGRESSION MODEL PART


           ALPHA(C)
              C#1           C#2           C#3           C#4           C#5
              ________      ________      ________      ________      ________
                   37            38            39            40             0


     STARTING VALUES FOR LATENT CLASS 1


           NU
              GAD_INT       PHQ_INT       PSI_INT       GADC          PHQC
              ________      ________      ________      ________      ________
               -3.960        -3.562         4.598        -8.757        -8.233


           NU
              PSIC
              ________
               -7.005


           THETA
              GAD_INT       PHQ_INT       PSI_INT       GADC          PHQC
              ________      ________      ________      ________      ________
 GAD_INT       11.417
 PHQ_INT        0.000        12.382
 PSI_INT        0.000         0.000         5.925
 GADC           0.000         0.000         0.000        12.231
 PHQC           0.000         0.000         0.000         0.000        11.261
 PSIC           0.000         0.000         0.000         0.000         0.000


           THETA
              PSIC
              ________
 PSIC           5.201


     STARTING VALUES FOR LATENT CLASS 2


           NU
              GAD_INT       PHQ_INT       PSI_INT       GADC          PHQC
              ________      ________      ________      ________      ________
                0.819         1.414         8.041        -3.811        -3.487


           NU
              PSIC
              ________
               -3.780


           THETA
              GAD_INT       PHQ_INT       PSI_INT       GADC          PHQC
              ________      ________      ________      ________      ________
 GAD_INT       11.417
 PHQ_INT        0.000        12.382
 PSI_INT        0.000         0.000         5.925
 GADC           0.000         0.000         0.000        12.231
 PHQC           0.000         0.000         0.000         0.000        11.261
 PSIC           0.000         0.000         0.000         0.000         0.000


           THETA
              PSIC
              ________
 PSIC           5.201


     STARTING VALUES FOR LATENT CLASS 3


           NU
              GAD_INT       PHQ_INT       PSI_INT       GADC          PHQC
              ________      ________      ________      ________      ________
                5.597         6.390        11.483         1.135         1.259


           NU
              PSIC
              ________
               -0.555


           THETA
              GAD_INT       PHQ_INT       PSI_INT       GADC          PHQC
              ________      ________      ________      ________      ________
 GAD_INT       11.417
 PHQ_INT        0.000        12.382
 PSI_INT        0.000         0.000         5.925
 GADC           0.000         0.000         0.000        12.231
 PHQC           0.000         0.000         0.000         0.000        11.261
 PSIC           0.000         0.000         0.000         0.000         0.000


           THETA
              PSIC
              ________
 PSIC           5.201


     STARTING VALUES FOR LATENT CLASS 4


           NU
              GAD_INT       PHQ_INT       PSI_INT       GADC          PHQC
              ________      ________      ________      ________      ________
               10.376        11.367        14.925         6.081         6.005


           NU
              PSIC
              ________
                2.671


           THETA
              GAD_INT       PHQ_INT       PSI_INT       GADC          PHQC
              ________      ________      ________      ________      ________
 GAD_INT       11.417
 PHQ_INT        0.000        12.382
 PSI_INT        0.000         0.000         5.925
 GADC           0.000         0.000         0.000        12.231
 PHQC           0.000         0.000         0.000         0.000        11.261
 PSIC           0.000         0.000         0.000         0.000         0.000


           THETA
              PSIC
              ________
 PSIC           5.201


     STARTING VALUES FOR LATENT CLASS 5


           NU
              GAD_INT       PHQ_INT       PSI_INT       GADC          PHQC
              ________      ________      ________      ________      ________
               15.154        16.343        18.368        11.027        10.750


           NU
              PSIC
              ________
                5.896


           THETA
              GAD_INT       PHQ_INT       PSI_INT       GADC          PHQC
              ________      ________      ________      ________      ________
 GAD_INT       11.417
 PHQ_INT        0.000        12.382
 PSI_INT        0.000         0.000         5.925
 GADC           0.000         0.000         0.000        12.231
 PHQC           0.000         0.000         0.000         0.000        11.261
 PSIC           0.000         0.000         0.000         0.000         0.000


           THETA
              PSIC
              ________
 PSIC           5.201


     STARTING VALUES FOR LATENT CLASS REGRESSION MODEL PART


           ALPHA(C)
              C#1           C#2           C#3           C#4           C#5
              ________      ________      ________      ________      ________
                0.000         0.000         0.000         0.000         0.000


TECHNICAL 11 OUTPUT

     Random Starts Specifications for the k-1 Class Analysis Model
        Number of initial stage random starts                2000
        Number of final stage optimizations                   500



     VUONG-LO-MENDELL-RUBIN LIKELIHOOD RATIO TEST FOR 4 (H0) VERSUS 5 CLASSES

          H0 Loglikelihood Value                        -7326.427
          2 Times the Loglikelihood Difference             93.763
          Difference in the Number of Parameters                7
          Mean                                             90.935
          Standard Deviation                              190.489
          P-Value                                          0.3610

     LO-MENDELL-RUBIN ADJUSTED LRT TEST

          Value                                            91.628
          P-Value                                          0.3666


TECHNICAL 14 OUTPUT

     Random Starts Specifications for the k-1 Class Analysis Model
        Number of initial stage random starts                2000
        Number of final stage optimizations                   500

     Random Starts Specification for the k-1 Class Model for Generated Data
        Number of initial stage random starts                   0
        Number of final stage optimizations for the
           initial stage random starts                          0
     Random Starts Specification for the k Class Model for Generated Data
        Number of initial stage random starts                  40
        Number of final stage optimizations                     8
     Number of bootstrap draws requested                   Varies


     PARAMETRIC BOOTSTRAPPED LIKELIHOOD RATIO TEST FOR 4 (H0) VERSUS 5 CLASSES

          H0 Loglikelihood Value                        -7326.427
          2 Times the Loglikelihood Difference             93.763
          Difference in the Number of Parameters                7
          Approximate P-Value                              0.0000
          Successful Bootstrap Draws                            5


PLOT INFORMATION

The following plots are available:

  Histograms (sample values)
  Scatterplots (sample values)
  Sample means
  Estimated means, medians, modes, and percentiles
  Sample and estimated means
  Observed individual values
  Estimated means and observed individual values
  Estimated overall and class-specific distributions

SAVEDATA INFORMATION


  Save file
    step1_5_probs.dat

  Order and format of variables

    GAD_INT        F10.3
    PHQ_INT        F10.3
    PSI_INT        F10.3
    GADC           F10.3
    PHQC           F10.3
    PSIC           F10.3
    CPROB1         F10.3
    CPROB2         F10.3
    CPROB3         F10.3
    CPROB4         F10.3
    CPROB5         F10.3
    C              F10.3
    ID             I5

  Save file format
    12F10.3 I5

  Save file record length    10000

  Save missing symbol        *


     Beginning Time:  12:43:45
        Ending Time:  12:45:29
       Elapsed Time:  00:01:44



MUTHEN & MUTHEN
3463 Stoner Ave.
Los Angeles, CA  90066

Tel: (310) 391-9971
Fax: (310) 391-8971
Web: www.StatModel.com
Support: Support@StatModel.com

Copyright (c) 1998-2023 Muthen & Muthen
