Mplus VERSION 8.10
MUTHEN & MUTHEN
03/03/2025  12:42 PM

INPUT INSTRUCTIONS

  TITLE:
  COVID paper - Mental Health LPA - 4 profiles;
  DATA:
  FILE = "Mplus BCH/Step 1/Sample 460/step1_4class_ceb92ce2d29a9eb90c55cabce9ab3151.dat";

  VARIABLE:
  NAMES = ID GAD_int PHQ_int PSI_int GADc PHQc PSIc;
   MISSING=.;
   IDVARIABLE = ID;
  CLASSES = c(4);
  ANALYSIS:
  TYPE = MIXTURE;
   STARTS = 2000 500;
   PROCESSORS = 4;
  OUTPUT:
  ENTROPY TECH1 TECH11 TECH14;
  SAVEDATA:
  FILE = step1_4_probs.dat;
  SAVE = CPROBABILITIES;
  PLOT:
  TYPE IS PLOT3;
  SERIES IS GAD_int (1) GADc (2) PHQ_int (3) PHQc (4) PSI_int (5) PSIc (6);



*** WARNING in MODEL command
  All variables are uncorrelated with all other variables within class.
  Check that this is what is intended.
   1 WARNING(S) FOUND IN THE INPUT INSTRUCTIONS




COVID paper - Mental Health LPA - 4 profiles;

SUMMARY OF ANALYSIS

Number of groups                                                 1
Number of observations                                         460

Number of dependent variables                                    6
Number of independent variables                                  0
Number of continuous latent variables                            0
Number of categorical latent variables                           1

Observed dependent variables

  Continuous
   GAD_INT     PHQ_INT     PSI_INT     GADC        PHQC        PSIC

Categorical latent variables
   C

Variables with special functions

  ID variable           ID

Estimator                                                      MLR
Information matrix                                        OBSERVED
Optimization Specifications for the Quasi-Newton Algorithm for
Continuous Outcomes
  Maximum number of iterations                                 100
  Convergence criterion                                  0.100D-05
Optimization Specifications for the EM Algorithm
  Maximum number of iterations                                 500
  Convergence criteria
    Loglikelihood change                                 0.100D-06
    Relative loglikelihood change                        0.100D-06
    Derivative                                           0.100D-05
Optimization Specifications for the M step of the EM Algorithm for
Categorical Latent variables
  Number of M step iterations                                    1
  M step convergence criterion                           0.100D-05
  Basis for M step termination                           ITERATION
Optimization Specifications for the M step of the EM Algorithm for
Censored, Binary or Ordered Categorical (Ordinal), Unordered
Categorical (Nominal) and Count Outcomes
  Number of M step iterations                                    1
  M step convergence criterion                           0.100D-05
  Basis for M step termination                           ITERATION
  Maximum value for logit thresholds                            15
  Minimum value for logit thresholds                           -15
  Minimum expected cell size for chi-square              0.100D-01
Maximum number of iterations for H1                           2000
Convergence criterion for H1                             0.100D-03
Optimization algorithm                                         EMA
Random Starts Specifications
  Number of initial stage random starts                       2000
  Number of final stage optimizations                          500
  Number of initial stage iterations                            10
  Initial stage convergence criterion                    0.100D+01
  Random starts scale                                    0.500D+01
  Random seed for generating random starts                       0

Input data file(s)
  Mplus BCH/Step 1/Sample 460/step1_4class_ceb92ce2d29a9eb90c55cabce9ab3151.dat
Input data format  FREE


SUMMARY OF DATA

     Number of missing data patterns             7
     Number of y missing data patterns           7
     Number of u missing data patterns           0


COVARIANCE COVERAGE OF DATA

Minimum covariance coverage value   0.100


     PROPORTION OF DATA PRESENT FOR Y


           Covariance Coverage
              GAD_INT       PHQ_INT       PSI_INT       GADC          PHQC
              ________      ________      ________      ________      ________
 GAD_INT        0.983
 PHQ_INT        0.976         0.991
 PSI_INT        0.941         0.950         0.959
 GADC           0.983         0.976         0.941         0.983
 PHQC           0.959         0.974         0.933         0.959         0.974
 PSIC           0.939         0.948         0.957         0.939         0.930


           Covariance Coverage
              PSIC
              ________
 PSIC           0.957



UNIVARIATE SAMPLE STATISTICS


     UNIVARIATE HIGHER-ORDER MOMENT DESCRIPTIVE STATISTICS

         Variable/         Mean/     Skewness/   Minimum/ % with                Percentiles
        Sample Size      Variance    Kurtosis    Maximum  Min/Max      20%/60%    40%/80%    Median

     GAD_INT               5.597       0.988       0.000   12.83%       1.000      3.000      5.000
             452.000      22.833       0.588      21.000    0.66%       6.000      9.000
     PHQ_INT               6.390       0.993       0.000    7.02%       2.000      4.000      5.000
             456.000      24.764       0.700      24.000    0.22%       7.000     10.000
     PSI_INT              11.483       0.213       4.000    2.49%       9.000     10.000     11.000
             441.000      11.851      -0.114      20.000    2.04%      12.000     14.000
     GADC                  1.135       0.141     -21.000    0.22%      -2.000      0.000      1.000
             452.000      24.462       1.598      18.000    0.22%       2.000      5.000
     PHQC                  1.259       0.142     -15.000    0.22%      -2.000      0.000      1.000
             448.000      22.522       1.149      17.000    0.45%       2.000      4.000
     PSIC                 -0.555      -0.247     -16.000    0.23%      -3.000     -1.000     -0.500
             440.000      10.402       1.080       9.000    0.23%       0.000      2.000

RANDOM STARTS RESULTS RANKED FROM THE BEST TO THE WORST LOGLIKELIHOOD VALUES

Final stage loglikelihood values at local maxima, seeds, and initial stage start numbers:

           -7326.427  280104           1875
           -7326.427  697866           1018
           -7326.427  415538           1196
           -7326.427  242406           1207
           -7326.427  579882           1021
           -7326.427  128920           1632
           -7326.427  448829           938
           -7326.427  923803           1002
           -7326.427  96941            890
           -7326.427  241197           747
           -7326.427  853283           1854
           -7326.427  46437            153
           -7326.427  704798           530
           -7326.427  387016           1035
           -7326.427  134830           780
           -7326.427  369024           1905
           -7326.427  885099           1320
           -7326.427  778331           1280
           -7326.427  264935           281
           -7326.427  11984            934
           -7326.427  337570           1319
           -7326.427  896153           1265
           -7326.427  193990           1303
           -7326.427  189463           1961
           -7326.427  44340            1189
           -7326.427  172531           1912
           -7326.427  199639           1094
           -7326.427  665121           417
           -7326.427  34346            330
           -7326.427  313278           1887
           -7326.427  432148           30
           -7326.427  877722           1053
           -7326.427  467843           1157
           -7326.427  45696            1543
           -7326.427  462167           1986
           -7326.427  414110           1821
           -7326.427  782821           272
           -7326.427  995249           525
           -7326.427  982520           737
           -7326.427  627249           1518
           -7326.427  122040           1231
           -7326.427  956446           1081
           -7326.427  377504           294
           -7326.427  371246           101
           -7326.427  774692           1764
           -7326.427  506113           895
           -7326.427  164305           128
           -7326.427  965074           1719
           -7326.427  416463           467
           -7326.427  443741           1236
           -7326.427  317868           740
           -7326.427  863643           1619
           -7326.427  96617            955
           -7326.427  937225           394
           -7326.427  805935           615
           -7326.427  117391           710
           -7326.427  502974           1998
           -7326.427  789985           67
           -7326.427  221146           1046
           -7326.427  542577           1004
           -7326.427  930654           1156
           -7326.427  343926           624
           -7326.427  198305           1825
           -7326.427  227999           1392
           -7326.427  590834           785
           -7326.427  166851           638
           -7326.427  712638           1827
           -7326.427  526742           1546
           -7326.427  428783           1176
           -7326.427  853781           716
           -7326.427  915642           40
           -7326.427  663031           1566
           -7326.427  287107           864
           -7326.427  499347           881
           -7326.427  357700           1359
           -7326.427  847855           1701
           -7326.427  355253           1233
           -7326.427  77571            980
           -7326.427  830292           527
           -7326.427  461687           833
           -7326.427  400467           1806
           -7326.427  534483           290
           -7326.427  775884           639
           -7326.427  201311           1995
           -7326.427  358115           1724
           -7326.427  906196           1758
           -7326.427  812578           1865
           -7326.427  926797           406
           -7326.427  787985           482
           -7326.427  533691           1974
           -7326.427  289739           1348
           -7326.427  900921           984
           -7326.427  357258           1383
           -7326.427  202790           198
           -7326.427  737045           1638
           -7326.427  282261           1274
           -7326.427  278661           674
           -7326.427  217403           1028
           -7326.427  691234           250
           -7326.427  499150           216
           -7326.427  900268           327
           -7326.427  602032           648
           -7326.427  312754           562
           -7326.427  971853           402
           -7326.427  118421           139
           -7326.427  12477            155
           -7326.427  76736            1142
           -7326.427  742609           531
           -7326.427  21132            351
           -7326.427  674786           1496
           -7326.427  569338           755
           -7326.427  116136           1960
           -7326.427  284109           82
           -7326.427  426557           1306
           -7326.427  899942           1996
           -7326.427  497522           502
           -7326.427  30019            1476
           -7326.427  238906           430
           -7326.427  637345           19
           -7326.427  49293            707
           -7326.427  928683           1307
           -7326.427  476338           1418
           -7326.427  791614           1852
           -7326.427  399071           1007
           -7326.427  483599           1935
           -7326.427  443917           60
           -7326.427  432950           1244
           -7326.427  605565           404
           -7326.427  311214           64
           -7326.427  835767           210
           -7326.427  779009           1458
           -7326.427  589483           950
           -7326.427  391368           802
           -7326.427  857122           889
           -7326.427  140442           500
           -7326.427  555330           1400
           -7326.427  945083           1842
           -7326.427  374630           1869
           -7326.427  235334           1613
           -7326.427  335485           496
           -7326.427  266340           683
           -7326.427  763285           620
           -7326.427  484687           306
           -7326.427  127362           757
           -7326.427  547354           1357
           -7326.427  523233           1487
           -7326.427  262022           1467
           -7326.427  376373           1421
           -7326.427  231281           542
           -7326.427  807534           850
           -7326.427  85666            1654
           -7326.427  752769           253
           -7326.427  285763           1486
           -7326.427  975141           1623
           -7326.427  354208           196
           -7326.427  929823           1205
           -7326.427  871851           257
           -7326.427  235468           1802
           -7326.427  170194           1653
           -7326.427  480675           1112
           -7326.427  294669           501
           -7326.427  344109           1044
           -7326.427  140987           1093
           -7326.427  282955           1073
           -7326.427  85839            1099
           -7326.427  586619           1837
           -7326.427  168648           1788
           -7326.427  346838           1170
           -7326.427  280227           1863
           -7326.427  895878           1216
           -7326.427  722748           346
           -7326.427  529346           1633
           -7326.427  261759           1972
           -7326.427  438144           271
           -7326.427  898058           1586
           -7326.427  306768           978
           -7326.427  643910           1957
           -7326.427  939021           8
           -7326.427  224410           1220
           -7326.427  242970           1945
           -7326.427  140864           1776
           -7326.427  538470           1681
           -7326.427  279850           555
           -7326.427  138555           1712
           -7326.427  173440           328
           -7326.427  209243           1694
           -7326.427  299774           1777
           -7326.427  609089           241
           -7326.427  347886           1463
           -7326.427  690608           1800
           -7326.427  172133           1697
           -7326.427  229744           1096
           -7326.427  910119           1886
           -7326.427  568405           233
           -7326.427  276243           1768
           -7326.427  104520           1065
           -7326.427  93856            1127
           -7326.427  239088           1902
           -7326.427  913926           1381
           -7326.427  688839           273
           -7326.427  266425           2000
           -7326.427  96452            1783
           -7326.427  224151           973
           -7326.427  420298           1222
           -7326.427  153394           429
           -7326.427  462821           745
           -7326.427  973369           202
           -7326.427  554483           1182
           -7326.427  516908           1977
           -7326.427  802682           419
           -7326.427  958107           790
           -7326.427  761302           744
           -7326.427  749635           420
           -7326.427  792389           746
           -7326.427  564643           1955
           -7326.427  642386           662
           -7326.427  490123           995
           -7326.427  379823           905
           -7326.427  316165           299
           -7326.427  283146           1126
           -7326.427  137654           1084
           -7326.427  928624           981
           -7326.427  460453           1708
           -7326.427  821011           161
           -7326.427  230121           1391
           -7326.427  793035           187
           -7326.427  967902           52
           -7326.427  39810            966
           -7326.427  434915           552
           -7326.427  150818           1050
           -7326.427  538669           1334
           -7326.427  444166           1443
           -7326.427  868600           1707
           -7326.427  268217           83
           -7326.427  521575           313
           -7326.427  644297           340
           -7326.427  113138           585
           -7326.427  410512           1282
           -7326.427  238317           812
           -7326.427  793487           595
           -7326.427  897581           1204
           -7326.427  566943           1023
           -7326.427  576596           99
           -7326.427  366533           484
           -7326.427  932449           1956
           -7326.427  636396           168
           -7326.427  594127           1949
           -7326.427  242713           1911
           -7326.427  697923           1431
           -7326.427  845197           1456
           -7326.427  65562            1395
           -7326.427  603765           1006
           -7326.427  195407           1278
           -7326.427  354483           1851
           -7326.427  86698            893
           -7326.427  261601           1163
           -7326.427  444363           1936
           -7326.427  157736           1524
           -7326.427  829540           324
           -7326.427  271809           846
           -7326.427  640728           1187
           -7326.427  536551           696
           -7326.427  100874           108
           -7326.427  208797           931
           -7326.427  173683           1833
           -7326.427  159259           1665
           -7326.427  393232           152
           -7326.427  119225           1658
           -7326.427  161421           519
           -7326.427  783165           170
           -7326.427  206099           363
           -7326.427  262922           1914
           -7326.427  599729           658
           -7326.427  415769           1149
           -7326.427  809654           1491
           -7326.427  64717            1631
           -7326.427  860541           1191
           -7326.427  622896           1385
           -7326.427  331681           549
           -7326.427  719490           1780
           -7326.427  983830           1683
           -7326.427  879349           1459
           -7326.427  707032           1229
           -7326.427  217744           326
           -7326.427  922596           456
           -7326.427  976103           1289
           -7326.427  768687           1953
           -7326.427  791285           416
           -7326.427  504861           1771
           -7326.427  135605           1786
           -7326.427  966994           1934
           -7326.427  441118           1091
           -7326.427  629320           222
           -7326.427  785277           1603
           -7326.427  283112           1713
           -7326.427  384199           882
           -7326.427  92564            583
           -7326.427  248493           1901
           -7326.427  12050            1540
           -7326.427  314662           1036
           -7326.427  268664           1784
           -7326.427  354624           448
           -7326.427  22874            588
           -7326.427  961454           665
           -7326.427  746966           1656
           -7326.427  545108           667
           -7326.427  566739           575
           -7326.427  97300            640
           -7326.427  597614           284
           -7326.427  319993           1480
           -7326.427  377584           630
           -7326.427  353696           1070
           -7326.427  106561           686
           -7326.427  184656           1978
           -7326.427  70118            104
           -7326.427  888905           444
           -7326.427  824126           287
           -7326.427  561664           392
           -7326.427  551340           766
           -7326.427  321390           133
           -7326.427  891481           1948
           -7326.427  783110           72
           -7326.427  302046           863
           -7326.427  638977           643
           -7326.427  395754           388
           -7326.427  953843           651
           -7326.427  882750           646
           -7326.427  485256           371
           -7326.427  278692           342
           -7326.427  357866           968
           -7326.427  991329           182
           -7326.427  341041           34
           -7326.427  350608           334
           -7326.427  437936           1717
           -7326.427  562716           300
           -7326.427  16096            1147
           -7326.427  833196           715
           -7326.427  588699           828
           -7326.427  494663           1498
           -7326.427  804104           566
           -7326.427  670998           1876
           -7326.427  94610            884
           -7326.427  436460           89
           -7326.427  685268           596
           -7326.427  966243           1751
           -7326.427  706042           1129
           -7326.427  990504           827
           -7326.427  354559           73
           -7326.427  319144           176
           -7326.427  402224           91
           -7326.427  770182           1015
           -7326.427  418686           338
           -7326.427  405371           569
           -7326.427  735928           916
           -7326.427  70157            1858
           -7326.427  782200           84
           -7326.427  635599           1361
           -7326.427  729232           1892
           -7326.427  179229           1453
           -7326.427  804616           868
           -7326.427  682178           1344
           -7326.427  646573           741
           -7326.427  928287           197
           -7326.427  494209           904
           -7326.427  426169           1544
           -7326.427  631413           439
           -7326.427  526324           178
           -7326.427  479273           156
           -7326.427  923767           1979
           -7326.427  319638           1049
           -7326.427  81117            305
           -7326.427  799404           1490
           -7326.427  647690           1232
           -7326.427  551639           55
           -7326.427  685657           69
           -7326.427  662359           1954
           -7326.427  342019           301
           -7326.427  940258           1242
           -7326.427  410023           1864
           -7326.427  20976            1336
           -7326.427  467561           819
           -7326.427  165382           1816
           -7326.427  387401           1482
           -7326.427  866961           1139
           -7326.427  89970            223
           -7326.427  586870           1538
           -7326.427  696773           80
           -7326.427  144139           1272
           -7326.427  84013            598
           -7326.427  424223           900
           -7326.427  60038            1064
           -7326.427  373505           88
           -7326.427  700298           1555
           -7326.427  257136           1774
           -7326.427  722095           1549
           -7326.427  154575           539
           -7326.427  231581           1048
           -7326.427  691615           1570
           -7326.427  903633           553
           -7326.427  253358           2
           -7326.427  569833           85
           -7326.427  700846           867
           -7326.427  937885           426
           -7326.427  503540           1984
           -7326.427  664562           1138
           -7326.427  493775           1402
           -7326.427  318177           748
           -7326.427  588923           606
           -7326.427  987174           1689
           -7326.427  945797           1471
           -7326.427  408713           450
           -7326.427  119513           821
           -7326.427  501017           1904
           -7326.427  124999           96
           -7326.427  135076           1692
           -7326.427  739486           1699
           -7326.427  952682           1882
           -7326.427  883789           1967
           -7326.427  791396           243
           -7326.427  751153           110
           -7326.427  608363           1041
           -7326.427  195353           225
           -7326.427  975027           1552
           -7326.427  263877           1659
           -7326.427  180878           1246
           -7326.427  107025           1009
           -7326.427  72662            729
           -7326.427  711214           1194
           -7326.427  584397           428
           -7326.427  638118           1588
           -7326.427  27071            15
           -7326.427  650354           577
           -7326.427  181069           1810
           -7326.427  573096           20
           -7326.427  158157           1183
           -7326.427  851200           1479
           -7326.427  289148           1092
           -7326.427  596257           405
           -7326.427  215353           164
           -7326.427  681671           1253
           -7326.427  109946           771
           -7326.427  662983           666
           -7326.427  666720           671
           -7326.427  192191           629
           -7326.427  968846           970
           -7326.427  560402           1532
           -7326.427  414828           322
           -7326.427  404042           675
           -7326.427  754100           56
           -7326.427  845580           805
           -7326.427  126371           526
           -7326.427  14253            1252
           -7326.427  661978           1281
           -7326.427  25127            107
           -7326.427  276023           1353
           -7326.427  574727           1437
           -7326.427  502157           799
           -7326.427  391179           78
           -7358.541  772315           1958
           -7358.541  92355            1997
           -7358.541  266038           672
           -7358.541  634782           979
           -7358.541  182163           1264
           -7358.541  172913           557
           -7358.541  978061           488
           -7358.541  712531           631
           -7358.541  689529           516
           -7358.541  897782           545
           -7358.541  364689           1237
           -7358.541  626087           314
           -7358.541  76974            16
           -7358.541  296924           1702
           -7358.541  777492           972
           -7359.652  294811           637
           -7361.708  638611           524
           -7361.708  794236           127
           -7361.708  611687           1933
           -7361.708  128569           1839
           -7361.708  898745           466
           -7361.708  957086           1019
           -7361.708  440395           917
           -7361.708  752847           1109

18 perturbed starting value run(s) did not converge or were rejected in the third stage.



THE BEST LOGLIKELIHOOD VALUE HAS BEEN REPLICATED.  RERUN WITH AT LEAST TWICE THE
RANDOM STARTS TO CHECK THAT THE BEST LOGLIKELIHOOD IS STILL OBTAINED AND REPLICATED.


THE MODEL ESTIMATION TERMINATED NORMALLY



MODEL FIT INFORMATION

Number of Free Parameters                       33

Loglikelihood

          H0 Value                       -7326.427
          H0 Scaling Correction Factor      1.4396
            for MLR

Information Criteria

          Akaike (AIC)                   14718.855
          Bayesian (BIC)                 14855.185
          Sample-Size Adjusted BIC       14750.453
            (n* = (n + 2) / 24)



FINAL CLASS COUNTS AND PROPORTIONS FOR THE LATENT CLASSES
BASED ON THE ESTIMATED MODEL

    Latent
   Classes

       1        143.17473          0.31125
       2        228.29274          0.49629
       3         56.67687          0.12321
       4         31.85565          0.06925


FINAL CLASS COUNTS AND PROPORTIONS FOR THE LATENT CLASSES
BASED ON ESTIMATED POSTERIOR PROBABILITIES

    Latent
   Classes

       1        143.17473          0.31125
       2        228.29274          0.49629
       3         56.67687          0.12321
       4         31.85565          0.06925


FINAL CLASS COUNTS AND PROPORTIONS FOR THE LATENT CLASSES
BASED ON THEIR MOST LIKELY LATENT CLASS MEMBERSHIP

Class Counts and Proportions

    Latent
   Classes

       1              146          0.31739
       2              229          0.49783
       3               54          0.11739
       4               31          0.06739


CLASSIFICATION QUALITY

     Entropy                         0.832


           Univariate Entropy
              GAD_INT       PHQ_INT       PSI_INT       GADC          PHQC
              ________      ________      ________      ________      ________
                0.545         0.551         0.264         0.361         0.319


           Univariate Entropy
              PSIC
              ________
                0.199


Average Latent Class Probabilities for Most Likely Latent Class Membership (Row)
by Latent Class (Column)

           1        2        3        4

    1   0.897    0.076    0.013    0.014
    2   0.040    0.922    0.039    0.000
    3   0.035    0.115    0.851    0.000
    4   0.042    0.000    0.000    0.958


Classification Probabilities for the Most Likely Latent Class Membership (Column)
by Latent Class (Row)

           1        2        3        4

    1   0.914    0.064    0.013    0.009
    2   0.048    0.924    0.027    0.000
    3   0.034    0.156    0.810    0.000
    4   0.066    0.001    0.000    0.932


Logits for the Classification Probabilities for the Most Likely Latent Class Membership (Column)
by Latent Class (Row)

              1        2        3        4

    1      4.613    1.947    0.361    0.000
    2     10.787   13.737   10.210    0.000
    3     10.434   11.955   13.605    0.000
    4     -2.642   -6.618  -13.745    0.000


MODEL RESULTS

                                                    Two-Tailed
                    Estimate       S.E.  Est./S.E.    P-Value

Latent Class 1

 Means
    GAD_INT            8.849      0.590     14.988      0.000
    PHQ_INT            9.632      0.648     14.867      0.000
    PSI_INT           12.829      0.358     35.858      0.000
    GADC              -0.482      0.444     -1.085      0.278
    PHQC               0.079      0.490      0.161      0.872
    PSIC              -0.445      0.326     -1.365      0.172

 Variances
    GAD_INT            7.154      0.898      7.965      0.000
    PHQ_INT            7.417      0.530     13.982      0.000
    PSI_INT            8.971      0.620     14.464      0.000
    GADC              14.236      1.520      9.368      0.000
    PHQC              15.049      1.733      8.685      0.000
    PSIC               9.468      0.853     11.103      0.000

Latent Class 2

 Means
    GAD_INT            2.582      0.291      8.868      0.000
    PHQ_INT            3.158      0.266     11.874      0.000
    PSI_INT           10.112      0.273     37.022      0.000
    GADC               1.078      0.288      3.750      0.000
    PHQC               1.101      0.270      4.076      0.000
    PSIC              -1.095      0.251     -4.357      0.000

 Variances
    GAD_INT            7.154      0.898      7.965      0.000
    PHQ_INT            7.417      0.530     13.982      0.000
    PSI_INT            8.971      0.620     14.464      0.000
    GADC              14.236      1.520      9.368      0.000
    PHQC              15.049      1.733      8.685      0.000
    PSIC               9.468      0.853     11.103      0.000

Latent Class 3

 Means
    GAD_INT            3.639      0.527      6.908      0.000
    PHQ_INT            4.995      0.620      8.051      0.000
    PSI_INT           11.109      0.657     16.905      0.000
    GADC               8.705      0.940      9.260      0.000
    PHQC               7.752      0.945      8.201      0.000
    PSIC               1.891      0.593      3.191      0.001

 Variances
    GAD_INT            7.154      0.898      7.965      0.000
    PHQ_INT            7.417      0.530     13.982      0.000
    PSI_INT            8.971      0.620     14.464      0.000
    GADC              14.236      1.520      9.368      0.000
    PHQC              15.049      1.733      8.685      0.000
    PSIC               9.468      0.853     11.103      0.000

Latent Class 4

 Means
    GAD_INT           15.862      0.847     18.737      0.000
    PHQ_INT           17.532      1.152     15.222      0.000
    PSI_INT           15.901      0.678     23.468      0.000
    GADC              -4.615      1.624     -2.842      0.004
    PHQC              -3.916      2.127     -1.841      0.066
    PSIC              -1.446      0.785     -1.842      0.065

 Variances
    GAD_INT            7.154      0.898      7.965      0.000
    PHQ_INT            7.417      0.530     13.982      0.000
    PSI_INT            8.971      0.620     14.464      0.000
    GADC              14.236      1.520      9.368      0.000
    PHQC              15.049      1.733      8.685      0.000
    PSIC               9.468      0.853     11.103      0.000

Categorical Latent Variables

 Means
    C#1                1.503      0.267      5.632      0.000
    C#2                1.969      0.311      6.331      0.000
    C#3                0.576      0.368      1.568      0.117


QUALITY OF NUMERICAL RESULTS

     Condition Number for the Information Matrix              0.275E-02
       (ratio of smallest to largest eigenvalue)


TECHNICAL 1 OUTPUT


     PARAMETER SPECIFICATION FOR LATENT CLASS 1


           NU
              GAD_INT       PHQ_INT       PSI_INT       GADC          PHQC
              ________      ________      ________      ________      ________
                    1             2             3             4             5


           NU
              PSIC
              ________
                    6


           THETA
              GAD_INT       PHQ_INT       PSI_INT       GADC          PHQC
              ________      ________      ________      ________      ________
 GAD_INT            7
 PHQ_INT            0             8
 PSI_INT            0             0             9
 GADC               0             0             0            10
 PHQC               0             0             0             0            11
 PSIC               0             0             0             0             0


           THETA
              PSIC
              ________
 PSIC              12


     PARAMETER SPECIFICATION FOR LATENT CLASS 2


           NU
              GAD_INT       PHQ_INT       PSI_INT       GADC          PHQC
              ________      ________      ________      ________      ________
                   13            14            15            16            17


           NU
              PSIC
              ________
                   18


           THETA
              GAD_INT       PHQ_INT       PSI_INT       GADC          PHQC
              ________      ________      ________      ________      ________
 GAD_INT            7
 PHQ_INT            0             8
 PSI_INT            0             0             9
 GADC               0             0             0            10
 PHQC               0             0             0             0            11
 PSIC               0             0             0             0             0


           THETA
              PSIC
              ________
 PSIC              12


     PARAMETER SPECIFICATION FOR LATENT CLASS 3


           NU
              GAD_INT       PHQ_INT       PSI_INT       GADC          PHQC
              ________      ________      ________      ________      ________
                   19            20            21            22            23


           NU
              PSIC
              ________
                   24


           THETA
              GAD_INT       PHQ_INT       PSI_INT       GADC          PHQC
              ________      ________      ________      ________      ________
 GAD_INT            7
 PHQ_INT            0             8
 PSI_INT            0             0             9
 GADC               0             0             0            10
 PHQC               0             0             0             0            11
 PSIC               0             0             0             0             0


           THETA
              PSIC
              ________
 PSIC              12


     PARAMETER SPECIFICATION FOR LATENT CLASS 4


           NU
              GAD_INT       PHQ_INT       PSI_INT       GADC          PHQC
              ________      ________      ________      ________      ________
                   25            26            27            28            29


           NU
              PSIC
              ________
                   30


           THETA
              GAD_INT       PHQ_INT       PSI_INT       GADC          PHQC
              ________      ________      ________      ________      ________
 GAD_INT            7
 PHQ_INT            0             8
 PSI_INT            0             0             9
 GADC               0             0             0            10
 PHQC               0             0             0             0            11
 PSIC               0             0             0             0             0


           THETA
              PSIC
              ________
 PSIC              12


     PARAMETER SPECIFICATION FOR LATENT CLASS REGRESSION MODEL PART


           ALPHA(C)
              C#1           C#2           C#3           C#4
              ________      ________      ________      ________
                   31            32            33             0


     STARTING VALUES FOR LATENT CLASS 1


           NU
              GAD_INT       PHQ_INT       PSI_INT       GADC          PHQC
              ________      ________      ________      ________      ________
                0.819         1.414         8.041        -3.811        -3.487


           NU
              PSIC
              ________
               -3.780


           THETA
              GAD_INT       PHQ_INT       PSI_INT       GADC          PHQC
              ________      ________      ________      ________      ________
 GAD_INT       11.417
 PHQ_INT        0.000        12.382
 PSI_INT        0.000         0.000         5.925
 GADC           0.000         0.000         0.000        12.231
 PHQC           0.000         0.000         0.000         0.000        11.261
 PSIC           0.000         0.000         0.000         0.000         0.000


           THETA
              PSIC
              ________
 PSIC           5.201


     STARTING VALUES FOR LATENT CLASS 2


           NU
              GAD_INT       PHQ_INT       PSI_INT       GADC          PHQC
              ________      ________      ________      ________      ________
                5.597         6.390        11.483         1.135         1.259


           NU
              PSIC
              ________
               -0.555


           THETA
              GAD_INT       PHQ_INT       PSI_INT       GADC          PHQC
              ________      ________      ________      ________      ________
 GAD_INT       11.417
 PHQ_INT        0.000        12.382
 PSI_INT        0.000         0.000         5.925
 GADC           0.000         0.000         0.000        12.231
 PHQC           0.000         0.000         0.000         0.000        11.261
 PSIC           0.000         0.000         0.000         0.000         0.000


           THETA
              PSIC
              ________
 PSIC           5.201


     STARTING VALUES FOR LATENT CLASS 3


           NU
              GAD_INT       PHQ_INT       PSI_INT       GADC          PHQC
              ________      ________      ________      ________      ________
                5.597         6.390        11.483         1.135         1.259


           NU
              PSIC
              ________
               -0.555


           THETA
              GAD_INT       PHQ_INT       PSI_INT       GADC          PHQC
              ________      ________      ________      ________      ________
 GAD_INT       11.417
 PHQ_INT        0.000        12.382
 PSI_INT        0.000         0.000         5.925
 GADC           0.000         0.000         0.000        12.231
 PHQC           0.000         0.000         0.000         0.000        11.261
 PSIC           0.000         0.000         0.000         0.000         0.000


           THETA
              PSIC
              ________
 PSIC           5.201


     STARTING VALUES FOR LATENT CLASS 4


           NU
              GAD_INT       PHQ_INT       PSI_INT       GADC          PHQC
              ________      ________      ________      ________      ________
               10.376        11.367        14.925         6.081         6.005


           NU
              PSIC
              ________
                2.671


           THETA
              GAD_INT       PHQ_INT       PSI_INT       GADC          PHQC
              ________      ________      ________      ________      ________
 GAD_INT       11.417
 PHQ_INT        0.000        12.382
 PSI_INT        0.000         0.000         5.925
 GADC           0.000         0.000         0.000        12.231
 PHQC           0.000         0.000         0.000         0.000        11.261
 PSIC           0.000         0.000         0.000         0.000         0.000


           THETA
              PSIC
              ________
 PSIC           5.201


     STARTING VALUES FOR LATENT CLASS REGRESSION MODEL PART


           ALPHA(C)
              C#1           C#2           C#3           C#4
              ________      ________      ________      ________
                0.000         0.000         0.000         0.000


TECHNICAL 11 OUTPUT

     Random Starts Specifications for the k-1 Class Analysis Model
        Number of initial stage random starts                2000
        Number of final stage optimizations                   500



     VUONG-LO-MENDELL-RUBIN LIKELIHOOD RATIO TEST FOR 3 (H0) VERSUS 4 CLASSES

          H0 Loglikelihood Value                        -7388.261
          2 Times the Loglikelihood Difference            123.667
          Difference in the Number of Parameters                7
          Mean                                              4.076
          Standard Deviation                               74.114
          P-Value                                          0.0308

     LO-MENDELL-RUBIN ADJUSTED LRT TEST

          Value                                           120.851
          P-Value                                          0.0330


TECHNICAL 14 OUTPUT

     Random Starts Specifications for the k-1 Class Analysis Model
        Number of initial stage random starts                2000
        Number of final stage optimizations                   500

     Random Starts Specification for the k-1 Class Model for Generated Data
        Number of initial stage random starts                   0
        Number of final stage optimizations for the
           initial stage random starts                          0
     Random Starts Specification for the k Class Model for Generated Data
        Number of initial stage random starts                  40
        Number of final stage optimizations                     8
     Number of bootstrap draws requested                   Varies


     PARAMETRIC BOOTSTRAPPED LIKELIHOOD RATIO TEST FOR 3 (H0) VERSUS 4 CLASSES

          H0 Loglikelihood Value                        -7388.261
          2 Times the Loglikelihood Difference            123.667
          Difference in the Number of Parameters                7
          Approximate P-Value                              0.0000
          Successful Bootstrap Draws                            5


PLOT INFORMATION

The following plots are available:

  Histograms (sample values)
  Scatterplots (sample values)
  Sample means
  Estimated means, medians, modes, and percentiles
  Sample and estimated means
  Observed individual values
  Estimated means and observed individual values
  Estimated overall and class-specific distributions

SAVEDATA INFORMATION


  Save file
    step1_4_probs.dat

  Order and format of variables

    GAD_INT        F10.3
    PHQ_INT        F10.3
    PSI_INT        F10.3
    GADC           F10.3
    PHQC           F10.3
    PSIC           F10.3
    CPROB1         F10.3
    CPROB2         F10.3
    CPROB3         F10.3
    CPROB4         F10.3
    C              F10.3
    ID             I5

  Save file format
    11F10.3 I5

  Save file record length    10000

  Save missing symbol        *


     Beginning Time:  12:42:13
        Ending Time:  12:43:44
       Elapsed Time:  00:01:31



MUTHEN & MUTHEN
3463 Stoner Ave.
Los Angeles, CA  90066

Tel: (310) 391-9971
Fax: (310) 391-8971
Web: www.StatModel.com
Support: Support@StatModel.com

Copyright (c) 1998-2023 Muthen & Muthen
