Mplus VERSION 8.10
MUTHEN & MUTHEN
03/03/2025  12:45 PM

INPUT INSTRUCTIONS

  TITLE:
  COVID paper - Mental Health LPA - 6 profiles;
  DATA:
  FILE = "Mplus BCH/Step 1/Sample 460/step1_6class_ceb92ce2d29a9eb90c55cabce9ab3151.dat";

  VARIABLE:
  NAMES = ID GAD_int PHQ_int PSI_int GADc PHQc PSIc;
   MISSING=.;
   IDVARIABLE = ID;
  CLASSES = c(6);
  ANALYSIS:
  TYPE = MIXTURE;
   STARTS = 2000 500;
   PROCESSORS = 4;
  OUTPUT:
  ENTROPY TECH1 TECH11 TECH14;
  SAVEDATA:
  FILE = step1_6_probs.dat;
  SAVE = CPROBABILITIES;
  PLOT:
  TYPE IS PLOT3;
  SERIES IS GAD_int (1) GADc (2) PHQ_int (3) PHQc (4) PSI_int (5) PSIc (6);



*** WARNING in MODEL command
  All variables are uncorrelated with all other variables within class.
  Check that this is what is intended.
   1 WARNING(S) FOUND IN THE INPUT INSTRUCTIONS




COVID paper - Mental Health LPA - 6 profiles;

SUMMARY OF ANALYSIS

Number of groups                                                 1
Number of observations                                         460

Number of dependent variables                                    6
Number of independent variables                                  0
Number of continuous latent variables                            0
Number of categorical latent variables                           1

Observed dependent variables

  Continuous
   GAD_INT     PHQ_INT     PSI_INT     GADC        PHQC        PSIC

Categorical latent variables
   C

Variables with special functions

  ID variable           ID

Estimator                                                      MLR
Information matrix                                        OBSERVED
Optimization Specifications for the Quasi-Newton Algorithm for
Continuous Outcomes
  Maximum number of iterations                                 100
  Convergence criterion                                  0.100D-05
Optimization Specifications for the EM Algorithm
  Maximum number of iterations                                 500
  Convergence criteria
    Loglikelihood change                                 0.100D-06
    Relative loglikelihood change                        0.100D-06
    Derivative                                           0.100D-05
Optimization Specifications for the M step of the EM Algorithm for
Categorical Latent variables
  Number of M step iterations                                    1
  M step convergence criterion                           0.100D-05
  Basis for M step termination                           ITERATION
Optimization Specifications for the M step of the EM Algorithm for
Censored, Binary or Ordered Categorical (Ordinal), Unordered
Categorical (Nominal) and Count Outcomes
  Number of M step iterations                                    1
  M step convergence criterion                           0.100D-05
  Basis for M step termination                           ITERATION
  Maximum value for logit thresholds                            15
  Minimum value for logit thresholds                           -15
  Minimum expected cell size for chi-square              0.100D-01
Maximum number of iterations for H1                           2000
Convergence criterion for H1                             0.100D-03
Optimization algorithm                                         EMA
Random Starts Specifications
  Number of initial stage random starts                       2000
  Number of final stage optimizations                          500
  Number of initial stage iterations                            10
  Initial stage convergence criterion                    0.100D+01
  Random starts scale                                    0.500D+01
  Random seed for generating random starts                       0

Input data file(s)
  Mplus BCH/Step 1/Sample 460/step1_6class_ceb92ce2d29a9eb90c55cabce9ab3151.dat
Input data format  FREE


SUMMARY OF DATA

     Number of missing data patterns             7
     Number of y missing data patterns           7
     Number of u missing data patterns           0


COVARIANCE COVERAGE OF DATA

Minimum covariance coverage value   0.100


     PROPORTION OF DATA PRESENT FOR Y


           Covariance Coverage
              GAD_INT       PHQ_INT       PSI_INT       GADC          PHQC
              ________      ________      ________      ________      ________
 GAD_INT        0.983
 PHQ_INT        0.976         0.991
 PSI_INT        0.941         0.950         0.959
 GADC           0.983         0.976         0.941         0.983
 PHQC           0.959         0.974         0.933         0.959         0.974
 PSIC           0.939         0.948         0.957         0.939         0.930


           Covariance Coverage
              PSIC
              ________
 PSIC           0.957



UNIVARIATE SAMPLE STATISTICS


     UNIVARIATE HIGHER-ORDER MOMENT DESCRIPTIVE STATISTICS

         Variable/         Mean/     Skewness/   Minimum/ % with                Percentiles
        Sample Size      Variance    Kurtosis    Maximum  Min/Max      20%/60%    40%/80%    Median

     GAD_INT               5.597       0.988       0.000   12.83%       1.000      3.000      5.000
             452.000      22.833       0.588      21.000    0.66%       6.000      9.000
     PHQ_INT               6.390       0.993       0.000    7.02%       2.000      4.000      5.000
             456.000      24.764       0.700      24.000    0.22%       7.000     10.000
     PSI_INT              11.483       0.213       4.000    2.49%       9.000     10.000     11.000
             441.000      11.851      -0.114      20.000    2.04%      12.000     14.000
     GADC                  1.135       0.141     -21.000    0.22%      -2.000      0.000      1.000
             452.000      24.462       1.598      18.000    0.22%       2.000      5.000
     PHQC                  1.259       0.142     -15.000    0.22%      -2.000      0.000      1.000
             448.000      22.522       1.149      17.000    0.45%       2.000      4.000
     PSIC                 -0.555      -0.247     -16.000    0.23%      -3.000     -1.000     -0.500
             440.000      10.402       1.080       9.000    0.23%       0.000      2.000

RANDOM STARTS RESULTS RANKED FROM THE BEST TO THE WORST LOGLIKELIHOOD VALUES

Final stage loglikelihood values at local maxima, seeds, and initial stage start numbers:

           -7252.063  906196           1758
           -7252.063  915642           40
           -7252.063  243346           930
           -7252.063  939709           112
           -7252.063  681671           1253
           -7252.063  967567           1377
           -7252.063  391949           295
           -7252.063  774692           1764
           -7252.063  513949           1910
           -7252.063  18944            1326
           -7252.063  644297           340
           -7252.063  185064           1449
           -7252.063  499150           216
           -7252.063  509733           130
           -7252.063  320494           465
           -7252.063  349263           263
           -7252.063  461687           833
           -7252.063  57148            1561
           -7252.063  153053           378
           -7252.063  990489           1167
           -7252.063  923803           1002
           -7252.063  399380           436
           -7252.063  574942           558
           -7252.063  216815           1600
           -7252.063  203508           806
           -7252.063  51375            148
           -7252.063  40327            971
           -7252.063  733337           1105
           -7252.063  768687           1953
           -7252.063  871915           1602
           -7252.063  370434           1832
           -7252.063  985544           1051
           -7252.063  193847           354
           -7252.063  493775           1402
           -7252.063  924828           1389
           -7252.063  92091            649
           -7252.063  321363           1095
           -7252.063  570681           777
           -7252.063  729232           1892
           -7252.063  635599           1361
           -7252.063  221146           1046
           -7252.063  226322           478
           -7252.063  466971           109
           -7252.063  995648           936
           -7252.063  981480           1025
           -7252.063  371737           532
           -7253.092  573367           986
           -7253.092  252949           487
           -7253.646  775881           778
           -7253.646  835019           1985
           -7253.646  988761           475
           -7253.646  602305           1076
           -7253.646  360597           1174
           -7253.646  853195           431
           -7253.646  239088           1902
           -7253.646  345974           622
           -7253.646  229744           1096
           -7253.646  688839           273
           -7253.646  279850           555
           -7253.646  186047           1513
           -7253.646  76736            1142
           -7253.646  251641           784
           -7253.646  234114           1312
           -7255.337  202790           198
           -7255.337  558208           1403
           -7255.337  691615           1570
           -7255.337  699748           1120
           -7255.337  845197           1456
           -7255.337  109946           771
           -7255.832  727880           1547
           -7255.832  403287           1558
           -7255.832  480926           1824
           -7255.832  318742           1812
           -7255.832  379729           512
           -7255.832  676943           1916
           -7255.832  148918           682
           -7255.832  11984            934
           -7255.832  761302           744
           -7255.832  814975           129
           -7255.832  231581           1048
           -7255.832  444363           1936
           -7255.832  150531           154
           -7255.832  410512           1282
           -7255.832  444166           1443
           -7255.832  197904           1782
           -7255.832  354559           73
           -7255.832  492040           1503
           -7256.456  835162           1038
           -7256.456  821011           161
           -7256.456  865906           641
           -7257.545  594127           1949
           -7257.545  269800           1686
           -7257.564  937727           1011
           -7257.564  877429           1489
           -7257.564  992389           77
           -7257.564  483538           1897
           -7257.564  237332           661
           -7257.564  539751           459
           -7257.564  264081           186
           -7257.564  526742           1546
           -7257.564  883688           1197
           -7257.564  58507            793
           -7257.564  529627           1542
           -7257.564  573096           20
           -7257.564  226337           1582
           -7257.564  609089           241
           -7257.564  188498           258
           -7257.564  85462            51
           -7257.564  661337           1754
           -7257.564  162030           1047
           -7257.564  836066           372
           -7257.564  98068            998
           -7257.564  376411           473
           -7257.564  483599           1935
           -7257.564  89970            223
           -7257.564  505082           1993
           -7257.564  607263           1121
           -7257.564  29591            633
           -7257.564  851200           1479
           -7257.564  427363           1966
           -7257.564  563584           657
           -7257.564  354624           448
           -7257.564  607072           717
           -7257.564  903633           553
           -7257.564  255016           1731
           -7257.564  803696           1340
           -7257.564  184656           1978
           -7257.564  458226           1078
           -7257.564  809654           1491
           -7257.564  383986           159
           -7257.564  853283           1854
           -7257.564  288738           940
           -7257.564  628143           854
           -7257.564  231400           738
           -7257.564  14253            1252
           -7257.564  452606           1675
           -7257.564  77210            712
           -7257.564  443917           60
           -7257.564  83866            1034
           -7257.564  868112           1484
           -7257.564  313407           132
           -7257.564  384199           882
           -7257.564  42278            1305
           -7257.564  670281           721
           -7257.564  58353            1723
           -7257.564  496762           870
           -7257.564  932458           1132
           -7257.564  783165           170
           -7257.564  668003           647
           -7257.564  608496           4
           -7257.564  88388            1527
           -7257.762  845580           805
           -7257.762  791285           416
           -7257.762  173683           1833
           -7257.799  237742           1219
           -7257.799  850840           232
           -7257.799  662359           1954
           -7257.799  798821           423
           -7257.799  754485           1175
           -7257.799  762461           425
           -7257.799  509060           1548
           -7257.799  661978           1281
           -7257.799  290837           1828
           -7257.799  588923           606
           -7257.799  339073           841
           -7257.799  94573            983
           -7257.799  770182           1015
           -7257.799  250295           1884
           -7257.799  599003           1474
           -7257.799  957392           79
           -7257.799  519119           1753
           -7257.799  839844           1663
           -7257.799  538669           1334
           -7257.799  879349           1459
           -7257.799  848331           137
           -7257.799  891041           1811
           -7257.799  193042           316
           -7257.799  580539           786
           -7257.799  504861           1771
           -7257.799  767770           1725
           -7257.799  437936           1717
           -7257.799  32291            1817
           -7257.799  830570           369
           -7257.799  329127           185
           -7257.799  410793           1134
           -7257.799  285380           1
           -7257.799  175820           1040
           -7257.799  364676           27
           -7257.799  941975           816
           -7257.799  471398           74
           -7257.799  357258           1383
           -7257.799  422856           1676
           -7257.799  79945            395
           -7257.799  358688           1573
           -7257.799  314662           1036
           -7257.799  869564           869
           -7257.799  296924           1702
           -7257.799  645664           39
           -7257.799  636396           168
           -7257.799  115218           1382
           -7257.799  702670           1151
           -7257.799  426557           1306
           -7257.799  933578           506
           -7257.799  284400           1298
           -7257.799  985387           381
           -7257.799  476204           1318
           -7257.799  75718            1987
           -7257.799  714455           476
           -7257.799  605358           321
           -7257.799  407108           366
           -7257.799  823392           479
           -7257.799  990548           1276
           -7257.799  507218           613
           -7257.799  443741           1236
           -7257.799  242621           1642
           -7257.799  252346           528
           -7257.799  147440           514
           -7257.799  830392           35
           -7258.280  352269           1497
           -7258.280  586619           1837
           -7258.280  356068           1924
           -7258.280  746978           410
           -7258.280  323588           826
           -7258.280  933977           1918
           -7258.280  718876           1104
           -7258.280  263394           1741
           -7258.280  168648           1788
           -7258.280  467561           819
           -7258.280  273669           1118
           -7258.280  127362           757
           -7259.508  583281           1907
           -7270.109  220454           288
           -7279.561  160326           546

267 perturbed starting value run(s) did not converge or were rejected in the third stage.



THE BEST LOGLIKELIHOOD VALUE HAS BEEN REPLICATED.  RERUN WITH AT LEAST TWICE THE
RANDOM STARTS TO CHECK THAT THE BEST LOGLIKELIHOOD IS STILL OBTAINED AND REPLICATED.


THE MODEL ESTIMATION TERMINATED NORMALLY



MODEL FIT INFORMATION

Number of Free Parameters                       47

Loglikelihood

          H0 Value                       -7252.063
          H0 Scaling Correction Factor      1.5084
            for MLR

Information Criteria

          Akaike (AIC)                   14598.125
          Bayesian (BIC)                 14792.293
          Sample-Size Adjusted BIC       14643.128
            (n* = (n + 2) / 24)



FINAL CLASS COUNTS AND PROPORTIONS FOR THE LATENT CLASSES
BASED ON THE ESTIMATED MODEL

    Latent
   Classes

       1         19.76190          0.04296
       2        214.09201          0.46542
       3         68.74381          0.14944
       4         76.98770          0.16736
       5         54.79523          0.11912
       6         25.61935          0.05569


FINAL CLASS COUNTS AND PROPORTIONS FOR THE LATENT CLASSES
BASED ON ESTIMATED POSTERIOR PROBABILITIES

    Latent
   Classes

       1         19.76190          0.04296
       2        214.09201          0.46542
       3         68.74381          0.14944
       4         76.98770          0.16736
       5         54.79523          0.11912
       6         25.61935          0.05569


FINAL CLASS COUNTS AND PROPORTIONS FOR THE LATENT CLASSES
BASED ON THEIR MOST LIKELY LATENT CLASS MEMBERSHIP

Class Counts and Proportions

    Latent
   Classes

       1               19          0.04130
       2              220          0.47826
       3               65          0.14130
       4               79          0.17174
       5               51          0.11087
       6               26          0.05652


CLASSIFICATION QUALITY

     Entropy                         0.828


           Univariate Entropy
              GAD_INT       PHQ_INT       PSI_INT       GADC          PHQC
              ________      ________      ________      ________      ________
                0.485         0.494         0.253         0.412         0.354


           Univariate Entropy
              PSIC
              ________
                0.214


Average Latent Class Probabilities for Most Likely Latent Class Membership (Row)
by Latent Class (Column)

           1        2        3        4        5        6

    1   0.969    0.000    0.018    0.001    0.000    0.012
    2   0.000    0.913    0.028    0.025    0.033    0.000
    3   0.004    0.058    0.840    0.091    0.000    0.008
    4   0.000    0.070    0.085    0.790    0.027    0.028
    5   0.000    0.077    0.000    0.031    0.893    0.000
    6   0.041    0.000    0.030    0.058    0.000    0.872


Classification Probabilities for the Most Likely Latent Class Membership (Column)
by Latent Class (Row)

           1        2        3        4        5        6

    1   0.931    0.001    0.013    0.001    0.000    0.053
    2   0.000    0.938    0.018    0.026    0.018    0.000
    3   0.005    0.091    0.794    0.098    0.000    0.011
    4   0.000    0.072    0.077    0.811    0.020    0.019
    5   0.000    0.131    0.000    0.038    0.831    0.000
    6   0.009    0.001    0.020    0.086    0.000    0.885


Logits for the Classification Probabilities for the Most Likely Latent Class Membership (Column)
by Latent Class (Row)

              1        2        3        4        5        6

    1      2.858   -3.600   -1.440   -3.883  -10.886    0.000
    2      0.000   13.752    9.770   10.155    9.814    0.000
    3     -0.804    2.082    4.248    2.156   -6.193    0.000
    4     -4.622    1.313    1.368    3.729    0.040    0.000
    5      0.000   11.783    2.660   10.551   13.630    0.000
    6     -4.587   -6.652   -3.814   -2.334  -12.885    0.000


MODEL RESULTS

                                                    Two-Tailed
                    Estimate       S.E.  Est./S.E.    P-Value

Latent Class 1

 Means
    GAD_INT           15.620      1.154     13.535      0.000
    PHQ_INT           18.437      0.926     19.908      0.000
    PSI_INT           15.648      0.905     17.283      0.000
    GADC              -7.235      1.631     -4.437      0.000
    PHQC              -7.640      1.446     -5.282      0.000
    PSIC              -2.154      1.376     -1.565      0.117

 Variances
    GAD_INT            6.494      0.854      7.602      0.000
    PHQ_INT            6.886      0.728      9.465      0.000
    PSI_INT            8.661      0.605     14.313      0.000
    GADC              10.009      1.249      8.013      0.000
    PHQC              11.977      1.416      8.461      0.000
    PSIC               8.771      0.795     11.032      0.000

Latent Class 2

 Means
    GAD_INT            2.437      0.284      8.592      0.000
    PHQ_INT            3.012      0.232     12.961      0.000
    PSI_INT           10.022      0.263     38.121      0.000
    GADC               1.091      0.278      3.919      0.000
    PHQC               1.150      0.298      3.861      0.000
    PSIC              -1.075      0.274     -3.921      0.000

 Variances
    GAD_INT            6.494      0.854      7.602      0.000
    PHQ_INT            6.886      0.728      9.465      0.000
    PSI_INT            8.661      0.605     14.313      0.000
    GADC              10.009      1.249      8.013      0.000
    PHQC              11.977      1.416      8.461      0.000
    PSIC               8.771      0.795     11.032      0.000

Latent Class 3

 Means
    GAD_INT            8.225      0.743     11.075      0.000
    PHQ_INT            8.050      0.921      8.744      0.000
    PSI_INT           12.498      0.542     23.054      0.000
    GADC              -3.647      0.770     -4.734      0.000
    PHQC              -2.365      0.979     -2.416      0.016
    PSIC              -2.036      0.608     -3.349      0.001

 Variances
    GAD_INT            6.494      0.854      7.602      0.000
    PHQ_INT            6.886      0.728      9.465      0.000
    PSI_INT            8.661      0.605     14.313      0.000
    GADC              10.009      1.249      8.013      0.000
    PHQC              11.977      1.416      8.461      0.000
    PSIC               8.771      0.795     11.032      0.000

Latent Class 4

 Means
    GAD_INT            7.945      0.699     11.361      0.000
    PHQ_INT            9.883      1.776      5.566      0.000
    PSI_INT           12.516      0.645     19.415      0.000
    GADC               2.451      0.797      3.073      0.002
    PHQC               1.802      1.411      1.278      0.201
    PSIC               0.886      0.484      1.829      0.067

 Variances
    GAD_INT            6.494      0.854      7.602      0.000
    PHQ_INT            6.886      0.728      9.465      0.000
    PSI_INT            8.661      0.605     14.313      0.000
    GADC              10.009      1.249      8.013      0.000
    PHQC              11.977      1.416      8.461      0.000
    PSIC               8.771      0.795     11.032      0.000

Latent Class 5

 Means
    GAD_INT            3.308      0.633      5.223      0.000
    PHQ_INT            4.624      0.656      7.052      0.000
    PSI_INT           10.907      0.819     13.317      0.000
    GADC               9.114      1.147      7.946      0.000
    PHQC               7.773      0.991      7.843      0.000
    PSIC               1.912      0.705      2.711      0.007

 Variances
    GAD_INT            6.494      0.854      7.602      0.000
    PHQ_INT            6.886      0.728      9.465      0.000
    PSI_INT            8.661      0.605     14.313      0.000
    GADC              10.009      1.249      8.013      0.000
    PHQC              11.977      1.416      8.461      0.000
    PSIC               8.771      0.795     11.032      0.000

Latent Class 6

 Means
    GAD_INT           14.751      1.072     13.757      0.000
    PHQ_INT           14.273      1.052     13.563      0.000
    PSI_INT           15.860      0.841     18.861      0.000
    GADC              -0.042      1.231     -0.034      0.972
    PHQC               2.993      1.519      1.970      0.049
    PSIC              -0.331      0.764     -0.433      0.665

 Variances
    GAD_INT            6.494      0.854      7.602      0.000
    PHQ_INT            6.886      0.728      9.465      0.000
    PSI_INT            8.661      0.605     14.313      0.000
    GADC              10.009      1.249      8.013      0.000
    PHQC              11.977      1.416      8.461      0.000
    PSIC               8.771      0.795     11.032      0.000

Categorical Latent Variables

 Means
    C#1               -0.260      0.470     -0.552      0.581
    C#2                2.123      0.330      6.440      0.000
    C#3                0.987      0.435      2.266      0.023
    C#4                1.100      0.345      3.186      0.001
    C#5                0.760      0.430      1.769      0.077


QUALITY OF NUMERICAL RESULTS

     Condition Number for the Information Matrix              0.134E-02
       (ratio of smallest to largest eigenvalue)


TECHNICAL 1 OUTPUT


     PARAMETER SPECIFICATION FOR LATENT CLASS 1


           NU
              GAD_INT       PHQ_INT       PSI_INT       GADC          PHQC
              ________      ________      ________      ________      ________
                    1             2             3             4             5


           NU
              PSIC
              ________
                    6


           THETA
              GAD_INT       PHQ_INT       PSI_INT       GADC          PHQC
              ________      ________      ________      ________      ________
 GAD_INT            7
 PHQ_INT            0             8
 PSI_INT            0             0             9
 GADC               0             0             0            10
 PHQC               0             0             0             0            11
 PSIC               0             0             0             0             0


           THETA
              PSIC
              ________
 PSIC              12


     PARAMETER SPECIFICATION FOR LATENT CLASS 2


           NU
              GAD_INT       PHQ_INT       PSI_INT       GADC          PHQC
              ________      ________      ________      ________      ________
                   13            14            15            16            17


           NU
              PSIC
              ________
                   18


           THETA
              GAD_INT       PHQ_INT       PSI_INT       GADC          PHQC
              ________      ________      ________      ________      ________
 GAD_INT            7
 PHQ_INT            0             8
 PSI_INT            0             0             9
 GADC               0             0             0            10
 PHQC               0             0             0             0            11
 PSIC               0             0             0             0             0


           THETA
              PSIC
              ________
 PSIC              12


     PARAMETER SPECIFICATION FOR LATENT CLASS 3


           NU
              GAD_INT       PHQ_INT       PSI_INT       GADC          PHQC
              ________      ________      ________      ________      ________
                   19            20            21            22            23


           NU
              PSIC
              ________
                   24


           THETA
              GAD_INT       PHQ_INT       PSI_INT       GADC          PHQC
              ________      ________      ________      ________      ________
 GAD_INT            7
 PHQ_INT            0             8
 PSI_INT            0             0             9
 GADC               0             0             0            10
 PHQC               0             0             0             0            11
 PSIC               0             0             0             0             0


           THETA
              PSIC
              ________
 PSIC              12


     PARAMETER SPECIFICATION FOR LATENT CLASS 4


           NU
              GAD_INT       PHQ_INT       PSI_INT       GADC          PHQC
              ________      ________      ________      ________      ________
                   25            26            27            28            29


           NU
              PSIC
              ________
                   30


           THETA
              GAD_INT       PHQ_INT       PSI_INT       GADC          PHQC
              ________      ________      ________      ________      ________
 GAD_INT            7
 PHQ_INT            0             8
 PSI_INT            0             0             9
 GADC               0             0             0            10
 PHQC               0             0             0             0            11
 PSIC               0             0             0             0             0


           THETA
              PSIC
              ________
 PSIC              12


     PARAMETER SPECIFICATION FOR LATENT CLASS 5


           NU
              GAD_INT       PHQ_INT       PSI_INT       GADC          PHQC
              ________      ________      ________      ________      ________
                   31            32            33            34            35


           NU
              PSIC
              ________
                   36


           THETA
              GAD_INT       PHQ_INT       PSI_INT       GADC          PHQC
              ________      ________      ________      ________      ________
 GAD_INT            7
 PHQ_INT            0             8
 PSI_INT            0             0             9
 GADC               0             0             0            10
 PHQC               0             0             0             0            11
 PSIC               0             0             0             0             0


           THETA
              PSIC
              ________
 PSIC              12


     PARAMETER SPECIFICATION FOR LATENT CLASS 6


           NU
              GAD_INT       PHQ_INT       PSI_INT       GADC          PHQC
              ________      ________      ________      ________      ________
                   37            38            39            40            41


           NU
              PSIC
              ________
                   42


           THETA
              GAD_INT       PHQ_INT       PSI_INT       GADC          PHQC
              ________      ________      ________      ________      ________
 GAD_INT            7
 PHQ_INT            0             8
 PSI_INT            0             0             9
 GADC               0             0             0            10
 PHQC               0             0             0             0            11
 PSIC               0             0             0             0             0


           THETA
              PSIC
              ________
 PSIC              12


     PARAMETER SPECIFICATION FOR LATENT CLASS REGRESSION MODEL PART


           ALPHA(C)
              C#1           C#2           C#3           C#4           C#5
              ________      ________      ________      ________      ________
                   43            44            45            46            47


           ALPHA(C)
              C#6
              ________
                    0


     STARTING VALUES FOR LATENT CLASS 1


           NU
              GAD_INT       PHQ_INT       PSI_INT       GADC          PHQC
              ________      ________      ________      ________      ________
               -3.960        -3.562         4.598        -8.757        -8.233


           NU
              PSIC
              ________
               -7.005


           THETA
              GAD_INT       PHQ_INT       PSI_INT       GADC          PHQC
              ________      ________      ________      ________      ________
 GAD_INT       11.417
 PHQ_INT        0.000        12.382
 PSI_INT        0.000         0.000         5.925
 GADC           0.000         0.000         0.000        12.231
 PHQC           0.000         0.000         0.000         0.000        11.261
 PSIC           0.000         0.000         0.000         0.000         0.000


           THETA
              PSIC
              ________
 PSIC           5.201


     STARTING VALUES FOR LATENT CLASS 2


           NU
              GAD_INT       PHQ_INT       PSI_INT       GADC          PHQC
              ________      ________      ________      ________      ________
                0.819         1.414         8.041        -3.811        -3.487


           NU
              PSIC
              ________
               -3.780


           THETA
              GAD_INT       PHQ_INT       PSI_INT       GADC          PHQC
              ________      ________      ________      ________      ________
 GAD_INT       11.417
 PHQ_INT        0.000        12.382
 PSI_INT        0.000         0.000         5.925
 GADC           0.000         0.000         0.000        12.231
 PHQC           0.000         0.000         0.000         0.000        11.261
 PSIC           0.000         0.000         0.000         0.000         0.000


           THETA
              PSIC
              ________
 PSIC           5.201


     STARTING VALUES FOR LATENT CLASS 3


           NU
              GAD_INT       PHQ_INT       PSI_INT       GADC          PHQC
              ________      ________      ________      ________      ________
                5.597         6.390        11.483         1.135         1.259


           NU
              PSIC
              ________
               -0.555


           THETA
              GAD_INT       PHQ_INT       PSI_INT       GADC          PHQC
              ________      ________      ________      ________      ________
 GAD_INT       11.417
 PHQ_INT        0.000        12.382
 PSI_INT        0.000         0.000         5.925
 GADC           0.000         0.000         0.000        12.231
 PHQC           0.000         0.000         0.000         0.000        11.261
 PSIC           0.000         0.000         0.000         0.000         0.000


           THETA
              PSIC
              ________
 PSIC           5.201


     STARTING VALUES FOR LATENT CLASS 4


           NU
              GAD_INT       PHQ_INT       PSI_INT       GADC          PHQC
              ________      ________      ________      ________      ________
                5.597         6.390        11.483         1.135         1.259


           NU
              PSIC
              ________
               -0.555


           THETA
              GAD_INT       PHQ_INT       PSI_INT       GADC          PHQC
              ________      ________      ________      ________      ________
 GAD_INT       11.417
 PHQ_INT        0.000        12.382
 PSI_INT        0.000         0.000         5.925
 GADC           0.000         0.000         0.000        12.231
 PHQC           0.000         0.000         0.000         0.000        11.261
 PSIC           0.000         0.000         0.000         0.000         0.000


           THETA
              PSIC
              ________
 PSIC           5.201


     STARTING VALUES FOR LATENT CLASS 5


           NU
              GAD_INT       PHQ_INT       PSI_INT       GADC          PHQC
              ________      ________      ________      ________      ________
               10.376        11.367        14.925         6.081         6.005


           NU
              PSIC
              ________
                2.671


           THETA
              GAD_INT       PHQ_INT       PSI_INT       GADC          PHQC
              ________      ________      ________      ________      ________
 GAD_INT       11.417
 PHQ_INT        0.000        12.382
 PSI_INT        0.000         0.000         5.925
 GADC           0.000         0.000         0.000        12.231
 PHQC           0.000         0.000         0.000         0.000        11.261
 PSIC           0.000         0.000         0.000         0.000         0.000


           THETA
              PSIC
              ________
 PSIC           5.201


     STARTING VALUES FOR LATENT CLASS 6


           NU
              GAD_INT       PHQ_INT       PSI_INT       GADC          PHQC
              ________      ________      ________      ________      ________
               15.154        16.343        18.368        11.027        10.750


           NU
              PSIC
              ________
                5.896


           THETA
              GAD_INT       PHQ_INT       PSI_INT       GADC          PHQC
              ________      ________      ________      ________      ________
 GAD_INT       11.417
 PHQ_INT        0.000        12.382
 PSI_INT        0.000         0.000         5.925
 GADC           0.000         0.000         0.000        12.231
 PHQC           0.000         0.000         0.000         0.000        11.261
 PSIC           0.000         0.000         0.000         0.000         0.000


           THETA
              PSIC
              ________
 PSIC           5.201


     STARTING VALUES FOR LATENT CLASS REGRESSION MODEL PART


           ALPHA(C)
              C#1           C#2           C#3           C#4           C#5
              ________      ________      ________      ________      ________
                0.000         0.000         0.000         0.000         0.000


           ALPHA(C)
              C#6
              ________
                0.000


TECHNICAL 11 OUTPUT

     Random Starts Specifications for the k-1 Class Analysis Model
        Number of initial stage random starts                2000
        Number of final stage optimizations                   500



     VUONG-LO-MENDELL-RUBIN LIKELIHOOD RATIO TEST FOR 5 (H0) VERSUS 6 CLASSES

          H0 Loglikelihood Value                        -7279.546
          2 Times the Loglikelihood Difference             54.967
          Difference in the Number of Parameters                7
          Mean                                            -14.575
          Standard Deviation                              187.547
          P-Value                                          0.3348

     LO-MENDELL-RUBIN ADJUSTED LRT TEST

          Value                                            53.715
          P-Value                                          0.3397


TECHNICAL 14 OUTPUT

     Random Starts Specifications for the k-1 Class Analysis Model
        Number of initial stage random starts                2000
        Number of final stage optimizations                   500

     Random Starts Specification for the k-1 Class Model for Generated Data
        Number of initial stage random starts                   0
        Number of final stage optimizations for the
           initial stage random starts                          0
     Random Starts Specification for the k Class Model for Generated Data
        Number of initial stage random starts                  40
        Number of final stage optimizations                     8
     Number of bootstrap draws requested                   Varies


     PARAMETRIC BOOTSTRAPPED LIKELIHOOD RATIO TEST FOR 5 (H0) VERSUS 6 CLASSES

          H0 Loglikelihood Value                        -7279.546
          2 Times the Loglikelihood Difference             54.967
          Difference in the Number of Parameters                7
          Approximate P-Value                              0.0000
          Successful Bootstrap Draws                           10


PLOT INFORMATION

The following plots are available:

  Histograms (sample values)
  Scatterplots (sample values)
  Sample means
  Estimated means, medians, modes, and percentiles
  Sample and estimated means
  Observed individual values
  Estimated means and observed individual values
  Estimated overall and class-specific distributions

SAVEDATA INFORMATION


  Save file
    step1_6_probs.dat

  Order and format of variables

    GAD_INT        F10.3
    PHQ_INT        F10.3
    PSI_INT        F10.3
    GADC           F10.3
    PHQC           F10.3
    PSIC           F10.3
    CPROB1         F10.3
    CPROB2         F10.3
    CPROB3         F10.3
    CPROB4         F10.3
    CPROB5         F10.3
    CPROB6         F10.3
    C              F10.3
    ID             I5

  Save file format
    13F10.3 I5

  Save file record length    10000

  Save missing symbol        *


     Beginning Time:  12:45:30
        Ending Time:  12:47:33
       Elapsed Time:  00:02:03



MUTHEN & MUTHEN
3463 Stoner Ave.
Los Angeles, CA  90066

Tel: (310) 391-9971
Fax: (310) 391-8971
Web: www.StatModel.com
Support: Support@StatModel.com

Copyright (c) 1998-2023 Muthen & Muthen
