Mplus VERSION 8.10
MUTHEN & MUTHEN
03/03/2025  12:47 PM

INPUT INSTRUCTIONS

  TITLE:
  COVID paper - Mental Health LPA - 7 profiles;
  DATA:
  FILE = "Mplus BCH/Step 1/Sample 460/step1_7class_ceb92ce2d29a9eb90c55cabce9ab3151.dat";

  VARIABLE:
  NAMES = ID GAD_int PHQ_int PSI_int GADc PHQc PSIc;
   MISSING=.;
   IDVARIABLE = ID;
  CLASSES = c(7);
  ANALYSIS:
  TYPE = MIXTURE;
   STARTS = 2000 500;
   PROCESSORS = 4;
  OUTPUT:
  ENTROPY TECH1 TECH11 TECH14;
  SAVEDATA:
  FILE = step1_7_probs.dat;
  SAVE = CPROBABILITIES;
  PLOT:
  TYPE IS PLOT3;
  SERIES IS GAD_int (1) GADc (2) PHQ_int (3) PHQc (4) PSI_int (5) PSIc (6);



*** WARNING in MODEL command
  All variables are uncorrelated with all other variables within class.
  Check that this is what is intended.
   1 WARNING(S) FOUND IN THE INPUT INSTRUCTIONS




COVID paper - Mental Health LPA - 7 profiles;

SUMMARY OF ANALYSIS

Number of groups                                                 1
Number of observations                                         460

Number of dependent variables                                    6
Number of independent variables                                  0
Number of continuous latent variables                            0
Number of categorical latent variables                           1

Observed dependent variables

  Continuous
   GAD_INT     PHQ_INT     PSI_INT     GADC        PHQC        PSIC

Categorical latent variables
   C

Variables with special functions

  ID variable           ID

Estimator                                                      MLR
Information matrix                                        OBSERVED
Optimization Specifications for the Quasi-Newton Algorithm for
Continuous Outcomes
  Maximum number of iterations                                 100
  Convergence criterion                                  0.100D-05
Optimization Specifications for the EM Algorithm
  Maximum number of iterations                                 500
  Convergence criteria
    Loglikelihood change                                 0.100D-06
    Relative loglikelihood change                        0.100D-06
    Derivative                                           0.100D-05
Optimization Specifications for the M step of the EM Algorithm for
Categorical Latent variables
  Number of M step iterations                                    1
  M step convergence criterion                           0.100D-05
  Basis for M step termination                           ITERATION
Optimization Specifications for the M step of the EM Algorithm for
Censored, Binary or Ordered Categorical (Ordinal), Unordered
Categorical (Nominal) and Count Outcomes
  Number of M step iterations                                    1
  M step convergence criterion                           0.100D-05
  Basis for M step termination                           ITERATION
  Maximum value for logit thresholds                            15
  Minimum value for logit thresholds                           -15
  Minimum expected cell size for chi-square              0.100D-01
Maximum number of iterations for H1                           2000
Convergence criterion for H1                             0.100D-03
Optimization algorithm                                         EMA
Random Starts Specifications
  Number of initial stage random starts                       2000
  Number of final stage optimizations                          500
  Number of initial stage iterations                            10
  Initial stage convergence criterion                    0.100D+01
  Random starts scale                                    0.500D+01
  Random seed for generating random starts                       0

Input data file(s)
  Mplus BCH/Step 1/Sample 460/step1_7class_ceb92ce2d29a9eb90c55cabce9ab3151.dat
Input data format  FREE


SUMMARY OF DATA

     Number of missing data patterns             7
     Number of y missing data patterns           7
     Number of u missing data patterns           0


COVARIANCE COVERAGE OF DATA

Minimum covariance coverage value   0.100


     PROPORTION OF DATA PRESENT FOR Y


           Covariance Coverage
              GAD_INT       PHQ_INT       PSI_INT       GADC          PHQC
              ________      ________      ________      ________      ________
 GAD_INT        0.983
 PHQ_INT        0.976         0.991
 PSI_INT        0.941         0.950         0.959
 GADC           0.983         0.976         0.941         0.983
 PHQC           0.959         0.974         0.933         0.959         0.974
 PSIC           0.939         0.948         0.957         0.939         0.930


           Covariance Coverage
              PSIC
              ________
 PSIC           0.957



UNIVARIATE SAMPLE STATISTICS


     UNIVARIATE HIGHER-ORDER MOMENT DESCRIPTIVE STATISTICS

         Variable/         Mean/     Skewness/   Minimum/ % with                Percentiles
        Sample Size      Variance    Kurtosis    Maximum  Min/Max      20%/60%    40%/80%    Median

     GAD_INT               5.597       0.988       0.000   12.83%       1.000      3.000      5.000
             452.000      22.833       0.588      21.000    0.66%       6.000      9.000
     PHQ_INT               6.390       0.993       0.000    7.02%       2.000      4.000      5.000
             456.000      24.764       0.700      24.000    0.22%       7.000     10.000
     PSI_INT              11.483       0.213       4.000    2.49%       9.000     10.000     11.000
             441.000      11.851      -0.114      20.000    2.04%      12.000     14.000
     GADC                  1.135       0.141     -21.000    0.22%      -2.000      0.000      1.000
             452.000      24.462       1.598      18.000    0.22%       2.000      5.000
     PHQC                  1.259       0.142     -15.000    0.22%      -2.000      0.000      1.000
             448.000      22.522       1.149      17.000    0.45%       2.000      4.000
     PSIC                 -0.555      -0.247     -16.000    0.23%      -3.000     -1.000     -0.500
             440.000      10.402       1.080       9.000    0.23%       0.000      2.000

RANDOM STARTS RESULTS RANKED FROM THE BEST TO THE WORST LOGLIKELIHOOD VALUES

Final stage loglikelihood values at local maxima, seeds, and initial stage start numbers:

           -7225.908  568405           233
           -7226.163  867231           1846
           -7226.163  738551           1214
           -7226.163  848795           1757
           -7227.398  379729           512
           -7227.398  780698           337
           -7227.398  876056           1000
           -7227.402  332331           1913
           -7227.402  441118           1091
           -7227.639  940533           764
           -7227.639  809240           543
           -7227.639  507218           613
           -7227.639  602032           648
           -7227.639  835019           1985
           -7227.639  480649           1900
           -7227.639  677720           681
           -7227.639  990504           827
           -7227.639  88388            1527
           -7227.639  569833           85
           -7227.639  39810            966
           -7227.639  674786           1496
           -7227.639  699810           571
           -7227.639  426557           1306
           -7227.639  273669           1118
           -7227.639  170194           1653
           -7227.639  745972           521
           -7227.639  444228           860
           -7227.639  929361           1971
           -7227.639  547702           767
           -7227.639  462821           745
           -7227.639  290210           1620
           -7227.639  607642           1838
           -7227.639  211281           292
           -7227.639  586619           1837
           -7227.639  933977           1918
           -7227.639  250295           1884
           -7227.639  276243           1768
           -7227.639  452606           1675
           -7227.639  318177           748
           -7227.639  990548           1276
           -7227.639  767770           1725
           -7227.639  874698           1027
           -7227.639  508457           1649
           -7227.639  780726           1270
           -7227.639  644297           340
           -7227.639  816435           914
           -7227.639  847855           1701
           -7227.639  86698            893
           -7227.639  966603           919
           -7227.639  193847           354
           -7227.639  923767           1979
           -7227.639  134413           1290
           -7227.639  913926           1381
           -7227.639  125763           1942
           -7227.639  508482           446
           -7228.287  586561           1735
           -7228.583  626087           314
           -7228.730  607072           717
           -7228.730  373815           618
           -7228.730  277373           1374
           -7228.730  523233           1487
           -7228.730  355253           1233
           -7228.730  68291            1565
           -7228.730  30166            1888
           -7228.730  521575           313
           -7228.730  166220           1502
           -7228.730  185064           1449
           -7228.730  18366            1473
           -7228.730  779009           1458
           -7228.730  92355            1997
           -7228.730  12477            155
           -7228.730  301301           1020
           -7228.730  235334           1613
           -7228.730  891481           1948
           -7228.730  392407           221
           -7228.730  494663           1498
           -7228.730  987174           1689
           -7228.730  96617            955
           -7228.730  84013            598
           -7228.730  700349           401
           -7228.730  538872           949
           -7228.730  131063           843
           -7228.730  584397           428
           -7228.730  289739           1348
           -7228.730  668003           647
           -7228.730  199491           1364
           -7228.730  65562            1395
           -7228.730  964999           1522
           -7228.730  324517           1297
           -7228.730  420910           928
           -7228.730  341041           34
           -7228.730  534483           290
           -7228.730  897782           545
           -7228.730  696266           1192
           -7228.730  263049           454
           -7228.730  823392           479
           -7228.730  917570           1168
           -7228.730  296924           1702
           -7228.730  783102           433
           -7228.730  51375            148
           -7228.730  973369           202
           -7228.730  941497           1317
           -7228.730  264081           186
           -7228.730  903420           5
           -7228.730  968846           970
           -7228.730  967237           48
           -7228.730  458226           1078
           -7228.730  256197           1923
           -7228.730  930654           1156
           -7228.730  356194           1393
           -7228.730  691234           250
           -7228.730  399848           220
           -7228.730  164643           1941
           -7228.730  29591            633
           -7228.730  42278            1305
           -7228.730  643311           888
           -7228.730  298201           903
           -7228.730  140864           1776
           -7228.730  92564            583
           -7228.730  568556           1314
           -7228.730  81233            825
           -7229.291  768687           1953
           -7229.295  981480           1025
           -7229.683  805768           879
           -7229.683  109946           771
           -7229.683  331681           549
           -7229.683  73576            213
           -7229.755  208230           1710
           -7229.779  932529           1013
           -7229.779  445689           1248
           -7230.134  316165           299
           -7230.413  443917           60
           -7230.554  726787           1550
           -7230.554  703313           1415
           -7230.554  722748           346
           -7231.761  77210            712
           -7231.837  863849           1122
           -7231.837  237742           1219
           -7231.837  115218           1382
           -7231.837  217990           1077
           -7231.837  282261           1274
           -7231.867  581196           921
           -7231.867  590834           785
           -7231.867  662718           460
           -7231.867  374630           1869
           -7231.867  22362            365
           -7231.867  92689            304
           -7231.872  478421           311
           -7231.872  255016           1731
           -7231.915  284109           82
           -7231.915  706042           1129
           -7231.915  145431           1920
           -7231.915  268664           1784
           -7231.915  157736           1524
           -7231.915  919217           1501
           -7231.915  53089            1660
           -7231.915  92091            649
           -7231.915  499347           881
           -7231.915  992389           77
           -7231.915  501017           1904
           -7231.915  404510           442
           -7231.915  923803           1002
           -7231.915  373505           88
           -7231.915  617243           237
           -7231.915  216565           474
           -7231.915  519119           1753
           -7231.915  427363           1966
           -7231.915  539423           1517
           -7231.915  22075            659
           -7231.948  311484           1135
           -7231.948  55115            408
           -7232.223  123962           1868
           -7232.223  293820           1279
           -7232.423  383986           159
           -7232.423  882750           646
           -7232.935  496762           870
           -7232.935  286835           1969
           -7233.336  922596           456
           -7233.336  264901           634
           -7233.336  540747           1394
           -7233.336  287107           864
           -7233.336  853283           1854
           -7233.336  331689           1872
           -7233.336  137377           397
           -7233.336  18944            1326
           -7233.336  719490           1780
           -7233.336  599003           1474
           -7233.336  117391           710
           -7233.336  431271           943
           -7233.336  851200           1479
           -7233.336  265218           924
           -7233.336  248493           1901
           -7233.336  547354           1357
           -7233.336  931558           898
           -7233.336  150531           154
           -7233.336  628997           1188
           -7233.336  302046           863
           -7233.336  60038            1064
           -7233.336  509060           1548
           -7233.336  814975           129
           -7233.336  287787           1630
           -7233.336  493083           1370
           -7233.336  371246           101
           -7233.336  576783           866
           -7233.336  608496           4
           -7233.336  897581           1204
           -7233.486  136842           58
           -7233.493  492814           1746
           -7233.509  836066           372
           -7233.509  475420           71
           -7233.509  763285           620
           -7233.515  193042           316
           -7233.515  59296            1534
           -7233.515  479273           156
           -7233.515  217759           1711
           -7233.515  738142           1970
           -7233.515  845580           805
           -7233.515  354483           1851
           -7233.515  923437           398
           -7233.515  283492           435
           -7233.515  690596           858
           -7233.515  374219           353
           -7233.515  188640           451
           -7233.630  765372           1123
           -7233.698  900817           1060
           -7233.698  387016           1035
           -7233.698  918558           412
           -7233.698  492839           1493
           -7233.699  76974            16
           -7234.280  182318           1536
           -7234.563  535804           111
           -7235.923  217415           1240
           -7235.923  574942           558
           -7235.923  506113           895
           -7236.128  34346            330
           -7236.128  408713           450
           -7236.128  150154           1829
           -7236.128  207299           1039
           -7236.999  985387           381
           -7236.999  538669           1334
           -7237.024  900921           984
           -7237.937  229744           1096
           -7238.240  700270           855
           -7238.318  953843           651
           -7238.416  243346           930
           -7238.416  369602           146
           -7238.416  353696           1070
           -7238.843  758926           1682
           -7238.843  356754           1372
           -7239.424  79945            395
           -7239.424  580181           691
           -7239.424  269800           1686
           -7242.696  399380           436
           -7245.141  694303           282
           -7245.141  883789           1967
           -7245.141  966243           1751
           -7245.181  951709           348
           -7250.950  40588            1976
           -7252.063  91231            727
           -7252.063  816765           959
           -7255.227  810594           845
           -7257.564  701525           239
           -7257.564  829540           324

237 perturbed starting value run(s) did not converge or were rejected in the third stage.



     WARNING:  THE BEST LOGLIKELIHOOD VALUE WAS NOT REPLICATED.  THE
     SOLUTION MAY NOT BE TRUSTWORTHY DUE TO LOCAL MAXIMA.  INCREASE THE
     NUMBER OF RANDOM STARTS.

     THE STANDARD ERRORS OF THE MODEL PARAMETER ESTIMATES MAY NOT BE
     TRUSTWORTHY FOR SOME PARAMETERS DUE TO A NON-POSITIVE DEFINITE
     FIRST-ORDER DERIVATIVE PRODUCT MATRIX.  THIS MAY BE DUE TO THE STARTING
     VALUES BUT MAY ALSO BE AN INDICATION OF MODEL NONIDENTIFICATION.  THE
     CONDITION NUMBER IS      -0.762D-11.  PROBLEM INVOLVING THE FOLLOWING PARAMETER:
     Parameter 42, %C#6%: [ PSIC ]


THE MODEL ESTIMATION TERMINATED NORMALLY



MODEL FIT INFORMATION

Number of Free Parameters                       54

Loglikelihood

          H0 Value                       -7225.908
          H0 Scaling Correction Factor      1.3403
            for MLR

Information Criteria

          Akaike (AIC)                   14559.815
          Bayesian (BIC)                 14782.901
          Sample-Size Adjusted BIC       14611.521
            (n* = (n + 2) / 24)



FINAL CLASS COUNTS AND PROPORTIONS FOR THE LATENT CLASSES
BASED ON THE ESTIMATED MODEL

    Latent
   Classes

       1         20.29222          0.04411
       2         17.50677          0.03806
       3         62.32298          0.13548
       4        122.50996          0.26633
       5        186.61207          0.40568
       6          1.99806          0.00434
       7         48.75793          0.10600


FINAL CLASS COUNTS AND PROPORTIONS FOR THE LATENT CLASSES
BASED ON ESTIMATED POSTERIOR PROBABILITIES

    Latent
   Classes

       1         20.29222          0.04411
       2         17.50677          0.03806
       3         62.32298          0.13548
       4        122.50996          0.26633
       5        186.61207          0.40568
       6          1.99806          0.00434
       7         48.75793          0.10600


FINAL CLASS COUNTS AND PROPORTIONS FOR THE LATENT CLASSES
BASED ON THEIR MOST LIKELY LATENT CLASS MEMBERSHIP

Class Counts and Proportions

    Latent
   Classes

       1               20          0.04348
       2               17          0.03696
       3               62          0.13478
       4              124          0.26957
       5              188          0.40870
       6                2          0.00435
       7               47          0.10217


CLASSIFICATION QUALITY

     Entropy                         0.858


           Univariate Entropy
              GAD_INT       PHQ_INT       PSI_INT       GADC          PHQC
              ________      ________      ________      ________      ________
                0.541         0.570         0.302         0.455         0.362


           Univariate Entropy
              PSIC
              ________
                0.251


Average Latent Class Probabilities for Most Likely Latent Class Membership (Row)
by Latent Class (Column)

           1        2        3        4        5        6        7

    1   0.963    0.010    0.000    0.004    0.000    0.000    0.022
    2   0.020    0.912    0.000    0.016    0.000    0.000    0.052
    3   0.000    0.000    0.871    0.022    0.096    0.000    0.011
    4   0.002    0.007    0.011    0.856    0.084    0.000    0.040
    5   0.000    0.000    0.036    0.058    0.906    0.000    0.001
    6   0.001    0.000    0.000    0.000    0.000    0.999    0.000
    7   0.008    0.019    0.006    0.081    0.000    0.000    0.886


Classification Probabilities for the Most Likely Latent Class Membership (Column)
by Latent Class (Row)

           1        2        3        4        5        6        7

    1   0.949    0.017    0.000    0.014    0.001    0.000    0.019
    2   0.012    0.886    0.000    0.050    0.002    0.000    0.051
    3   0.000    0.000    0.866    0.022    0.108    0.000    0.004
    4   0.001    0.002    0.011    0.866    0.089    0.000    0.031
    5   0.000    0.000    0.032    0.056    0.912    0.000    0.000
    6   0.000    0.000    0.000    0.000    0.000    1.000    0.000
    7   0.009    0.018    0.014    0.103    0.002    0.000    0.854


Logits for the Classification Probabilities for the Most Likely Latent Class Membership (Column)
by Latent Class (Row)

              1        2        3        4        5        6        7

    1      3.932   -0.098   -9.832   -0.285   -2.676   -5.247    0.000
    2     -1.458    2.858   -8.223   -0.022   -3.256  -10.836    0.000
    3     -8.357   -8.357    5.315    1.638    3.232   -8.357    0.000
    4     -3.760   -2.635   -1.018    3.326    1.046  -10.346    0.000
    5     -3.975   -3.975    6.400    6.950    9.749   -3.975    0.000
    6      2.567    0.000    0.000    0.000    2.322   13.815    0.000
    7     -4.541   -3.858   -4.133   -2.115   -6.008  -13.658    0.000


MODEL RESULTS

                                                    Two-Tailed
                    Estimate       S.E.  Est./S.E.    P-Value

Latent Class 1

 Means
    GAD_INT           14.508      1.036     14.002      0.000
    PHQ_INT           18.341      0.807     22.723      0.000
    PSI_INT           15.753      1.013     15.552      0.000
    GADC              -4.669      0.985     -4.741      0.000
    PHQC              -6.663      1.235     -5.395      0.000
    PSIC              -1.042      0.834     -1.250      0.211

 Variances
    GAD_INT            5.810      0.633      9.183      0.000
    PHQ_INT            5.580      0.667      8.371      0.000
    PSI_INT            8.588      0.643     13.355      0.000
    GADC               9.447      1.024      9.223      0.000
    PHQC              13.490      1.499      9.000      0.000
    PSIC               9.176      0.715     12.828      0.000

Latent Class 2

 Means
    GAD_INT           16.045      1.182     13.576      0.000
    PHQ_INT           11.053      1.476      7.488      0.000
    PSI_INT           14.352      1.013     14.163      0.000
    GADC              -5.676      2.020     -2.809      0.005
    PHQC               1.571      1.319      1.191      0.234
    PSIC              -0.278      1.050     -0.265      0.791

 Variances
    GAD_INT            5.810      0.633      9.183      0.000
    PHQ_INT            5.580      0.667      8.371      0.000
    PSI_INT            8.588      0.643     13.355      0.000
    GADC               9.447      1.024      9.223      0.000
    PHQC              13.490      1.499      9.000      0.000
    PSIC               9.176      0.715     12.828      0.000

Latent Class 3

 Means
    GAD_INT            3.676      0.462      7.951      0.000
    PHQ_INT            5.227      0.573      9.121      0.000
    PSI_INT           11.355      0.573     19.833      0.000
    GADC               8.754      0.927      9.447      0.000
    PHQC               7.234      0.859      8.417      0.000
    PSIC               1.507      0.584      2.581      0.010

 Variances
    GAD_INT            5.810      0.633      9.183      0.000
    PHQ_INT            5.580      0.667      8.371      0.000
    PSI_INT            8.588      0.643     13.355      0.000
    GADC               9.447      1.024      9.223      0.000
    PHQC              13.490      1.499      9.000      0.000
    PSIC               9.176      0.715     12.828      0.000

Latent Class 4

 Means
    GAD_INT            7.007      0.502     13.970      0.000
    PHQ_INT            7.256      0.515     14.103      0.000
    PSI_INT           12.178      0.314     38.840      0.000
    GADC              -1.480      0.534     -2.772      0.006
    PHQC              -0.563      0.554     -1.017      0.309
    PSIC              -0.978      0.496     -1.971      0.049

 Variances
    GAD_INT            5.810      0.633      9.183      0.000
    PHQ_INT            5.580      0.667      8.371      0.000
    PSI_INT            8.588      0.643     13.355      0.000
    GADC               9.447      1.024      9.223      0.000
    PHQC              13.490      1.499      9.000      0.000
    PSIC               9.176      0.715     12.828      0.000

Latent Class 5

 Means
    GAD_INT            2.013      0.240      8.371      0.000
    PHQ_INT            2.592      0.298      8.698      0.000
    PSI_INT            9.688      0.369     26.275      0.000
    GADC               1.280      0.289      4.426      0.000
    PHQC               1.344      0.345      3.894      0.000
    PSIC              -1.008      0.315     -3.199      0.001

 Variances
    GAD_INT            5.810      0.633      9.183      0.000
    PHQ_INT            5.580      0.667      8.371      0.000
    PSI_INT            8.588      0.643     13.355      0.000
    GADC               9.447      1.024      9.223      0.000
    PHQC              13.490      1.499      9.000      0.000
    PSIC               9.176      0.715     12.828      0.000

Latent Class 6

 Means
    GAD_INT           20.500      0.356     57.632      0.000
    PHQ_INT           22.501      1.067     21.097      0.000
    PSI_INT           17.502      1.777      9.847      0.000
    GADC             -18.003      2.134     -8.437      0.000
    PHQC             -13.000      0.000  *********      0.000
    PSIC             -10.505      3.911     -2.686      0.007

 Variances
    GAD_INT            5.810      0.633      9.183      0.000
    PHQ_INT            5.580      0.667      8.371      0.000
    PSI_INT            8.588      0.643     13.355      0.000
    GADC               9.447      1.024      9.223      0.000
    PHQC              13.490      1.499      9.000      0.000
    PSIC               9.176      0.715     12.828      0.000

Latent Class 7

 Means
    GAD_INT           10.004      0.824     12.135      0.000
    PHQ_INT           13.095      0.851     15.394      0.000
    PSI_INT           13.713      0.670     20.476      0.000
    GADC               2.988      0.784      3.809      0.000
    PHQC               1.524      1.016      1.500      0.134
    PSIC               0.226      0.577      0.391      0.696

 Variances
    GAD_INT            5.810      0.633      9.183      0.000
    PHQ_INT            5.580      0.667      8.371      0.000
    PSI_INT            8.588      0.643     13.355      0.000
    GADC               9.447      1.024      9.223      0.000
    PHQC              13.490      1.499      9.000      0.000
    PSIC               9.176      0.715     12.828      0.000

Categorical Latent Variables

 Means
    C#1               -0.877      0.331     -2.645      0.008
    C#2               -1.024      0.370     -2.768      0.006
    C#3                0.245      0.313      0.784      0.433
    C#4                0.921      0.283      3.256      0.001
    C#5                1.342      0.266      5.051      0.000
    C#6               -3.195      0.744     -4.296      0.000


QUALITY OF NUMERICAL RESULTS

     Condition Number for the Information Matrix             -0.762E-11
       (ratio of smallest to largest eigenvalue)


TECHNICAL 1 OUTPUT


     PARAMETER SPECIFICATION FOR LATENT CLASS 1


           NU
              GAD_INT       PHQ_INT       PSI_INT       GADC          PHQC
              ________      ________      ________      ________      ________
                    1             2             3             4             5


           NU
              PSIC
              ________
                    6


           THETA
              GAD_INT       PHQ_INT       PSI_INT       GADC          PHQC
              ________      ________      ________      ________      ________
 GAD_INT            7
 PHQ_INT            0             8
 PSI_INT            0             0             9
 GADC               0             0             0            10
 PHQC               0             0             0             0            11
 PSIC               0             0             0             0             0


           THETA
              PSIC
              ________
 PSIC              12


     PARAMETER SPECIFICATION FOR LATENT CLASS 2


           NU
              GAD_INT       PHQ_INT       PSI_INT       GADC          PHQC
              ________      ________      ________      ________      ________
                   13            14            15            16            17


           NU
              PSIC
              ________
                   18


           THETA
              GAD_INT       PHQ_INT       PSI_INT       GADC          PHQC
              ________      ________      ________      ________      ________
 GAD_INT            7
 PHQ_INT            0             8
 PSI_INT            0             0             9
 GADC               0             0             0            10
 PHQC               0             0             0             0            11
 PSIC               0             0             0             0             0


           THETA
              PSIC
              ________
 PSIC              12


     PARAMETER SPECIFICATION FOR LATENT CLASS 3


           NU
              GAD_INT       PHQ_INT       PSI_INT       GADC          PHQC
              ________      ________      ________      ________      ________
                   19            20            21            22            23


           NU
              PSIC
              ________
                   24


           THETA
              GAD_INT       PHQ_INT       PSI_INT       GADC          PHQC
              ________      ________      ________      ________      ________
 GAD_INT            7
 PHQ_INT            0             8
 PSI_INT            0             0             9
 GADC               0             0             0            10
 PHQC               0             0             0             0            11
 PSIC               0             0             0             0             0


           THETA
              PSIC
              ________
 PSIC              12


     PARAMETER SPECIFICATION FOR LATENT CLASS 4


           NU
              GAD_INT       PHQ_INT       PSI_INT       GADC          PHQC
              ________      ________      ________      ________      ________
                   25            26            27            28            29


           NU
              PSIC
              ________
                   30


           THETA
              GAD_INT       PHQ_INT       PSI_INT       GADC          PHQC
              ________      ________      ________      ________      ________
 GAD_INT            7
 PHQ_INT            0             8
 PSI_INT            0             0             9
 GADC               0             0             0            10
 PHQC               0             0             0             0            11
 PSIC               0             0             0             0             0


           THETA
              PSIC
              ________
 PSIC              12


     PARAMETER SPECIFICATION FOR LATENT CLASS 5


           NU
              GAD_INT       PHQ_INT       PSI_INT       GADC          PHQC
              ________      ________      ________      ________      ________
                   31            32            33            34            35


           NU
              PSIC
              ________
                   36


           THETA
              GAD_INT       PHQ_INT       PSI_INT       GADC          PHQC
              ________      ________      ________      ________      ________
 GAD_INT            7
 PHQ_INT            0             8
 PSI_INT            0             0             9
 GADC               0             0             0            10
 PHQC               0             0             0             0            11
 PSIC               0             0             0             0             0


           THETA
              PSIC
              ________
 PSIC              12


     PARAMETER SPECIFICATION FOR LATENT CLASS 6


           NU
              GAD_INT       PHQ_INT       PSI_INT       GADC          PHQC
              ________      ________      ________      ________      ________
                   37            38            39            40            41


           NU
              PSIC
              ________
                   42


           THETA
              GAD_INT       PHQ_INT       PSI_INT       GADC          PHQC
              ________      ________      ________      ________      ________
 GAD_INT            7
 PHQ_INT            0             8
 PSI_INT            0             0             9
 GADC               0             0             0            10
 PHQC               0             0             0             0            11
 PSIC               0             0             0             0             0


           THETA
              PSIC
              ________
 PSIC              12


     PARAMETER SPECIFICATION FOR LATENT CLASS 7


           NU
              GAD_INT       PHQ_INT       PSI_INT       GADC          PHQC
              ________      ________      ________      ________      ________
                   43            44            45            46            47


           NU
              PSIC
              ________
                   48


           THETA
              GAD_INT       PHQ_INT       PSI_INT       GADC          PHQC
              ________      ________      ________      ________      ________
 GAD_INT            7
 PHQ_INT            0             8
 PSI_INT            0             0             9
 GADC               0             0             0            10
 PHQC               0             0             0             0            11
 PSIC               0             0             0             0             0


           THETA
              PSIC
              ________
 PSIC              12


     PARAMETER SPECIFICATION FOR LATENT CLASS REGRESSION MODEL PART


           ALPHA(C)
              C#1           C#2           C#3           C#4           C#5
              ________      ________      ________      ________      ________
                   49            50            51            52            53


           ALPHA(C)
              C#6           C#7
              ________      ________
                   54             0


     STARTING VALUES FOR LATENT CLASS 1


           NU
              GAD_INT       PHQ_INT       PSI_INT       GADC          PHQC
              ________      ________      ________      ________      ________
               -3.960        -3.562         4.598        -8.757        -8.233


           NU
              PSIC
              ________
               -7.005


           THETA
              GAD_INT       PHQ_INT       PSI_INT       GADC          PHQC
              ________      ________      ________      ________      ________
 GAD_INT       11.417
 PHQ_INT        0.000        12.382
 PSI_INT        0.000         0.000         5.925
 GADC           0.000         0.000         0.000        12.231
 PHQC           0.000         0.000         0.000         0.000        11.261
 PSIC           0.000         0.000         0.000         0.000         0.000


           THETA
              PSIC
              ________
 PSIC           5.201


     STARTING VALUES FOR LATENT CLASS 2


           NU
              GAD_INT       PHQ_INT       PSI_INT       GADC          PHQC
              ________      ________      ________      ________      ________
                0.819         1.414         8.041        -3.811        -3.487


           NU
              PSIC
              ________
               -3.780


           THETA
              GAD_INT       PHQ_INT       PSI_INT       GADC          PHQC
              ________      ________      ________      ________      ________
 GAD_INT       11.417
 PHQ_INT        0.000        12.382
 PSI_INT        0.000         0.000         5.925
 GADC           0.000         0.000         0.000        12.231
 PHQC           0.000         0.000         0.000         0.000        11.261
 PSIC           0.000         0.000         0.000         0.000         0.000


           THETA
              PSIC
              ________
 PSIC           5.201


     STARTING VALUES FOR LATENT CLASS 3


           NU
              GAD_INT       PHQ_INT       PSI_INT       GADC          PHQC
              ________      ________      ________      ________      ________
                5.597         6.390        11.483         1.135         1.259


           NU
              PSIC
              ________
               -0.555


           THETA
              GAD_INT       PHQ_INT       PSI_INT       GADC          PHQC
              ________      ________      ________      ________      ________
 GAD_INT       11.417
 PHQ_INT        0.000        12.382
 PSI_INT        0.000         0.000         5.925
 GADC           0.000         0.000         0.000        12.231
 PHQC           0.000         0.000         0.000         0.000        11.261
 PSIC           0.000         0.000         0.000         0.000         0.000


           THETA
              PSIC
              ________
 PSIC           5.201


     STARTING VALUES FOR LATENT CLASS 4


           NU
              GAD_INT       PHQ_INT       PSI_INT       GADC          PHQC
              ________      ________      ________      ________      ________
                5.597         6.390        11.483         1.135         1.259


           NU
              PSIC
              ________
               -0.555


           THETA
              GAD_INT       PHQ_INT       PSI_INT       GADC          PHQC
              ________      ________      ________      ________      ________
 GAD_INT       11.417
 PHQ_INT        0.000        12.382
 PSI_INT        0.000         0.000         5.925
 GADC           0.000         0.000         0.000        12.231
 PHQC           0.000         0.000         0.000         0.000        11.261
 PSIC           0.000         0.000         0.000         0.000         0.000


           THETA
              PSIC
              ________
 PSIC           5.201


     STARTING VALUES FOR LATENT CLASS 5


           NU
              GAD_INT       PHQ_INT       PSI_INT       GADC          PHQC
              ________      ________      ________      ________      ________
                5.597         6.390        11.483         1.135         1.259


           NU
              PSIC
              ________
               -0.555


           THETA
              GAD_INT       PHQ_INT       PSI_INT       GADC          PHQC
              ________      ________      ________      ________      ________
 GAD_INT       11.417
 PHQ_INT        0.000        12.382
 PSI_INT        0.000         0.000         5.925
 GADC           0.000         0.000         0.000        12.231
 PHQC           0.000         0.000         0.000         0.000        11.261
 PSIC           0.000         0.000         0.000         0.000         0.000


           THETA
              PSIC
              ________
 PSIC           5.201


     STARTING VALUES FOR LATENT CLASS 6


           NU
              GAD_INT       PHQ_INT       PSI_INT       GADC          PHQC
              ________      ________      ________      ________      ________
               10.376        11.367        14.925         6.081         6.005


           NU
              PSIC
              ________
                2.671


           THETA
              GAD_INT       PHQ_INT       PSI_INT       GADC          PHQC
              ________      ________      ________      ________      ________
 GAD_INT       11.417
 PHQ_INT        0.000        12.382
 PSI_INT        0.000         0.000         5.925
 GADC           0.000         0.000         0.000        12.231
 PHQC           0.000         0.000         0.000         0.000        11.261
 PSIC           0.000         0.000         0.000         0.000         0.000


           THETA
              PSIC
              ________
 PSIC           5.201


     STARTING VALUES FOR LATENT CLASS 7


           NU
              GAD_INT       PHQ_INT       PSI_INT       GADC          PHQC
              ________      ________      ________      ________      ________
               15.154        16.343        18.368        11.027        10.750


           NU
              PSIC
              ________
                5.896


           THETA
              GAD_INT       PHQ_INT       PSI_INT       GADC          PHQC
              ________      ________      ________      ________      ________
 GAD_INT       11.417
 PHQ_INT        0.000        12.382
 PSI_INT        0.000         0.000         5.925
 GADC           0.000         0.000         0.000        12.231
 PHQC           0.000         0.000         0.000         0.000        11.261
 PSIC           0.000         0.000         0.000         0.000         0.000


           THETA
              PSIC
              ________
 PSIC           5.201


     STARTING VALUES FOR LATENT CLASS REGRESSION MODEL PART


           ALPHA(C)
              C#1           C#2           C#3           C#4           C#5
              ________      ________      ________      ________      ________
                0.000         0.000         0.000         0.000         0.000


           ALPHA(C)
              C#6           C#7
              ________      ________
                0.000         0.000


TECHNICAL 11 OUTPUT

     Random Starts Specifications for the k-1 Class Analysis Model
        Number of initial stage random starts                2000
        Number of final stage optimizations                   500



     VUONG-LO-MENDELL-RUBIN LIKELIHOOD RATIO TEST FOR 6 (H0) VERSUS 7 CLASSES

          H0 Loglikelihood Value                        -7252.063
          2 Times the Loglikelihood Difference             52.310
          Difference in the Number of Parameters                7
          Mean                                            -16.278
          Standard Deviation                              129.165
          P-Value                                          0.2664

     LO-MENDELL-RUBIN ADJUSTED LRT TEST

          Value                                            51.119
          P-Value                                          0.2705


TECHNICAL 14 OUTPUT

     Random Starts Specifications for the k-1 Class Analysis Model
        Number of initial stage random starts                2000
        Number of final stage optimizations                   500

     Random Starts Specification for the k-1 Class Model for Generated Data
        Number of initial stage random starts                   0
        Number of final stage optimizations for the
           initial stage random starts                          0
     Random Starts Specification for the k Class Model for Generated Data
        Number of initial stage random starts                  40
        Number of final stage optimizations                     8
     Number of bootstrap draws requested                   Varies


     PARAMETRIC BOOTSTRAPPED LIKELIHOOD RATIO TEST FOR 6 (H0) VERSUS 7 CLASSES

          H0 Loglikelihood Value                        -7252.063
          2 Times the Loglikelihood Difference             52.310
          Difference in the Number of Parameters                7
          Approximate P-Value                              0.0000
          Successful Bootstrap Draws                           20


PLOT INFORMATION

The following plots are available:

  Histograms (sample values)
  Scatterplots (sample values)
  Sample means
  Estimated means, medians, modes, and percentiles
  Sample and estimated means
  Observed individual values
  Estimated means and observed individual values
  Estimated overall and class-specific distributions

SAVEDATA INFORMATION


  Save file
    step1_7_probs.dat

  Order and format of variables

    GAD_INT        F10.3
    PHQ_INT        F10.3
    PSI_INT        F10.3
    GADC           F10.3
    PHQC           F10.3
    PSIC           F10.3
    CPROB1         F10.3
    CPROB2         F10.3
    CPROB3         F10.3
    CPROB4         F10.3
    CPROB5         F10.3
    CPROB6         F10.3
    CPROB7         F10.3
    C              F10.3
    ID             I5

  Save file format
    14F10.3 I5

  Save file record length    10000

  Save missing symbol        *


     Beginning Time:  12:47:34
        Ending Time:  12:50:05
       Elapsed Time:  00:02:31



MUTHEN & MUTHEN
3463 Stoner Ave.
Los Angeles, CA  90066

Tel: (310) 391-9971
Fax: (310) 391-8971
Web: www.StatModel.com
Support: Support@StatModel.com

Copyright (c) 1998-2023 Muthen & Muthen
