Mplus VERSION 8.10
MUTHEN & MUTHEN
03/03/2025  12:41 PM

INPUT INSTRUCTIONS

  TITLE:
  COVID paper - Mental Health LPA - 3 profiles;
  DATA:
  FILE = "Mplus BCH/Step 1/Sample 460/step1_3class_ceb92ce2d29a9eb90c55cabce9ab3151.dat";

  VARIABLE:
  NAMES = ID GAD_int PHQ_int PSI_int GADc PHQc PSIc;
   MISSING=.;
   IDVARIABLE = ID;
  CLASSES = c(3);
  ANALYSIS:
  TYPE = MIXTURE;
   STARTS = 2000 500;
   PROCESSORS = 4;
  OUTPUT:
  ENTROPY TECH1 TECH11 TECH14;
  SAVEDATA:
  FILE = step1_3_probs.dat;
  SAVE = CPROBABILITIES;
  PLOT:
  TYPE IS PLOT3;
  SERIES IS GAD_int (1) GADc (2) PHQ_int (3) PHQc (4) PSI_int (5) PSIc (6);



*** WARNING in MODEL command
  All variables are uncorrelated with all other variables within class.
  Check that this is what is intended.
   1 WARNING(S) FOUND IN THE INPUT INSTRUCTIONS




COVID paper - Mental Health LPA - 3 profiles;

SUMMARY OF ANALYSIS

Number of groups                                                 1
Number of observations                                         460

Number of dependent variables                                    6
Number of independent variables                                  0
Number of continuous latent variables                            0
Number of categorical latent variables                           1

Observed dependent variables

  Continuous
   GAD_INT     PHQ_INT     PSI_INT     GADC        PHQC        PSIC

Categorical latent variables
   C

Variables with special functions

  ID variable           ID

Estimator                                                      MLR
Information matrix                                        OBSERVED
Optimization Specifications for the Quasi-Newton Algorithm for
Continuous Outcomes
  Maximum number of iterations                                 100
  Convergence criterion                                  0.100D-05
Optimization Specifications for the EM Algorithm
  Maximum number of iterations                                 500
  Convergence criteria
    Loglikelihood change                                 0.100D-06
    Relative loglikelihood change                        0.100D-06
    Derivative                                           0.100D-05
Optimization Specifications for the M step of the EM Algorithm for
Categorical Latent variables
  Number of M step iterations                                    1
  M step convergence criterion                           0.100D-05
  Basis for M step termination                           ITERATION
Optimization Specifications for the M step of the EM Algorithm for
Censored, Binary or Ordered Categorical (Ordinal), Unordered
Categorical (Nominal) and Count Outcomes
  Number of M step iterations                                    1
  M step convergence criterion                           0.100D-05
  Basis for M step termination                           ITERATION
  Maximum value for logit thresholds                            15
  Minimum value for logit thresholds                           -15
  Minimum expected cell size for chi-square              0.100D-01
Maximum number of iterations for H1                           2000
Convergence criterion for H1                             0.100D-03
Optimization algorithm                                         EMA
Random Starts Specifications
  Number of initial stage random starts                       2000
  Number of final stage optimizations                          500
  Number of initial stage iterations                            10
  Initial stage convergence criterion                    0.100D+01
  Random starts scale                                    0.500D+01
  Random seed for generating random starts                       0

Input data file(s)
  Mplus BCH/Step 1/Sample 460/step1_3class_ceb92ce2d29a9eb90c55cabce9ab3151.dat
Input data format  FREE


SUMMARY OF DATA

     Number of missing data patterns             7
     Number of y missing data patterns           7
     Number of u missing data patterns           0


COVARIANCE COVERAGE OF DATA

Minimum covariance coverage value   0.100


     PROPORTION OF DATA PRESENT FOR Y


           Covariance Coverage
              GAD_INT       PHQ_INT       PSI_INT       GADC          PHQC
              ________      ________      ________      ________      ________
 GAD_INT        0.983
 PHQ_INT        0.976         0.991
 PSI_INT        0.941         0.950         0.959
 GADC           0.983         0.976         0.941         0.983
 PHQC           0.959         0.974         0.933         0.959         0.974
 PSIC           0.939         0.948         0.957         0.939         0.930


           Covariance Coverage
              PSIC
              ________
 PSIC           0.957



UNIVARIATE SAMPLE STATISTICS


     UNIVARIATE HIGHER-ORDER MOMENT DESCRIPTIVE STATISTICS

         Variable/         Mean/     Skewness/   Minimum/ % with                Percentiles
        Sample Size      Variance    Kurtosis    Maximum  Min/Max      20%/60%    40%/80%    Median

     GAD_INT               5.597       0.988       0.000   12.83%       1.000      3.000      5.000
             452.000      22.833       0.588      21.000    0.66%       6.000      9.000
     PHQ_INT               6.390       0.993       0.000    7.02%       2.000      4.000      5.000
             456.000      24.764       0.700      24.000    0.22%       7.000     10.000
     PSI_INT              11.483       0.213       4.000    2.49%       9.000     10.000     11.000
             441.000      11.851      -0.114      20.000    2.04%      12.000     14.000
     GADC                  1.135       0.141     -21.000    0.22%      -2.000      0.000      1.000
             452.000      24.462       1.598      18.000    0.22%       2.000      5.000
     PHQC                  1.259       0.142     -15.000    0.22%      -2.000      0.000      1.000
             448.000      22.522       1.149      17.000    0.45%       2.000      4.000
     PSIC                 -0.555      -0.247     -16.000    0.23%      -3.000     -1.000     -0.500
             440.000      10.402       1.080       9.000    0.23%       0.000      2.000

RANDOM STARTS RESULTS RANKED FROM THE BEST TO THE WORST LOGLIKELIHOOD VALUES

Final stage loglikelihood values at local maxima, seeds, and initial stage start numbers:

           -7388.261  163110           584
           -7388.261  291884           1621
           -7388.261  402224           91
           -7388.261  463473           1249
           -7388.261  97158            205
           -7388.261  460453           1708
           -7388.261  269800           1686
           -7388.261  692169           308
           -7388.261  798446           1622
           -7388.261  863849           1122
           -7388.261  484224           1664
           -7388.261  876943           650
           -7388.261  118244           1950
           -7388.261  881886           608
           -7388.261  128045           1614
           -7388.261  393453           1355
           -7388.261  574727           1437
           -7388.261  321574           1185
           -7388.261  580405           286
           -7388.261  167409           772
           -7388.261  873222           1360
           -7388.261  49293            707
           -7388.261  87856            1116
           -7388.261  492814           1746
           -7388.261  28983            1574
           -7388.261  502974           1998
           -7388.261  473942           574
           -7388.261  219602           1247
           -7388.261  311484           1135
           -7388.261  565631           1209
           -7388.261  123102           1302
           -7388.261  318742           1812
           -7388.261  912489           1436
           -7388.261  341041           34
           -7388.261  442672           1799
           -7388.261  27352            1516
           -7388.261  605358           321
           -7388.261  175199           247
           -7388.261  631413           439
           -7388.261  906196           1758
           -7388.261  323588           826
           -7388.261  661337           1754
           -7388.261  548360           1836
           -7388.261  164643           1941
           -7388.261  401601           1267
           -7388.261  228451           1066
           -7388.261  16207            1568
           -7388.261  963053           43
           -7388.261  425149           878
           -7388.261  315029           471
           -7388.261  120380           1470
           -7388.261  369684           1309
           -7388.261  627151           1601
           -7388.261  634782           979
           -7388.261  199639           1094
           -7388.261  95219            1871
           -7388.261  550871           1037
           -7388.261  420298           1222
           -7388.261  283146           1126
           -7388.261  777045           377
           -7388.261  779009           1458
           -7388.261  277373           1374
           -7388.261  69413            472
           -7388.261  966243           1751
           -7388.261  679615           942
           -7388.261  396795           323
           -7388.261  301301           1020
           -7388.261  317640           437
           -7388.261  565595           1412
           -7388.261  626087           314
           -7388.261  321363           1095
           -7388.261  40340            188
           -7388.261  502157           799
           -7388.261  535303           923
           -7388.261  242621           1642
           -7388.261  232015           1313
           -7388.261  91976            1925
           -7388.261  939021           8
           -7388.261  30098            209
           -7388.261  502203           1322
           -7388.261  714455           476
           -7388.261  384199           882
           -7388.261  444166           1443
           -7388.261  685268           596
           -7388.261  985544           1051
           -7388.261  299996           1853
           -7388.261  845580           805
           -7388.261  513949           1910
           -7388.261  588699           828
           -7388.261  605161           409
           -7388.261  247912           537
           -7388.261  392260           1526
           -7388.261  491386           1787
           -7388.261  807534           850
           -7388.261  836066           372
           -7388.261  117391           710
           -7388.261  294948           1999
           -7388.261  579995           183
           -7388.261  739214           807
           -7388.261  246261           38
           -7388.261  902278           21
           -7388.261  344422           296
           -7388.261  700298           1555
           -7388.261  395754           388
           -7388.261  61710            1327
           -7388.261  957392           79
           -7388.261  564643           1955
           -7388.261  712531           631
           -7388.261  289928           1529
           -7388.261  132336           362
           -7388.261  263221           447
           -7388.261  551340           766
           -7388.261  352277           42
           -7388.261  459221           652
           -7388.261  512820           1071
           -7388.261  570681           777
           -7388.261  600202           1115
           -7388.261  443241           1636
           -7388.261  3607             873
           -7388.261  29591            633
           -7388.261  96941            890
           -7388.261  960438           116
           -7388.261  990504           827
           -7388.261  198008           1365
           -7388.261  732596           320
           -7388.261  432950           1244
           -7388.261  206099           363
           -7388.261  263394           1741
           -7388.261  290366           1715
           -7388.261  626208           698
           -7388.261  444363           1936
           -7388.261  835767           210
           -7388.261  514629           1695
           -7388.261  949086           1426
           -7388.261  992389           77
           -7388.261  829540           324
           -7388.261  907342           1133
           -7388.261  180878           1246
           -7388.261  340112           126
           -7388.261  264903           1045
           -7388.261  486622           522
           -7388.261  92355            1997
           -7388.261  443917           60
           -7388.261  752769           253
           -7421.354  929361           1971
           -7421.354  585607           1537
           -7421.354  514936           1793
           -7421.354  706042           1129
           -7421.354  338858           1342
           -7421.354  266340           683
           -7421.354  579882           1021
           -7421.354  376411           473
           -7421.354  436460           89
           -7421.354  636396           168
           -7421.354  518561           1856
           -7421.354  314662           1036
           -7421.354  853283           1854
           -7421.354  968846           970
           -7421.354  858804           534
           -7421.354  135605           1786
           -7421.354  476204           1318
           -7421.354  12477            155
           -7421.354  802644           874
           -7421.354  508445           946
           -7421.354  51375            148
           -7421.354  647690           1232
           -7421.354  400467           1806
           -7421.354  708128           1722
           -7421.354  405079           68
           -7421.354  483599           1935
           -7421.354  137377           397
           -7421.354  940258           1242
           -7421.354  234137           1965
           -7421.354  177175           851
           -7421.354  126922           1124
           -7421.354  2066             1228
           -7421.354  745972           521
           -7421.354  361694           1834
           -7421.354  64717            1631
           -7421.354  92689            304
           -7421.354  723775           97
           -7421.354  860029           760
           -7421.354  400937           1152
           -7421.354  391949           295
           -7421.354  426557           1306
           -7421.354  853439           1671
           -7421.354  229744           1096
           -7421.354  235468           1802
           -7421.354  319144           176
           -7421.354  237971           1815
           -7421.354  710154           831
           -7421.354  913926           1381
           -7421.354  581196           921
           -7421.354  165382           1816
           -7421.354  767822           1293
           -7421.354  369024           1905
           -7421.354  210139           991
           -7421.354  347886           1463
           -7421.354  899942           1996
           -7421.354  999211           628
           -7421.354  646573           741
           -7421.354  573367           986
           -7421.354  96452            1783
           -7421.354  97300            640
           -7421.354  414828           322
           -7421.354  752148           822
           -7421.354  640728           1187
           -7421.354  261601           1163
           -7421.354  617658           660
           -7421.354  121425           511
           -7421.354  847088           750
           -7421.354  125727           899
           -7421.354  220492           743
           -7421.354  72450            1922
           -7421.354  748692           204
           -7421.354  366533           484
           -7421.354  467561           819
           -7421.354  654377           1684
           -7421.354  823410           1578
           -7421.354  537905           1335
           -7421.354  568859           49
           -7421.354  371737           532
           -7421.354  954914           911
           -7421.354  3137             1321
           -7421.354  895878           1216
           -7421.354  209031           632
           -7421.354  424223           900
           -7421.354  479256           1915
           -7421.354  775884           639
           -7421.354  889774           954
           -7421.354  860940           1797
           -7421.354  302046           863

268 perturbed starting value run(s) did not converge or were rejected in the third stage.



THE BEST LOGLIKELIHOOD VALUE HAS BEEN REPLICATED.  RERUN WITH AT LEAST TWICE THE
RANDOM STARTS TO CHECK THAT THE BEST LOGLIKELIHOOD IS STILL OBTAINED AND REPLICATED.


THE MODEL ESTIMATION TERMINATED NORMALLY



MODEL FIT INFORMATION

Number of Free Parameters                       26

Loglikelihood

          H0 Value                       -7388.261
          H0 Scaling Correction Factor      1.4839
            for MLR

Information Criteria

          Akaike (AIC)                   14828.522
          Bayesian (BIC)                 14935.934
          Sample-Size Adjusted BIC       14853.417
            (n* = (n + 2) / 24)



FINAL CLASS COUNTS AND PROPORTIONS FOR THE LATENT CLASSES
BASED ON THE ESTIMATED MODEL

    Latent
   Classes

       1        275.18853          0.59824
       2        149.15779          0.32426
       3         35.65368          0.07751


FINAL CLASS COUNTS AND PROPORTIONS FOR THE LATENT CLASSES
BASED ON ESTIMATED POSTERIOR PROBABILITIES

    Latent
   Classes

       1        275.18853          0.59824
       2        149.15779          0.32426
       3         35.65368          0.07751


FINAL CLASS COUNTS AND PROPORTIONS FOR THE LATENT CLASSES
BASED ON THEIR MOST LIKELY LATENT CLASS MEMBERSHIP

Class Counts and Proportions

    Latent
   Classes

       1              275          0.59783
       2              150          0.32609
       3               35          0.07609


CLASSIFICATION QUALITY

     Entropy                         0.850


           Univariate Entropy
              GAD_INT       PHQ_INT       PSI_INT       GADC          PHQC
              ________      ________      ________      ________      ________
                0.706         0.684         0.333         0.283         0.259


           Univariate Entropy
              PSIC
              ________
                0.210


Average Latent Class Probabilities for Most Likely Latent Class Membership (Row)
by Latent Class (Column)

           1        2        3

    1   0.951    0.049    0.000
    2   0.091    0.891    0.018
    3   0.000    0.061    0.939


Classification Probabilities for the Most Likely Latent Class Membership (Column)
by Latent Class (Row)

           1        2        3

    1   0.951    0.049    0.000
    2   0.089    0.896    0.014
    3   0.001    0.077    0.922


Logits for the Classification Probabilities for the Most Likely Latent Class Membership (Column)
by Latent Class (Row)

              1        2        3

    1     13.765   10.806    0.000
    2      1.830    4.135    0.000
    3     -6.618   -2.481    0.000


MODEL RESULTS

                                                    Two-Tailed
                    Estimate       S.E.  Est./S.E.    P-Value

Latent Class 1

 Means
    GAD_INT            2.655      0.342      7.759      0.000
    PHQ_INT            3.411      0.260     13.101      0.000
    PSI_INT           10.219      0.245     41.789      0.000
    GADC               2.565      0.322      7.969      0.000
    PHQC               2.324      0.275      8.440      0.000
    PSIC              -0.506      0.215     -2.347      0.019

 Variances
    GAD_INT            6.805      1.279      5.320      0.000
    PHQ_INT            7.657      0.739     10.361      0.000
    PSI_INT            8.881      0.622     14.289      0.000
    GADC              20.510      1.637     12.532      0.000
    PHQC              20.088      1.722     11.669      0.000
    PSIC              10.341      0.836     12.366      0.000

Latent Class 2

 Means
    GAD_INT            8.559      0.808     10.588      0.000
    PHQ_INT            9.336      0.851     10.965      0.000
    PSI_INT           12.773      0.406     31.449      0.000
    GADC              -0.233      0.500     -0.466      0.641
    PHQC               0.316      0.498      0.635      0.526
    PSIC              -0.442      0.331     -1.334      0.182

 Variances
    GAD_INT            6.805      1.279      5.320      0.000
    PHQ_INT            7.657      0.739     10.361      0.000
    PSI_INT            8.881      0.622     14.289      0.000
    GADC              20.510      1.637     12.532      0.000
    PHQC              20.088      1.722     11.669      0.000
    PSIC              10.341      0.836     12.366      0.000

Latent Class 3

 Means
    GAD_INT           15.683      0.952     16.478      0.000
    PHQ_INT           17.120      1.767      9.689      0.000
    PSI_INT           15.826      0.741     21.366      0.000
    GADC              -4.058      1.596     -2.543      0.011
    PHQC              -3.099      2.422     -1.280      0.201
    PSIC              -1.390      0.862     -1.613      0.107

 Variances
    GAD_INT            6.805      1.279      5.320      0.000
    PHQ_INT            7.657      0.739     10.361      0.000
    PSI_INT            8.881      0.622     14.289      0.000
    GADC              20.510      1.637     12.532      0.000
    PHQC              20.088      1.722     11.669      0.000
    PSIC              10.341      0.836     12.366      0.000

Categorical Latent Variables

 Means
    C#1                2.044      0.422      4.844      0.000
    C#2                1.431      0.328      4.364      0.000


QUALITY OF NUMERICAL RESULTS

     Condition Number for the Information Matrix              0.219E-02
       (ratio of smallest to largest eigenvalue)


TECHNICAL 1 OUTPUT


     PARAMETER SPECIFICATION FOR LATENT CLASS 1


           NU
              GAD_INT       PHQ_INT       PSI_INT       GADC          PHQC
              ________      ________      ________      ________      ________
                    1             2             3             4             5


           NU
              PSIC
              ________
                    6


           THETA
              GAD_INT       PHQ_INT       PSI_INT       GADC          PHQC
              ________      ________      ________      ________      ________
 GAD_INT            7
 PHQ_INT            0             8
 PSI_INT            0             0             9
 GADC               0             0             0            10
 PHQC               0             0             0             0            11
 PSIC               0             0             0             0             0


           THETA
              PSIC
              ________
 PSIC              12


     PARAMETER SPECIFICATION FOR LATENT CLASS 2


           NU
              GAD_INT       PHQ_INT       PSI_INT       GADC          PHQC
              ________      ________      ________      ________      ________
                   13            14            15            16            17


           NU
              PSIC
              ________
                   18


           THETA
              GAD_INT       PHQ_INT       PSI_INT       GADC          PHQC
              ________      ________      ________      ________      ________
 GAD_INT            7
 PHQ_INT            0             8
 PSI_INT            0             0             9
 GADC               0             0             0            10
 PHQC               0             0             0             0            11
 PSIC               0             0             0             0             0


           THETA
              PSIC
              ________
 PSIC              12


     PARAMETER SPECIFICATION FOR LATENT CLASS 3


           NU
              GAD_INT       PHQ_INT       PSI_INT       GADC          PHQC
              ________      ________      ________      ________      ________
                   19            20            21            22            23


           NU
              PSIC
              ________
                   24


           THETA
              GAD_INT       PHQ_INT       PSI_INT       GADC          PHQC
              ________      ________      ________      ________      ________
 GAD_INT            7
 PHQ_INT            0             8
 PSI_INT            0             0             9
 GADC               0             0             0            10
 PHQC               0             0             0             0            11
 PSIC               0             0             0             0             0


           THETA
              PSIC
              ________
 PSIC              12


     PARAMETER SPECIFICATION FOR LATENT CLASS REGRESSION MODEL PART


           ALPHA(C)
              C#1           C#2           C#3
              ________      ________      ________
                   25            26             0


     STARTING VALUES FOR LATENT CLASS 1


           NU
              GAD_INT       PHQ_INT       PSI_INT       GADC          PHQC
              ________      ________      ________      ________      ________
                0.819         1.414         8.041        -3.811        -3.487


           NU
              PSIC
              ________
               -3.780


           THETA
              GAD_INT       PHQ_INT       PSI_INT       GADC          PHQC
              ________      ________      ________      ________      ________
 GAD_INT       11.417
 PHQ_INT        0.000        12.382
 PSI_INT        0.000         0.000         5.925
 GADC           0.000         0.000         0.000        12.231
 PHQC           0.000         0.000         0.000         0.000        11.261
 PSIC           0.000         0.000         0.000         0.000         0.000


           THETA
              PSIC
              ________
 PSIC           5.201


     STARTING VALUES FOR LATENT CLASS 2


           NU
              GAD_INT       PHQ_INT       PSI_INT       GADC          PHQC
              ________      ________      ________      ________      ________
                5.597         6.390        11.483         1.135         1.259


           NU
              PSIC
              ________
               -0.555


           THETA
              GAD_INT       PHQ_INT       PSI_INT       GADC          PHQC
              ________      ________      ________      ________      ________
 GAD_INT       11.417
 PHQ_INT        0.000        12.382
 PSI_INT        0.000         0.000         5.925
 GADC           0.000         0.000         0.000        12.231
 PHQC           0.000         0.000         0.000         0.000        11.261
 PSIC           0.000         0.000         0.000         0.000         0.000


           THETA
              PSIC
              ________
 PSIC           5.201


     STARTING VALUES FOR LATENT CLASS 3


           NU
              GAD_INT       PHQ_INT       PSI_INT       GADC          PHQC
              ________      ________      ________      ________      ________
               10.376        11.367        14.925         6.081         6.005


           NU
              PSIC
              ________
                2.671


           THETA
              GAD_INT       PHQ_INT       PSI_INT       GADC          PHQC
              ________      ________      ________      ________      ________
 GAD_INT       11.417
 PHQ_INT        0.000        12.382
 PSI_INT        0.000         0.000         5.925
 GADC           0.000         0.000         0.000        12.231
 PHQC           0.000         0.000         0.000         0.000        11.261
 PSIC           0.000         0.000         0.000         0.000         0.000


           THETA
              PSIC
              ________
 PSIC           5.201


     STARTING VALUES FOR LATENT CLASS REGRESSION MODEL PART


           ALPHA(C)
              C#1           C#2           C#3
              ________      ________      ________
                0.000         0.000         0.000


TECHNICAL 11 OUTPUT

     Random Starts Specifications for the k-1 Class Analysis Model
        Number of initial stage random starts                2000
        Number of final stage optimizations                   500



     VUONG-LO-MENDELL-RUBIN LIKELIHOOD RATIO TEST FOR 2 (H0) VERSUS 3 CLASSES

          H0 Loglikelihood Value                        -7478.679
          2 Times the Loglikelihood Difference            180.836
          Difference in the Number of Parameters                7
          Mean                                             71.958
          Standard Deviation                              126.648
          P-Value                                          0.1361

     LO-MENDELL-RUBIN ADJUSTED LRT TEST

          Value                                           176.718
          P-Value                                          0.1407


TECHNICAL 14 OUTPUT

     Random Starts Specifications for the k-1 Class Analysis Model
        Number of initial stage random starts                2000
        Number of final stage optimizations                   500

     Random Starts Specification for the k-1 Class Model for Generated Data
        Number of initial stage random starts                   0
        Number of final stage optimizations for the
           initial stage random starts                          0
     Random Starts Specification for the k Class Model for Generated Data
        Number of initial stage random starts                  40
        Number of final stage optimizations                     8
     Number of bootstrap draws requested                   Varies


     PARAMETRIC BOOTSTRAPPED LIKELIHOOD RATIO TEST FOR 2 (H0) VERSUS 3 CLASSES

          H0 Loglikelihood Value                        -7478.679
          2 Times the Loglikelihood Difference            180.836
          Difference in the Number of Parameters                7
          Approximate P-Value                              0.0000
          Successful Bootstrap Draws                            5


PLOT INFORMATION

The following plots are available:

  Histograms (sample values)
  Scatterplots (sample values)
  Sample means
  Estimated means, medians, modes, and percentiles
  Sample and estimated means
  Observed individual values
  Estimated means and observed individual values
  Estimated overall and class-specific distributions

SAVEDATA INFORMATION


  Save file
    step1_3_probs.dat

  Order and format of variables

    GAD_INT        F10.3
    PHQ_INT        F10.3
    PSI_INT        F10.3
    GADC           F10.3
    PHQC           F10.3
    PSIC           F10.3
    CPROB1         F10.3
    CPROB2         F10.3
    CPROB3         F10.3
    C              F10.3
    ID             I5

  Save file format
    10F10.3 I5

  Save file record length    10000

  Save missing symbol        *


     Beginning Time:  12:41:11
        Ending Time:  12:42:12
       Elapsed Time:  00:01:01



MUTHEN & MUTHEN
3463 Stoner Ave.
Los Angeles, CA  90066

Tel: (310) 391-9971
Fax: (310) 391-8971
Web: www.StatModel.com
Support: Support@StatModel.com

Copyright (c) 1998-2023 Muthen & Muthen
