Mplus VERSION 8.4
MUTHEN & MUTHEN
01/05/2022  12:57 PM

INPUT INSTRUCTIONS

  TITLE: Sexual Harassment LGM Cluster Robust - Quadratic

  DATA: FILE = mpluswide.csv;

  VARIABLE:
  NAMES = subjno School Gender Female Race Race4
  Black Hispanic White OtherR SHVict SchBel
  Age Grades FamCon Abuse SibAgg
  del_w1 del_w2 del_w3 del_w4
  dep_w1 dep_w2 dep_w3 dep_w4
  emp_w1 emp_w2 emp_w3 emp_w4
  schb_w1 schb_w2 schb_w3 schb_w4
  sh_w1 sh_w2 sh_w3 sh_w4;

  USEVARIABLES = sh_w1-sh_w4;
  IDVARIABLE = subjno;
  CLUSTER = School;

  MISSING = ALL (-999);

  ANALYSIS:
  TYPE = COMPLEX;

  MODEL:
  i s q | sh_w1@0 sh_w2@.5 sh_w3@1.5 sh_w4@2.5;

  OUTPUT:
  STANDARDIZED TECH1 TECH4;



*** WARNING
  Data set contains cases with missing on all variables.
  These cases were not included in the analysis.
  Number of cases with missing on all variables:  1
   1 WARNING(S) FOUND IN THE INPUT INSTRUCTIONS



Sexual Harassment LGM Cluster Robust - Quadratic

SUMMARY OF ANALYSIS

Number of groups                                                 1
Number of observations                                        1563

Number of dependent variables                                    4
Number of independent variables                                  0
Number of continuous latent variables                            3

Observed dependent variables

  Continuous
   SH_W1       SH_W2       SH_W3       SH_W4

Continuous latent variables
   I           S           Q

Variables with special functions

  Cluster variable      SCHOOL
  ID variable           SUBJNO

Estimator                                                      MLR
Information matrix                                        OBSERVED
Maximum number of iterations                                  1000
Convergence criterion                                    0.500D-04
Maximum number of steepest descent iterations                   20
Maximum number of iterations for H1                           2000
Convergence criterion for H1                             0.100D-03

Input data file(s)
  mpluswide.csv

Input data format  FREE


SUMMARY OF DATA

     Number of missing data patterns            14
     Number of clusters                         18



COVARIANCE COVERAGE OF DATA

Minimum covariance coverage value   0.100


     PROPORTION OF DATA PRESENT


           Covariance Coverage
              SH_W1         SH_W2         SH_W3         SH_W4
              ________      ________      ________      ________
 SH_W1          0.991
 SH_W2          0.912         0.919
 SH_W3          0.740         0.690         0.747
 SH_W4          0.635         0.587         0.569         0.640



UNIVARIATE SAMPLE STATISTICS


     UNIVARIATE HIGHER-ORDER MOMENT DESCRIPTIVE STATISTICS

         Variable/         Mean/     Skewness/   Minimum/ % with                Percentiles
        Sample Size      Variance    Kurtosis    Maximum  Min/Max      20%/60%    40%/80%    Median

     SH_W1                 0.226       4.251       0.000   87.35%       0.000      0.000      0.000
            1549.000       0.524      21.345       6.000    0.26%       0.000      0.000
     SH_W2                 0.269       3.512       0.000   83.79%       0.000      0.000      0.000
            1437.000       0.539      14.397       6.000    0.14%       0.000      0.000
     SH_W3                 0.347       3.191       0.000   80.55%       0.000      0.000      0.000
            1167.000       0.742      11.676       6.000    0.26%       0.000      0.000
     SH_W4                 0.373       3.393       0.000   78.72%       0.000      0.000      0.000
            1001.000       0.841      13.303       6.000    0.60%       0.000      1.000


THE MODEL ESTIMATION TERMINATED NORMALLY



MODEL FIT INFORMATION

Number of Free Parameters                       13

Loglikelihood

          H0 Value                       -5790.901
          H0 Scaling Correction Factor      5.9231
            for MLR
          H1 Value                       -5790.786
          H1 Scaling Correction Factor      5.5415
            for MLR

Information Criteria

          Akaike (AIC)                   11607.802
          Bayesian (BIC)                 11677.409
          Sample-Size Adjusted BIC       11636.111
            (n* = (n + 2) / 24)

Chi-Square Test of Model Fit

          Value                              0.397*
          Degrees of Freedom                     1
          P-Value                           0.5287
          Scaling Correction Factor         0.5813
            for MLR

*   The chi-square value for MLM, MLMV, MLR, ULSMV, WLSM and WLSMV cannot be used
    for chi-square difference testing in the regular way.  MLM, MLR and WLSM
    chi-square difference testing is described on the Mplus website.  MLMV, WLSMV,
    and ULSMV difference testing is done using the DIFFTEST option.

RMSEA (Root Mean Square Error Of Approximation)

          Estimate                           0.000
          90 Percent C.I.                    0.000  0.057
          Probability RMSEA <= .05           0.916

CFI/TLI

          CFI                                1.000
          TLI                                1.000

Chi-Square Test of Model Fit for the Baseline Model

          Value                            135.427
          Degrees of Freedom                     6
          P-Value                           0.0000

SRMR (Standardized Root Mean Square Residual)

          Value                              0.003



MODEL RESULTS

                                                    Two-Tailed
                    Estimate       S.E.  Est./S.E.    P-Value

 I        |
    SH_W1              1.000      0.000    999.000    999.000
    SH_W2              1.000      0.000    999.000    999.000
    SH_W3              1.000      0.000    999.000    999.000
    SH_W4              1.000      0.000    999.000    999.000

 S        |
    SH_W1              0.000      0.000    999.000    999.000
    SH_W2              0.500      0.000    999.000    999.000
    SH_W3              1.500      0.000    999.000    999.000
    SH_W4              2.500      0.000    999.000    999.000

 Q        |
    SH_W1              0.000      0.000    999.000    999.000
    SH_W2              0.250      0.000    999.000    999.000
    SH_W3              2.250      0.000    999.000    999.000
    SH_W4              6.250      0.000    999.000    999.000

 S        WITH
    I                  0.044      0.144      0.303      0.762

 Q        WITH
    I                 -0.019      0.047     -0.409      0.682
    S                 -0.059      0.099     -0.602      0.547

 Means
    I                  0.224      0.029      7.829      0.000
    S                  0.112      0.043      2.623      0.009
    Q                 -0.018      0.017     -1.058      0.290

 Intercepts
    SH_W1              0.000      0.000    999.000    999.000
    SH_W2              0.000      0.000    999.000    999.000
    SH_W3              0.000      0.000    999.000    999.000
    SH_W4              0.000      0.000    999.000    999.000

 Variances
    I                  0.180      0.084      2.144      0.032
    S                  0.156      0.286      0.545      0.586
    Q                  0.033      0.038      0.867      0.386

 Residual Variances
    SH_W1              0.345      0.088      3.930      0.000
    SH_W2              0.302      0.038      8.018      0.000
    SH_W3              0.418      0.070      6.012      0.000
    SH_W4              0.283      0.166      1.703      0.088


STANDARDIZED MODEL RESULTS


STDYX Standardization

                                                    Two-Tailed
                    Estimate       S.E.  Est./S.E.    P-Value

 I        |
    SH_W1              0.586      0.124      4.721      0.000
    SH_W2              0.576      0.131      4.400      0.000
    SH_W3              0.486      0.121      4.022      0.000
    SH_W4              0.458      0.126      3.650      0.000

 S        |
    SH_W1              0.000      0.000    999.000    999.000
    SH_W2              0.268      0.247      1.087      0.277
    SH_W3              0.680      0.630      1.079      0.281
    SH_W4              1.067      1.024      1.042      0.297

 Q        |
    SH_W1              0.000      0.000    999.000    999.000
    SH_W2              0.062      0.036      1.700      0.089
    SH_W3              0.471      0.277      1.700      0.089
    SH_W4              1.232      0.756      1.629      0.103

 S        WITH
    I                  0.260      1.129      0.230      0.818

 Q        WITH
    I                 -0.250      0.753     -0.332      0.740
    S                 -0.825      0.194     -4.255      0.000

 Means
    I                  0.529      0.097      5.463      0.000
    S                  0.284      0.323      0.881      0.378
    Q                 -0.096      0.117     -0.821      0.411

 Intercepts
    SH_W1              0.000      0.000    999.000    999.000
    SH_W2              0.000      0.000    999.000    999.000
    SH_W3              0.000      0.000    999.000    999.000
    SH_W4              0.000      0.000    999.000    999.000

 Variances
    I                  1.000      0.000    999.000    999.000
    S                  1.000      0.000    999.000    999.000
    Q                  1.000      0.000    999.000    999.000

 Residual Variances
    SH_W1              0.657      0.145      4.524      0.000
    SH_W2              0.557      0.042     13.227      0.000
    SH_W3              0.550      0.076      7.263      0.000
    SH_W4              0.330      0.180      1.831      0.067


STDY Standardization

                                                    Two-Tailed
                    Estimate       S.E.  Est./S.E.    P-Value

 I        |
    SH_W1              0.586      0.124      4.721      0.000
    SH_W2              0.576      0.131      4.400      0.000
    SH_W3              0.486      0.121      4.022      0.000
    SH_W4              0.458      0.126      3.650      0.000

 S        |
    SH_W1              0.000      0.000    999.000    999.000
    SH_W2              0.268      0.247      1.087      0.277
    SH_W3              0.680      0.630      1.079      0.281
    SH_W4              1.067      1.024      1.042      0.297

 Q        |
    SH_W1              0.000      0.000    999.000    999.000
    SH_W2              0.062      0.036      1.700      0.089
    SH_W3              0.471      0.277      1.700      0.089
    SH_W4              1.232      0.756      1.629      0.103

 S        WITH
    I                  0.260      1.129      0.230      0.818

 Q        WITH
    I                 -0.250      0.753     -0.332      0.740
    S                 -0.825      0.194     -4.255      0.000

 Means
    I                  0.529      0.097      5.463      0.000
    S                  0.284      0.323      0.881      0.378
    Q                 -0.096      0.117     -0.821      0.411

 Intercepts
    SH_W1              0.000      0.000    999.000    999.000
    SH_W2              0.000      0.000    999.000    999.000
    SH_W3              0.000      0.000    999.000    999.000
    SH_W4              0.000      0.000    999.000    999.000

 Variances
    I                  1.000      0.000    999.000    999.000
    S                  1.000      0.000    999.000    999.000
    Q                  1.000      0.000    999.000    999.000

 Residual Variances
    SH_W1              0.657      0.145      4.524      0.000
    SH_W2              0.557      0.042     13.227      0.000
    SH_W3              0.550      0.076      7.263      0.000
    SH_W4              0.330      0.180      1.831      0.067


STD Standardization

                                                    Two-Tailed
                    Estimate       S.E.  Est./S.E.    P-Value

 I        |
    SH_W1              0.424      0.099      4.288      0.000
    SH_W2              0.424      0.099      4.288      0.000
    SH_W3              0.424      0.099      4.288      0.000
    SH_W4              0.424      0.099      4.288      0.000

 S        |
    SH_W1              0.000      0.000    999.000    999.000
    SH_W2              0.198      0.181      1.090      0.276
    SH_W3              0.593      0.543      1.090      0.276
    SH_W4              0.988      0.906      1.090      0.276

 Q        |
    SH_W1              0.000      0.000    999.000    999.000
    SH_W2              0.046      0.026      1.733      0.083
    SH_W3              0.410      0.237      1.733      0.083
    SH_W4              1.140      0.658      1.733      0.083

 S        WITH
    I                  0.260      1.129      0.230      0.818

 Q        WITH
    I                 -0.250      0.753     -0.332      0.740
    S                 -0.825      0.194     -4.255      0.000

 Means
    I                  0.529      0.097      5.463      0.000
    S                  0.284      0.323      0.881      0.378
    Q                 -0.096      0.117     -0.821      0.411

 Intercepts
    SH_W1              0.000      0.000    999.000    999.000
    SH_W2              0.000      0.000    999.000    999.000
    SH_W3              0.000      0.000    999.000    999.000
    SH_W4              0.000      0.000    999.000    999.000

 Variances
    I                  1.000      0.000    999.000    999.000
    S                  1.000      0.000    999.000    999.000
    Q                  1.000      0.000    999.000    999.000

 Residual Variances
    SH_W1              0.345      0.088      3.930      0.000
    SH_W2              0.302      0.038      8.018      0.000
    SH_W3              0.418      0.070      6.012      0.000
    SH_W4              0.283      0.166      1.703      0.088


R-SQUARE

    Observed                                        Two-Tailed
    Variable        Estimate       S.E.  Est./S.E.    P-Value

    SH_W1              0.343      0.145      2.360      0.018
    SH_W2              0.443      0.042     10.506      0.000
    SH_W3              0.450      0.076      5.932      0.000
    SH_W4              0.670      0.180      3.717      0.000


QUALITY OF NUMERICAL RESULTS

     Condition Number for the Information Matrix              0.181E-04
       (ratio of smallest to largest eigenvalue)


TECHNICAL 1 OUTPUT


     PARAMETER SPECIFICATION


           NU
              SH_W1         SH_W2         SH_W3         SH_W4
              ________      ________      ________      ________
                  0             0             0             0


           LAMBDA
              I             S             Q
              ________      ________      ________
 SH_W1              0             0             0
 SH_W2              0             0             0
 SH_W3              0             0             0
 SH_W4              0             0             0


           THETA
              SH_W1         SH_W2         SH_W3         SH_W4
              ________      ________      ________      ________
 SH_W1              1
 SH_W2              0             2
 SH_W3              0             0             3
 SH_W4              0             0             0             4


           ALPHA
              I             S             Q
              ________      ________      ________
                  5             6             7


           BETA
              I             S             Q
              ________      ________      ________
 I                  0             0             0
 S                  0             0             0
 Q                  0             0             0


           PSI
              I             S             Q
              ________      ________      ________
 I                  8
 S                  9            10
 Q                 11            12            13


     STARTING VALUES


           NU
              SH_W1         SH_W2         SH_W3         SH_W4
              ________      ________      ________      ________
                0.000         0.000         0.000         0.000


           LAMBDA
              I             S             Q
              ________      ________      ________
 SH_W1          1.000         0.000         0.000
 SH_W2          1.000         0.500         0.250
 SH_W3          1.000         1.500         2.250
 SH_W4          1.000         2.500         6.250


           THETA
              SH_W1         SH_W2         SH_W3         SH_W4
              ________      ________      ________      ________
 SH_W1          0.262
 SH_W2          0.000         0.269
 SH_W3          0.000         0.000         0.371
 SH_W4          0.000         0.000         0.000         0.421


           ALPHA
              I             S             Q
              ________      ________      ________
                0.196         0.163        -0.036


           BETA
              I             S             Q
              ________      ________      ________
 I              0.000         0.000         0.000
 S              0.000         0.000         0.000
 Q              0.000         0.000         0.000


           PSI
              I             S             Q
              ________      ________      ________
 I              0.403
 S              0.000         2.992
 Q              0.000         0.000         0.865


TECHNICAL 4 OUTPUT


     ESTIMATES DERIVED FROM THE MODEL


           ESTIMATED MEANS FOR THE LATENT VARIABLES
              I             S             Q
              ________      ________      ________
                0.224         0.112        -0.018


           S.E. FOR ESTIMATED MEANS FOR THE LATENT VARIABLES
              I             S             Q
              ________      ________      ________
                0.029         0.043         0.017


           EST./S.E. FOR ESTIMATED MEANS FOR THE LATENT VARIABLES
              I             S             Q
              ________      ________      ________
                7.829         2.623        -1.058


           TWO-TAILED P-VALUE FOR ESTIMATED MEANS FOR THE LATENT VARIABLES
              I             S             Q
              ________      ________      ________
                0.000         0.009         0.290


           ESTIMATED COVARIANCE MATRIX FOR THE LATENT VARIABLES
              I             S             Q
              ________      ________      ________
 I              0.180
 S              0.044         0.156
 Q             -0.019        -0.059         0.033


           S.E. FOR ESTIMATED COVARIANCE MATRIX FOR THE LATENT VARIABLES
              I             S             Q
              ________      ________      ________
 I              0.084
 S              0.144         0.286
 Q              0.047         0.099         0.038


           EST./S.E. FOR ESTIMATED COVARIANCE MATRIX FOR THE LATENT VARIABLES
              I             S             Q
              ________      ________      ________
 I              2.144
 S              0.303         0.545
 Q             -0.409        -0.602         0.867


           TWO-TAILED P-VALUE FOR ESTIMATED COVARIANCE MATRIX FOR THE LATENT VARIABLES
              I             S             Q
              ________      ________      ________
 I              0.032
 S              0.762         0.586
 Q              0.682         0.547         0.386


           ESTIMATED CORRELATION MATRIX FOR THE LATENT VARIABLES
              I             S             Q
              ________      ________      ________
 I              1.000
 S              0.260         1.000
 Q             -0.250        -0.825         1.000


           S.E. FOR ESTIMATED CORRELATION MATRIX FOR THE LATENT VARIABLES
              I             S             Q
              ________      ________      ________
 I              0.000
 S              1.129         0.000
 Q              0.753         0.194         0.000


           EST./S.E. FOR ESTIMATED CORRELATION MATRIX FOR THE LATENT VARIABLES
              I             S             Q
              ________      ________      ________
 I            999.000
 S              0.230       999.000
 Q             -0.332        -4.255       999.000


           TWO-TAILED P-VALUE FOR ESTIMATED CORRELATION MATRIX FOR THE LATENT VARIABLES
              I             S             Q
              ________      ________      ________
 I              0.000
 S              0.818         0.000
 Q              0.740         0.000         0.000


DIAGRAM INFORMATION

  Use View Diagram under the Diagram menu in the Mplus Editor to view the diagram.
  If running Mplus from the Mplus Diagrammer, the diagram opens automatically.

  Diagram output
    c:\users\kylenick\onedrive - university of north carolina at chapel hill\dorothy\ipa\paper_1_ace_sv\mplus files\late

     Beginning Time:  12:57:53
        Ending Time:  12:57:53
       Elapsed Time:  00:00:00



MUTHEN & MUTHEN
3463 Stoner Ave.
Los Angeles, CA  90066

Tel: (310) 391-9971
Fax: (310) 391-8971
Web: www.StatModel.com
Support: Support@StatModel.com

Copyright (c) 1998-2019 Muthen & Muthen
